1:
none
2:
X=a
Y=b
.
3:
X=a
Y=(k b c)
.
4:
X=()
Y=(g ())
.
5:
none
6:
R=()
S=()
X=(q ())
Y=(q ())
.
7:
.
8:
X=a
Y=(r b c)
.
9:
S=()
X=(q (r ()))
.
10:
none
11:
X=(g ())
Y=a
Z=()
.
12:
A=(g ())
B=()
.
13:
none
14:
none
15:
P=(r (z))
Q=(z)
Z=(g (z))
.
16:
A=()
B=(h ())
X=(h ())
.
17:
A=(f (f ()))
B=(f ())
C=()
.
18:
A=(f ())
B=()
C=(g (f ()))
.
19:
A=()
B=()
X=(f ())
.
20:
A=()
B=()
X=()
Y=()
.
21:
none
22:
none
23:
none
24:
none
25:
Q=()
Z=()
.
26:
A=()
B=()
C=()
X=()
Y=()
Z=()
.
27:
A=()
B=(h ())
X=(h ())
.
28:
A=(b ())
B=(i ())
C=(h (b ()))
D=()
E=()
F=()
R=(d ())
X=(b ())
Y=(i ())
Z=(h (b ()))
.
29:
none
30:
none
31:
F=()
.
32:
X=a
Y=(b a)
.
33:
none
34:
X=()
Y=()
.
35:
none
36:
X=a
.
37:
X=a
Y=b
.
38:
none
39:
none
40:
X=()
Y=b
Z=()
.
41:
none
42:
X=a
Y=b
.
43:
X=a
Y=b
.
44:
.
45:
.
46:
X=(g ())
Y=()
.
47:
X=a
Y=b
.
48:
X=(g a)
.
49:
none
50:
none
51:
none
52:
none
53:
none
54:
F=(b)
.
55:
none
