1:
none
2:
none
3:
none
4:
none
5:
none
6:
none
7:
none
8:
none
9:
none
10:
none
11:
none
12:
none
13:
none
14:
none
15:
Y=(q () ())
Z=()
.
16:
none
17:
none
18:
none
19:
Z=(q c)
.
20:
none
21:
none
22:
X=()
Y=(g a a ())
.
23:
none
24:
none
25:
none
26:
none
27:
none
28:
none
29:
X=()
Z=(g () (q (f c) b (g a)))
.
30:
none
31:
none
32:
none
33:
none
34:
none
35:
none
36:
none
37:
Z=()
.
38:
none
39:
none
40:
none
41:
none
42:
none
43:
none
44:
none
45:
X=()
Y=(q () () b)
Z=()
.
46:
X=(p a)
.
47:
none
48:
none
49:
none
50:
none
51:
none
52:
none
53:
none
54:
none
55:
none
56:
Y=()
Z=(p a ())
.
57:
none
58:
none
59:
none
60:
none
61:
Y=(p a a)
.
62:
none
63:
none
64:
Z=b
.
65:
none
66:
none
67:
none
68:
none
69:
Y=a
.
70:
none
71:
none
72:
none
73:
none
74:
X=a
Z=a
.
75:
none
76:
X=()
Z=()
.
77:
none
78:
X=()
Y=(g (g (f () (f ())) (p (q b () ()) (g c () a))) (g a (p (p ()) b)) ())
Z=()
.
79:
none
80:
none
81:
none
82:
none
83:
none
84:
none
85:
none
86:
Z=a
.
87:
none
88:
none
89:
none
90:
none
91:
none
92:
Y=a
.
93:
none
94:
none
95:
none
96:
Y=()
Z=(g () a)
.
97:
none
98:
none
99:
none
100:
none
101:
none
102:
none
103:
none
104:
none
105:
none
106:
none
107:
none
108:
none
109:
none
110:
none
111:
none
112:
none
113:
none
114:
none
115:
none
116:
none
117:
none
118:
Y=(q c)
.
119:
none
120:
none
121:
X=()
Z=()
.
122:
none
123:
none
124:
none
125:
none
126:
none
127:
none
128:
none
129:
X=()
Y=(g (f b (f c ()) (q ())) ())
Z=()
.
130:
none
131:
none
132:
none
133:
none
134:
none
135:
none
136:
none
137:
none
138:
none
139:
none
140:
Z=a
.
141:
none
142:
none
143:
none
144:
X=b
.
145:
none
146:
none
147:
none
148:
none
149:
none
150:
none
151:
none
152:
none
153:
none
154:
none
155:
none
156:
none
157:
.
158:
none
159:
none
160:
none
161:
none
162:
none
163:
X=()
Y=(f (g () c) (p c a) (p a))
.
164:
none
165:
none
166:
X=()
Z=(g ())
.
167:
none
168:
X=()
Y=()
.
169:
none
170:
none
171:
none
172:
none
173:
none
174:
none
175:
none
176:
none
177:
none
178:
none
179:
none
180:
none
181:
none
182:
none
183:
none
184:
none
185:
none
186:
X=a
.
187:
none
188:
none
189:
none
190:
none
191:
none
192:
none
193:
none
194:
none
195:
none
196:
none
197:
Z=a
.
198:
none
199:
X=(g a)
.
200:
none
201:
X=(q b)
.
202:
none
203:
none
204:
Y=()
Z=()
.
205:
none
206:
none
207:
none
208:
X=(g () (g (p ())))
Y=()
Z=()
.
209:
none
210:
none
211:
none
212:
none
213:
none
214:
none
215:
none
216:
Y=()
Z=(p (p ()))
.
217:
none
218:
none
219:
none
220:
none
221:
none
222:
none
223:
none
224:
X=(q (g ()) (g a ()))
Y=()
Z=()
.
225:
none
226:
none
227:
none
228:
none
229:
Z=b
.
230:
none
231:
Y=()
Z=(f ())
.
232:
none
233:
none
234:
none
235:
none
236:
none
237:
none
238:
none
239:
Y=(g (p c))
.
240:
none
241:
none
242:
none
243:
Z=(q b)
.
244:
none
245:
none
246:
none
247:
none
248:
none
249:
none
250:
Z=c
.
251:
none
252:
X=()
Y=(f a a (f (p (q a ()))))
.
253:
none
254:
none
255:
X=(g (f (p b ()) c (q ())) b c)
Y=()
Z=()
.
256:
none
257:
none
258:
none
259:
none
260:
Y=()
Z=(f (f (q (g ()))))
.
261:
X=b
.
262:
X=a
.
263:
none
264:
none
265:
none
266:
none
267:
none
268:
none
269:
none
270:
none
271:
none
272:
none
273:
none
274:
none
275:
X=()
Z=(q ())
.
276:
none
277:
none
278:
none
279:
none
280:
none
281:
none
282:
none
283:
none
284:
none
285:
none
286:
none
287:
none
288:
none
289:
none
290:
none
291:
Z=c
.
292:
none
293:
X=(f (p () (g c b ())) () a)
Y=()
Z=()
.
294:
none
295:
none
296:
X=(q b)
.
297:
none
298:
X=(f c (p ()))
Z=()
.
299:
none
300:
none
301:
none
302:
none
303:
X=a
.
304:
none
305:
none
306:
none
307:
X=a
.
308:
X=()
Y=(f (f (g () (f b) ())) ())
Z=()
.
309:
none
310:
none
311:
none
312:
none
313:
Y=()
.
314:
X=(p (q b) b ())
Z=()
.
315:
none
316:
none
317:
X=()
Y=()
Z=(p (p (f () c (f () a a)) (g (g () () c))))
.
318:
none
319:
none
320:
none
321:
none
322:
none
323:
none
324:
none
325:
none
326:
none
327:
none
328:
X=()
Y=()
Z=(g (p ()) (q b) (p () a))
.
329:
none
330:
X=c
.
331:
none
332:
X=(g (p (p c) (g () ()) c))
Y=()
Z=()
.
333:
X=(g (q (f a b) c (q (f a))) (p ()))
Z=()
.
334:
none
335:
none
336:
none
337:
none
338:
none
339:
none
340:
none
341:
none
342:
none
343:
none
344:
none
345:
none
346:
X=()
Y=()
.
347:
Y=(q b a (p b a b))
.
348:
none
349:
X=()
Y=()
Z=(q (g (p () (g () c c) (g () b)) (g b c b)) (f (q (p ())) ()) ())
.
350:
none
351:
Z=(f b)
.
352:
none
353:
none
354:
Y=(q () b)
Z=()
.
355:
none
356:
none
357:
none
358:
none
359:
none
360:
X=(q () (g ()) c)
Z=()
.
361:
none
362:
Y=()
.
363:
none
364:
none
365:
Y=(g (p ()))
Z=()
.
366:
none
367:
none
368:
none
369:
none
370:
X=(g () c)
Z=()
.
371:
none
372:
none
373:
none
374:
X=()
.
375:
none
376:
none
377:
X=()
Y=()
Z=(g (q b (g c b) (p ())) ())
.
378:
none
379:
none
380:
none
381:
none
382:
none
383:
X=()
Y=(g (p () ()))
.
384:
none
385:
none
386:
none
387:
none
388:
Z=c
.
389:
none
390:
none
391:
none
392:
none
393:
none
394:
none
395:
none
396:
none
397:
none
398:
none
399:
none
400:
none
401:
none
402:
none
403:
none
404:
none
405:
none
406:
none
407:
X=c
.
408:
X=(q b)
.
409:
none
410:
none
411:
none
412:
none
413:
none
414:
X=a
.
415:
none
416:
none
417:
none
418:
none
419:
none
420:
none
421:
none
422:
none
423:
none
424:
none
425:
none
426:
none
427:
none
428:
Y=()
Z=()
.
429:
none
430:
none
431:
none
432:
none
433:
none
434:
none
435:
none
436:
none
437:
none
438:
X=(f ())
Y=()
.
439:
none
440:
none
441:
none
442:
Y=(q b)
.
443:
none
444:
none
445:
none
446:
none
447:
none
448:
none
449:
none
450:
none
451:
none
452:
none
453:
none
454:
Y=a
.
455:
none
456:
Z=a
.
457:
none
458:
none
459:
none
460:
none
461:
none
462:
none
463:
none
464:
none
465:
X=()
Y=()
.
466:
Y=()
Z=()
.
467:
none
468:
none
469:
none
470:
X=()
Y=(f (q () (f (q a ()) (q b))) b)
.
471:
none
472:
.
473:
none
474:
none
475:
Y=()
Z=(f (q (q (q c)) (f c)) (q ()))
.
476:
none
477:
none
478:
none
479:
none
480:
none
481:
none
482:
none
483:
none
484:
none
485:
none
486:
none
487:
none
488:
none
489:
none
490:
X=()
Y=(g () (q c ()) (f b b a))
.
491:
X=(g b b)
.
492:
none
493:
none
494:
none
495:
none
496:
none
497:
none
498:
none
499:
none
500:
none
501:
X=()
.
502:
none
503:
none
504:
none
505:
none
506:
none
507:
none
508:
X=a
.
509:
none
510:
none
511:
none
512:
none
513:
none
514:
none
515:
X=()
.
516:
none
517:
none
518:
none
519:
Y=(f b c)
.
520:
none
521:
none
522:
none
523:
none
524:
X=(q () () (p c a b))
Y=()
Z=()
.
525:
none
526:
X=(p b (p c (p ()) (f () ())) (g c (f a)))
Y=()
Z=()
.
527:
none
528:
none
529:
none
530:
none
531:
none
532:
none
533:
none
534:
none
535:
Y=()
Z=()
.
536:
none
537:
Y=(g (q c) ())
Z=()
.
538:
none
539:
X=(p () b)
Y=()
.
540:
none
541:
none
542:
Y=a
.
543:
Z=b
.
544:
none
545:
none
546:
none
547:
none
548:
none
549:
none
550:
none
551:
none
552:
none
553:
none
554:
none
555:
none
556:
none
557:
Y=c
.
558:
none
559:
none
560:
none
561:
none
562:
none
563:
none
564:
none
565:
none
566:
none
567:
Z=b
.
568:
none
569:
none
570:
.
571:
Z=c
.
572:
X=(p b a c)
.
573:
X=(g a c)
.
574:
none
575:
none
576:
none
577:
none
578:
none
579:
none
580:
none
581:
none
582:
none
583:
Y=b
.
584:
none
585:
none
586:
none
587:
none
588:
none
589:
none
590:
none
591:
none
592:
X=(q (q (p b a) (p () b ())))
Z=()
.
593:
X=()
Z=(f ())
.
594:
none
595:
none
596:
X=()
Z=()
.
597:
none
598:
none
599:
none
600:
none
601:
Z=a
.
602:
none
603:
none
604:
none
605:
none
606:
none
607:
none
608:
none
609:
none
610:
none
611:
none
612:
none
613:
none
614:
none
615:
Y=b
.
616:
none
617:
none
618:
none
619:
none
620:
none
621:
none
622:
none
623:
none
624:
none
625:
none
626:
none
627:
none
628:
none
629:
none
630:
none
631:
none
632:
none
633:
none
634:
none
635:
none
636:
Z=(p c)
.
637:
none
638:
none
639:
none
640:
none
641:
none
642:
none
643:
none
644:
none
645:
X=(q a)
.
646:
none
647:
none
648:
none
649:
none
650:
none
651:
none
652:
X=()
.
653:
none
654:
none
655:
Y=()
Z=(f c ())
.
656:
none
657:
none
658:
Y=b
.
659:
none
660:
none
661:
none
662:
none
663:
none
664:
none
665:
none
666:
Z=(q a)
.
667:
none
668:
none
669:
none
670:
none
671:
Z=a
.
672:
none
673:
none
674:
none
675:
none
676:
none
677:
none
678:
none
679:
none
680:
none
681:
none
682:
none
683:
none
684:
X=()
Y=(q c ())
.
685:
X=c
.
686:
none
687:
none
688:
none
689:
none
690:
none
691:
Z=(p b)
.
692:
none
693:
none
694:
none
695:
none
696:
none
697:
none
698:
none
699:
none
700:
none
701:
Y=()
Z=(f c c ())
.
702:
X=b
.
703:
X=(p (q (g (q (p a a)))) (g (f c)))
.
704:
none
705:
none
706:
none
707:
none
708:
none
709:
Y=a
.
710:
none
711:
none
712:
none
713:
none
714:
none
715:
none
716:
none
717:
none
718:
X=()
Y=(f (f ()))
.
719:
none
720:
none
721:
none
722:
none
723:
none
724:
none
725:
none
726:
X=()
Y=(p (q () c c) (f b))
.
727:
none
728:
none
729:
none
730:
none
731:
.
732:
none
733:
none
734:
X=(g b ())
Y=()
.
735:
none
736:
none
737:
none
738:
none
739:
none
740:
Z=(g (f a))
.
741:
none
742:
none
743:
none
744:
none
745:
none
746:
none
747:
none
748:
none
749:
none
750:
none
751:
none
752:
X=c
.
753:
none
754:
none
755:
none
756:
X=()
Y=(f () () ())
.
757:
none
758:
none
759:
none
760:
.
761:
X=(g a b)
.
762:
none
763:
none
764:
none
765:
X=()
Y=(g c c ())
.
766:
none
767:
none
768:
none
769:
none
770:
none
771:
Z=(q a a)
.
772:
none
773:
none
774:
none
775:
X=(f () a)
Y=()
.
776:
none
777:
X=()
Z=()
.
778:
none
779:
none
780:
none
781:
none
782:
none
783:
X=()
Z=(p (g ()))
.
784:
none
785:
none
786:
none
787:
X=()
Y=(q c () ())
Z=()
.
788:
none
789:
none
790:
none
791:
none
792:
none
793:
none
794:
none
795:
Y=a
.
796:
none
797:
none
798:
none
799:
none
800:
none
801:
X=(g () b)
Z=()
.
802:
none
803:
none
804:
none
805:
none
806:
none
807:
none
808:
X=()
Z=()
.
809:
none
810:
none
811:
none
812:
none
813:
none
814:
none
815:
.
816:
none
817:
X=()
Y=()
Z=(g () (q () (f (q () a))) (f (p (f c) b)))
.
818:
none
819:
none
820:
X=()
.
821:
none
822:
none
823:
none
824:
none
825:
none
826:
none
827:
none
828:
none
829:
X=()
Y=(f (f (g (g c)) (q c (g () b)) ()))
Z=()
.
830:
none
831:
none
832:
none
833:
none
834:
none
835:
Z=(p b)
.
836:
none
837:
none
838:
none
839:
X=(q ())
Y=()
.
840:
X=c
Y=a
.
841:
X=b
.
842:
none
843:
none
844:
none
845:
none
846:
none
847:
none
848:
none
849:
none
850:
none
851:
none
852:
none
853:
none
854:
none
855:
none
856:
X=(q b a)
.
857:
X=()
Z=()
.
858:
Z=b
.
859:
none
860:
none
861:
none
862:
none
863:
X=()
Y=(f (g c c ()) c)
.
864:
none
865:
none
866:
none
867:
none
868:
none
869:
none
870:
none
871:
none
872:
none
873:
none
874:
none
875:
none
876:
none
877:
none
878:
none
879:
none
880:
none
881:
none
882:
none
883:
none
884:
none
885:
none
886:
none
887:
none
888:
none
889:
none
890:
none
891:
none
892:
none
893:
none
894:
none
895:
none
896:
X=c
.
897:
none
898:
none
899:
none
900:
X=()
Z=(p (q c () a) (q ()))
.
901:
none
902:
none
903:
Y=(p c b)
.
904:
none
905:
none
906:
none
907:
X=(p () ())
Y=()
.
908:
none
909:
none
910:
X=()
Z=()
.
911:
none
912:
none
913:
none
914:
none
915:
none
916:
none
917:
none
918:
none
919:
none
920:
none
921:
none
922:
none
923:
none
924:
none
925:
none
926:
none
927:
X=()
Z=(q () ())
.
928:
none
929:
none
930:
Y=()
Z=(f (q (p (f (p a)))) ())
.
931:
none
932:
none
933:
Y=()
Z=(g ())
.
934:
X=a
.
935:
none
936:
X=()
Z=(f a () a)
.
937:
none
938:
none
939:
none
940:
none
941:
none
942:
Z=(q (q a (q b) c))
.
943:
none
944:
Y=(p b a)
.
945:
none
946:
none
947:
none
948:
none
949:
none
950:
none
951:
none
952:
none
953:
none
954:
none
