1:
A=()
J=()
L=()
M=()
X=(h ())
Y=()
Z=()
.
2:
none
3:
X=(g ())
Y=()
.
4:
X=(g ())
Y=()
Z=()
.
5:
A=()
B=()
C=()
D=()
W=()
X=()
Y=()
Z=()
.
6:
A=()
B=(h () ())
X=(g (h () ()))
.
7:
X=(g ())
Y=()
.
8:
none
9:
none
10:
none
11:
A=(g (h ()))
X=()
Y=()
.
12:
R=()
S=()
T=()
U=()
X=()
Y=()
Z=()
.
13:
none
14:
A=()
B=()
C=()
X=()
Y=()
Z=()
.
15:
none
16:
none
17:
X=()
Y=(g (h (i (j (k ())))))
.
18:
X=()
Y=()
Z=()
.
19:
X=()
Y=()
.
20:
A=()
B=()
X=()
Y=()
.
21:
X=()
Y=()
Z=()
.
22:
X=()
Y=()
.
23:
A=()
B=()
X=()
.
24:
none
25:
none
26:
X=()
Y=()
.
27:
A=()
B=()
C=()
X=()
Y=()
Z=()
.
28:
none
29:
none
30:
A=()
B=()
X=()
Y=()
.
