1:
none
2:
none
3:
none
4:
none
5:
none
6:
none
7:
none
8:
none
9:
none
10:
none
11:
X=(g (p b c) (g (q (f () ()) (p a)) (p ())) (q (g (p () b ()))))
Y=()
Z=()
.
12:
none
13:
none
14:
none
15:
none
16:
none
17:
X=()
Y=(q (f (g b () (p () c))))
.
18:
none
19:
none
20:
none
21:
X=(g (g a))
.
22:
none
23:
none
24:
none
25:
none
26:
none
27:
none
28:
Y=(g a () (q () (q a) (g b c)))
Z=()
.
29:
none
30:
none
31:
none
32:
none
33:
none
34:
none
35:
none
36:
none
37:
none
38:
none
39:
none
40:
none
41:
none
42:
none
43:
Z=b
.
44:
none
45:
none
46:
none
47:
none
48:
none
49:
none
50:
none
51:
none
52:
Y=(p (f b) (q b) (f c))
.
53:
X=(p (q (g c c b)) b ())
Y=()
.
54:
none
55:
none
56:
none
57:
none
58:
Y=(p c a)
.
59:
Y=()
Z=(g () () c)
.
60:
none
61:
none
62:
none
63:
Y=b
.
64:
X=b
.
65:
none
66:
X=()
Z=(q (f ()))
.
67:
none
68:
Z=(f a)
.
69:
none
70:
none
71:
none
72:
none
73:
none
74:
none
75:
none
76:
none
77:
none
78:
none
79:
Z=a
.
80:
none
81:
none
82:
none
83:
none
84:
Y=()
Z=(g ())
.
85:
none
86:
none
87:
X=(g a a)
.
88:
none
89:
none
90:
none
91:
none
92:
none
93:
Z=c
.
94:
none
95:
none
96:
none
97:
none
98:
none
99:
none
100:
none
101:
none
102:
none
103:
none
104:
none
105:
none
106:
none
107:
none
108:
none
109:
Y=(p ())
Z=()
.
110:
none
111:
X=(g (g a c ()) () (f () ()))
Y=()
Z=()
.
112:
Z=c
.
113:
none
114:
none
115:
none
116:
none
117:
none
118:
none
119:
none
120:
none
121:
none
122:
none
123:
none
124:
none
125:
none
126:
none
127:
none
128:
none
129:
none
130:
none
131:
none
132:
none
133:
none
134:
none
135:
X=b
.
136:
none
137:
none
138:
none
139:
X=c
.
140:
none
141:
none
142:
X=(p a)
.
143:
none
144:
none
145:
none
146:
none
147:
none
148:
none
149:
none
150:
none
151:
none
152:
none
153:
none
154:
none
155:
none
156:
none
157:
none
158:
Z=(f b)
.
159:
Y=(q (q () b b))
Z=()
.
160:
none
161:
none
162:
none
163:
none
164:
Z=a
.
165:
none
166:
none
167:
none
168:
none
169:
none
170:
none
171:
none
172:
none
173:
none
174:
none
175:
none
176:
none
177:
none
178:
none
179:
Z=(f c c)
.
180:
none
181:
none
182:
none
183:
none
184:
none
185:
none
186:
none
187:
none
188:
none
189:
none
190:
none
191:
X=()
Z=(f b ())
.
192:
none
193:
none
194:
none
195:
none
196:
none
197:
none
198:
none
199:
none
200:
Y=b
.
201:
none
202:
none
203:
Z=(q a)
.
204:
none
205:
none
206:
none
207:
none
208:
none
209:
none
210:
none
211:
none
212:
none
213:
none
214:
none
215:
none
216:
none
217:
X=(q (g (g (f b a a)) b) (p (f a (q ()))))
Y=()
.
218:
none
219:
none
220:
none
221:
none
222:
X=a
.
223:
none
224:
none
225:
none
226:
none
227:
none
228:
none
229:
none
230:
none
231:
none
232:
none
233:
none
234:
none
235:
Y=b
.
236:
none
237:
none
238:
none
239:
none
240:
none
241:
none
242:
none
243:
none
244:
none
245:
none
246:
none
247:
none
248:
none
249:
Z=b
.
250:
Z=a
.
251:
none
252:
none
253:
none
254:
none
255:
none
256:
Y=()
Z=(f () c)
.
257:
X=(g ())
Z=()
.
258:
none
259:
none
260:
X=c
.
261:
none
262:
none
263:
none
264:
none
265:
none
266:
none
267:
none
268:
Z=c
.
269:
none
270:
none
271:
none
272:
none
273:
none
274:
Y=(f (q ()) (f () () ()))
Z=()
.
275:
X=()
Y=(q () () a)
.
276:
none
277:
none
278:
none
279:
none
280:
none
281:
Y=()
Z=(f c a ())
.
282:
none
283:
Y=b
.
284:
none
285:
none
286:
none
287:
none
288:
none
289:
X=()
Y=()
.
290:
none
291:
none
292:
Y=()
Z=(f ())
.
293:
Y=(q ())
Z=()
.
294:
none
295:
none
296:
none
297:
none
298:
none
299:
none
300:
none
301:
none
302:
none
303:
none
304:
none
305:
none
306:
none
307:
none
308:
none
309:
none
310:
Y=()
.
311:
none
312:
none
313:
none
314:
none
315:
none
316:
none
317:
none
318:
none
319:
none
320:
none
321:
none
322:
Y=a
.
323:
none
324:
X=a
.
325:
none
326:
none
327:
none
328:
Y=(q a b)
.
329:
none
330:
none
331:
none
332:
none
333:
none
334:
none
335:
none
336:
Y=(p c)
Z=(g (p c) a)
.
337:
none
338:
none
339:
none
340:
none
341:
none
342:
none
343:
none
344:
none
345:
none
346:
none
347:
X=()
Z=()
.
348:
none
349:
none
350:
none
351:
none
352:
Z=c
.
353:
none
354:
none
355:
none
356:
none
357:
none
358:
none
359:
none
360:
Y=()
Z=()
.
361:
X=a
.
362:
none
363:
none
364:
none
365:
none
366:
none
367:
X=c
.
368:
none
369:
Y=(q (f (f b)) (p a (g () a b)))
Z=()
.
370:
none
371:
Z=b
.
372:
none
373:
Y=(q a a)
.
374:
none
375:
Y=(q c)
.
376:
none
377:
none
378:
none
379:
none
380:
none
381:
none
382:
X=(f (f () ()) (q b c))
Z=()
.
383:
none
384:
none
385:
none
386:
none
387:
none
388:
none
389:
none
390:
none
391:
none
392:
Z=(g a)
.
393:
none
394:
none
395:
none
396:
none
397:
none
398:
Z=(g b)
.
399:
none
400:
X=()
Z=()
.
401:
none
402:
Z=(p b)
.
403:
none
404:
none
405:
none
406:
none
407:
none
408:
none
409:
X=()
Z=(g a () a)
.
410:
none
411:
none
412:
none
413:
none
414:
none
415:
none
416:
X=()
Y=(p (p a c) () (q b c b))
.
417:
none
418:
none
419:
none
420:
none
421:
none
422:
none
423:
none
424:
none
425:
none
426:
.
427:
none
428:
none
429:
none
430:
none
431:
none
432:
none
433:
X=()
Z=()
.
434:
none
435:
none
436:
none
437:
none
438:
none
439:
Y=(g a c)
.
440:
none
441:
Z=c
.
442:
none
443:
none
444:
X=c
Y=()
Z=(p (p () () c) a)
.
445:
none
446:
none
447:
none
448:
none
449:
none
450:
none
451:
X=(f (f (f b) (g a ()) (f () a a)))
Y=()
.
452:
Y=()
Z=()
.
453:
none
454:
none
455:
X=()
.
456:
X=()
Y=(g b ())
.
457:
none
458:
none
459:
none
460:
none
461:
none
462:
none
463:
none
464:
none
465:
none
466:
Y=a
.
467:
none
468:
none
469:
none
470:
none
471:
none
472:
X=(f c b)
.
473:
none
474:
none
475:
none
476:
none
477:
none
478:
none
479:
none
480:
none
481:
none
482:
X=(p (q a ()) (g a))
Z=()
.
483:
none
484:
none
485:
none
486:
none
487:
none
488:
X=(p c)
.
489:
none
490:
X=(g a c)
.
491:
none
492:
none
493:
none
494:
none
495:
none
496:
none
497:
none
498:
Y=(g ())
Z=()
.
499:
Y=()
Z=(q (q a b b) (p a) (g ()))
.
500:
none
501:
X=(g b)
.
502:
Y=()
Z=(q c (q a) (g () a))
.
503:
none
504:
none
505:
none
506:
none
507:
Y=()
Z=(f b c ())
.
508:
none
509:
none
510:
none
511:
none
512:
none
513:
none
514:
none
515:
none
516:
none
517:
none
518:
Y=(q a)
.
519:
none
520:
none
521:
.
522:
none
523:
Z=(q c)
.
524:
none
525:
none
526:
Y=(f b)
.
527:
Y=a
.
528:
none
529:
none
530:
Z=()
.
531:
none
532:
none
533:
none
534:
X=(p b)
.
535:
none
536:
X=()
Y=(g ())
.
537:
none
538:
none
539:
X=()
.
540:
none
541:
none
542:
Z=(f c)
.
543:
none
544:
none
545:
none
546:
none
547:
none
548:
none
549:
none
550:
none
551:
none
552:
none
553:
none
554:
X=()
Z=()
.
555:
Y=()
Z=()
.
556:
none
557:
none
558:
none
559:
none
560:
none
561:
none
562:
none
563:
none
564:
none
565:
none
566:
none
567:
none
568:
none
569:
none
570:
none
571:
none
572:
none
573:
Y=()
.
574:
none
575:
none
576:
none
577:
none
578:
none
579:
none
580:
none
581:
X=(g (f () a) (p a ()) (p ()))
Y=()
Z=()
.
582:
X=()
Y=()
Z=(f (q (p ()) (q a) (g a c ())) (p () b))
.
583:
none
584:
none
585:
none
586:
none
587:
none
588:
none
589:
none
590:
none
591:
none
592:
Y=()
Z=()
.
593:
none
594:
X=()
Y=()
Z=(f (f (g () () b) (f a a b) ()) (p (q ())))
.
595:
none
596:
none
597:
none
598:
none
599:
none
600:
none
601:
none
602:
none
603:
X=(g a c b)
.
604:
none
605:
none
606:
none
607:
.
608:
none
609:
none
610:
none
611:
none
612:
none
613:
none
614:
none
615:
X=(f ())
Y=()
.
616:
none
617:
none
618:
none
619:
X=(p (f c) (g (f b) (q () b)))
Z=()
.
620:
none
621:
none
622:
none
623:
none
624:
none
625:
none
626:
none
627:
none
628:
none
629:
none
630:
none
631:
none
632:
none
633:
none
634:
none
635:
none
636:
none
637:
none
638:
.
639:
none
640:
none
641:
X=()
Y=(q (q (g (g a) ()) c))
.
642:
X=(q (p b))
.
643:
none
644:
none
645:
none
646:
none
647:
none
648:
none
649:
none
650:
none
651:
none
652:
none
653:
none
654:
none
655:
none
656:
none
657:
none
658:
none
659:
none
660:
none
661:
none
662:
Z=a
.
663:
none
664:
none
665:
none
666:
Y=a
.
667:
X=()
Z=()
.
668:
none
669:
none
670:
none
671:
none
672:
none
673:
none
674:
none
675:
none
676:
none
677:
none
678:
X=c
.
679:
X=()
Y=()
Z=(p c () ())
.
680:
none
681:
none
682:
none
683:
X=(g a () c)
Y=()
.
684:
none
685:
none
686:
none
687:
none
688:
none
689:
none
690:
none
691:
none
692:
Y=a
.
693:
none
694:
none
695:
none
