1:
none
2:
X=()
Y=()
.
3:
none
4:
Y=()
Z=(q (g b () b))
.
5:
none
6:
none
7:
X=c
.
8:
X=()
Y=(p (p a) (q () (g (f (g a) (q b) (g b a ())) c (f (f c a ()) (p c) (g b a a)))) ())
Z=()
.
9:
none
10:
none
11:
none
12:
none
13:
none
14:
none
15:
none
16:
X=a
.
17:
none
18:
none
19:
none
20:
X=(q a c ())
Z=()
.
21:
none
22:
none
23:
none
24:
none
25:
none
26:
none
27:
none
28:
X=(f a b)
.
29:
none
30:
none
31:
none
32:
X=(f b a)
.
33:
X=()
Z=()
.
34:
none
35:
none
36:
none
37:
none
38:
none
39:
X=a
.
40:
.
41:
none
42:
none
43:
X=(f ())
Y=()
.
44:
none
45:
none
46:
none
47:
X=()
Y=(f (f () a ()))
Z=()
.
48:
Y=a
.
49:
none
50:
X=(f c)
.
51:
Z=c
.
52:
none
53:
X=()
Y=()
Z=(p (q (f c)) (f (p (q c) (p () c a) (p c))) (q (g () (p () ())) b ()))
.
54:
none
55:
none
56:
none
57:
X=()
Y=(q () ())
Z=()
.
58:
none
59:
Y=b
.
60:
none
61:
none
62:
none
63:
none
64:
none
65:
none
66:
none
67:
none
68:
none
69:
none
70:
none
71:
X=()
.
72:
none
73:
none
74:
none
75:
none
76:
X=()
Z=()
.
77:
none
78:
none
79:
none
80:
none
81:
none
82:
none
83:
none
84:
none
85:
none
86:
Y=(f (f ()))
Z=()
.
87:
none
88:
none
89:
none
90:
none
91:
none
92:
none
93:
none
94:
none
95:
none
96:
none
97:
none
98:
X=()
Z=(q (g (f ())) c b)
.
99:
.
100:
X=()
Y=(g ())
.
101:
X=()
Y=(f a c (g ()))
.
102:
none
103:
none
104:
none
105:
Z=c
.
106:
none
107:
none
108:
none
109:
Y=(q b)
.
110:
none
111:
Y=()
Z=(q (f ()) ())
.
112:
X=()
Y=(p (f () (q (f (g b a ())) (p (g ()) () (f ())) (q (f ())))))
Z=()
.
113:
none
114:
none
115:
none
116:
X=b
.
117:
none
118:
X=()
Y=(p (q (q () (g a c ())) (g (f () c) (g () () ()) (q c))) (p (g (p b) ()) (g (f c a) b)))
.
119:
none
120:
none
121:
none
122:
none
123:
none
124:
none
125:
none
126:
none
127:
none
128:
none
129:
X=()
Z=()
.
130:
none
131:
none
132:
none
133:
none
134:
none
135:
none
136:
none
137:
none
138:
none
139:
none
140:
none
141:
none
142:
none
143:
none
144:
none
145:
none
146:
none
147:
none
148:
none
149:
none
150:
none
151:
none
152:
none
153:
none
154:
none
155:
none
156:
none
157:
none
158:
X=(q b)
.
159:
Z=()
.
160:
none
161:
Y=(p () (q a))
Z=()
.
162:
none
163:
none
164:
none
165:
Y=b
.
