1:
none
2:
Y=(g (p (f c)))
.
3:
X=(q a)
.
4:
Y=()
Z=(q ())
.
5:
X=a
.
6:
none
7:
none
8:
none
9:
none
10:
none
11:
none
12:
none
13:
none
14:
X=b
.
15:
none
16:
none
17:
none
18:
none
19:
none
20:
none
21:
none
22:
Y=()
Z=(f (f c (q (q ()) (q a b))))
.
23:
none
24:
none
25:
none
26:
X=a
.
27:
none
28:
none
29:
X=(f b (p (f a)) (g (q b a b) b (g b)))
.
30:
none
31:
none
32:
none
33:
none
34:
none
35:
none
36:
none
37:
none
38:
X=a
.
39:
none
40:
none
41:
none
42:
none
43:
none
44:
none
45:
X=(p c)
.
46:
none
47:
none
48:
none
49:
none
50:
X=(p (p (f a)) a)
.
51:
none
52:
none
53:
none
54:
none
55:
none
56:
none
57:
none
58:
none
59:
none
60:
none
61:
none
62:
none
63:
none
64:
none
65:
none
66:
none
67:
none
68:
none
69:
X=()
.
70:
none
71:
none
72:
none
73:
none
74:
none
75:
none
76:
none
77:
none
78:
none
79:
none
80:
Y=(q c (q a))
.
81:
Y=()
Z=(q (f (p (p ()) (q b b))))
.
82:
none
83:
Y=b
.
84:
none
85:
none
86:
none
87:
none
88:
none
89:
none
90:
none
91:
none
92:
none
93:
none
94:
none
95:
none
96:
none
97:
none
98:
X=(g a () (g (g () ())))
Y=()
Z=()
.
99:
Y=()
Z=(q c a ())
.
100:
none
101:
X=()
Y=()
.
102:
X=()
Y=()
.
103:
none
104:
none
105:
Z=a
.
106:
none
107:
none
108:
none
109:
X=()
Y=(g (f (p (p ()) c) a b) (g b (q (f c c)) (g (p () ()) b (f b () ()))) (q (f b (g () ()) (g c)) (q (q () ())) (g a)))
Z=()
.
110:
none
111:
none
112:
none
113:
none
114:
none
115:
none
116:
none
117:
none
118:
none
119:
none
120:
none
121:
none
122:
none
123:
none
124:
Y=(p ())
Z=()
.
125:
none
126:
none
127:
none
128:
none
129:
Y=(f () (q a))
Z=()
.
130:
none
131:
X=()
.
132:
none
133:
none
134:
none
135:
none
136:
none
137:
none
138:
none
139:
none
140:
X=(g (f (p (q () ()))))
Z=()
.
141:
none
142:
none
143:
none
144:
none
145:
none
146:
none
147:
none
148:
none
149:
Z=a
.
150:
none
151:
none
152:
none
153:
none
154:
X=()
Z=(q () ())
.
155:
X=()
Z=(p (p b) ())
.
156:
.
157:
none
158:
none
159:
none
160:
X=(p () () (f (p () () c)))
Y=()
Z=()
.
161:
none
162:
none
163:
none
164:
none
165:
none
166:
none
167:
none
168:
none
169:
none
170:
none
171:
none
172:
none
173:
none
174:
Z=b
.
175:
none
176:
none
177:
none
178:
none
179:
none
180:
Z=(q c (q b))
.
181:
none
182:
none
183:
none
184:
none
185:
none
186:
X=(p (q (q c (f () ()))))
Y=()
Z=()
.
187:
none
188:
none
189:
none
190:
none
191:
none
192:
none
193:
none
194:
none
195:
none
196:
none
197:
none
198:
none
199:
none
200:
none
201:
none
202:
none
203:
none
204:
X=()
Z=(g (f ()))
.
205:
Y=a
.
206:
none
207:
X=()
Y=()
Z=(q (g (f (p a (g c b)) c) (p (f (f c) ()) () (f (f () ()) (p ()) b)) ()) (g (f ())))
.
208:
none
209:
none
210:
Y=b
.
211:
none
212:
none
213:
none
214:
none
215:
none
216:
none
217:
Z=b
.
218:
none
219:
none
220:
none
221:
none
222:
none
223:
none
224:
Z=a
.
225:
none
226:
none
227:
none
228:
none
229:
none
230:
none
231:
none
232:
none
233:
none
234:
none
235:
none
236:
none
237:
none
238:
Z=b
.
239:
none
240:
X=()
Y=()
.
241:
none
242:
none
243:
none
244:
none
245:
none
246:
none
247:
none
248:
none
249:
none
250:
none
251:
none
252:
none
253:
Y=c
.
254:
none
255:
none
256:
none
