1:
Y=()
Z=(g (f (g c) (q (q (f () c) (p () ()))) ()))
.
2:
none
3:
none
4:
none
5:
X=(p (q () c) c)
Y=()
.
6:
none
7:
none
8:
none
9:
none
10:
none
11:
none
12:
none
13:
none
14:
none
15:
none
16:
none
17:
none
18:
none
19:
X=a
.
20:
none
21:
none
22:
none
23:
none
24:
none
25:
none
26:
none
27:
none
28:
none
29:
none
30:
none
31:
none
32:
none
33:
X=(p b)
.
34:
none
35:
none
36:
none
37:
none
38:
none
39:
none
40:
none
41:
none
42:
none
43:
none
44:
none
45:
none
46:
none
47:
none
48:
none
49:
none
50:
none
51:
none
52:
none
53:
none
54:
none
55:
none
56:
none
57:
X=(f b a)
.
58:
X=(f (q (q (q b ())) (p a (g a ()))) () (q ()))
Y=()
Z=()
.
59:
none
60:
none
61:
none
62:
X=c
.
63:
none
64:
none
65:
none
66:
none
67:
none
68:
X=(p (p (p b b a) (g c)) (g ()) (p (f b) (f b) (g c)))
Y=()
.
69:
none
70:
none
71:
none
72:
none
73:
none
74:
none
75:
Y=()
Z=()
.
76:
Z=a
.
77:
none
78:
none
79:
none
80:
none
81:
none
82:
none
83:
X=()
Y=(g ())
.
84:
X=(f (g (g (f c b) (q b) (q c () ()))))
Y=()
.
85:
none
86:
none
87:
none
88:
none
89:
none
90:
none
91:
X=()
Y=(g (g ()) (f (f (f () a c) (f c) (p ()))) (g b (p (p b))))
Z=()
.
92:
none
93:
none
94:
none
95:
none
96:
none
97:
none
98:
none
99:
none
100:
none
101:
none
102:
none
103:
none
104:
none
105:
X=()
Y=(q (p (g c)))
Z=()
.
106:
none
107:
X=c
.
108:
none
109:
none
110:
none
111:
none
112:
none
113:
none
114:
none
115:
none
116:
none
117:
none
118:
none
119:
none
120:
none
121:
none
122:
none
123:
X=(f b)
.
124:
none
125:
none
126:
none
127:
none
128:
Y=(f a)
.
129:
none
130:
none
131:
X=(g (q c))
.
132:
Z=(q (p (g c)))
.
133:
none
134:
none
135:
none
136:
Y=(p (q (q (p b c))))
.
137:
none
138:
none
139:
none
140:
none
141:
none
142:
none
143:
none
144:
X=()
Y=(g (p (q (g () a b) (g b c)) (q ())))
Z=()
.
145:
none
146:
none
147:
none
148:
none
149:
none
150:
none
151:
none
152:
none
153:
none
154:
none
155:
none
156:
none
157:
none
158:
none
159:
none
160:
none
161:
none
162:
none
163:
none
164:
none
165:
none
166:
none
167:
none
168:
none
169:
Y=()
.
170:
none
171:
none
172:
none
173:
none
174:
none
175:
none
176:
none
177:
none
178:
none
179:
none
180:
none
181:
none
182:
none
183:
none
184:
none
185:
none
186:
none
187:
none
188:
none
189:
none
190:
none
191:
none
192:
none
193:
none
194:
none
195:
none
196:
Y=b
.
197:
Z=b
.
198:
none
199:
none
200:
X=()
Y=()
Z=(g (p (g c) (p b)) (p b (f c () c)) (q (f c) (q () ())))
.
201:
none
202:
none
203:
none
204:
Y=()
Z=(p c c ())
.
205:
none
206:
none
207:
none
208:
none
209:
none
210:
Z=c
.
211:
none
212:
none
213:
none
214:
none
215:
none
216:
none
217:
none
218:
none
219:
none
220:
none
221:
none
222:
none
223:
Z=a
.
224:
none
225:
none
226:
none
227:
none
228:
X=(q ())
Z=()
.
229:
none
230:
none
231:
none
232:
none
233:
none
234:
none
235:
none
236:
none
237:
none
238:
none
239:
none
240:
X=()
Z=(f a (q (f (f a ()))))
.
241:
none
242:
none
243:
Y=()
Z=()
.
244:
none
245:
none
246:
none
247:
none
248:
.
249:
none
250:
Y=b
.
251:
none
252:
X=()
Y=(p () a)
.
253:
none
254:
X=()
Z=(g ())
.
255:
none
256:
none
257:
none
258:
none
259:
none
260:
none
261:
none
262:
none
263:
none
264:
Z=(f (f (p (g c)) (q b)))
.
265:
none
266:
none
267:
none
268:
X=(f (f (p (g c ()) () (f () ())) b) (p b))
Y=()
Z=()
.
269:
none
270:
none
271:
none
272:
Z=c
.
273:
Z=(p c)
.
274:
none
275:
none
276:
none
277:
none
278:
none
279:
X=()
Z=()
.
280:
X=()
Z=(g ())
.
281:
none
282:
none
283:
none
284:
none
285:
none
286:
none
287:
none
288:
none
289:
none
290:
none
291:
none
292:
none
293:
none
294:
Z=(g (g c c))
.
295:
none
296:
none
297:
none
298:
X=()
Y=(q (q (f () c)) (q (p a () ())))
Z=()
.
299:
none
300:
none
301:
none
302:
none
303:
none
304:
none
305:
none
306:
none
307:
none
308:
none
309:
none
310:
none
311:
none
312:
none
313:
none
314:
Y=(g b)
.
315:
none
316:
Y=()
Z=(p ())
.
317:
none
318:
none
319:
none
320:
none
321:
none
322:
Z=()
.
323:
X=()
Z=(f (g (p a a)) (p (f ())))
.
324:
none
325:
none
326:
none
327:
none
328:
none
329:
none
330:
none
331:
none
332:
none
333:
none
334:
Y=a
.
335:
none
336:
X=(g (p c))
.
337:
none
338:
none
339:
none
340:
none
341:
none
342:
none
343:
none
344:
none
345:
Z=(f (p b))
.
346:
none
347:
none
348:
none
349:
none
350:
none
351:
Z=c
.
352:
none
353:
Z=(p (p (g b c c)))
.
354:
X=(p () a b)
Z=()
.
355:
none
356:
none
357:
none
358:
none
359:
none
360:
none
361:
none
362:
none
363:
X=()
.
364:
none
365:
Y=()
Z=()
.
366:
none
367:
none
368:
none
369:
X=()
Y=(g (q (g ())) ())
.
370:
none
371:
none
372:
none
373:
none
374:
none
375:
Z=b
.
376:
none
377:
none
378:
none
379:
X=()
Y=(g (q (f a ()) b (g () a)) (q (f c)))
Z=()
.
380:
none
381:
none
382:
none
383:
none
384:
none
385:
none
386:
none
387:
Y=(f c c)
.
388:
X=()
Y=(p () a)
.
389:
none
390:
none
391:
none
392:
none
393:
none
394:
none
395:
none
396:
none
397:
none
398:
Y=b
.
399:
none
400:
Z=(g a)
.
401:
none
402:
none
403:
none
404:
none
405:
none
406:
X=()
Y=(f (f ()) c)
.
407:
none
408:
none
409:
X=(f (p (f b) (q (p (q () ()) (f a) ()))) (f (q (g (f () ())))))
Y=()
Z=()
.
410:
none
411:
none
412:
none
413:
none
414:
.
415:
none
416:
none
417:
none
418:
none
419:
none
420:
none
421:
X=(g (g a) a)
.
422:
none
423:
none
424:
none
425:
none
426:
none
427:
none
428:
none
429:
none
430:
none
431:
X=()
Y=()
Z=(p a (q () a) (q ()))
.
432:
none
433:
none
434:
Z=()
.
435:
none
436:
none
437:
none
438:
none
439:
X=(g (p b ()))
Y=()
.
440:
none
441:
none
442:
none
443:
none
444:
none
445:
none
446:
none
447:
none
448:
none
449:
X=()
Y=a
Z=(q a () c)
.
450:
none
451:
none
452:
none
453:
none
454:
none
455:
none
456:
none
457:
none
458:
none
459:
none
460:
none
461:
none
462:
Z=(g c)
.
463:
X=()
Y=()
Z=(f () () b)
.
464:
none
465:
none
466:
none
467:
none
468:
none
469:
none
470:
none
471:
X=(p (f () (q (q b) b) (g c)) b (f c (g (g () c) (g c () ()))))
Y=()
Z=()
.
472:
none
473:
Y=a
.
474:
none
475:
none
476:
none
477:
none
478:
none
479:
Z=()
.
480:
none
481:
none
482:
none
483:
X=()
Z=()
.
484:
none
485:
X=c
.
486:
none
487:
none
488:
none
489:
none
490:
none
491:
none
492:
none
493:
none
494:
none
495:
Y=()
Z=(q () a ())
.
496:
none
497:
none
498:
none
499:
none
500:
none
501:
none
502:
none
503:
none
504:
none
505:
none
506:
none
507:
Y=c
.
508:
none
509:
none
510:
none
511:
none
512:
none
513:
none
514:
none
515:
none
516:
none
517:
Y=c
.
518:
none
519:
none
520:
Y=b
.
521:
X=()
.
522:
none
523:
none
524:
none
525:
X=b
.
526:
none
527:
none
528:
none
529:
none
530:
none
531:
none
532:
X=(f (p (f () b ()) b a))
Y=()
.
533:
none
534:
none
535:
none
536:
X=a
Y=c
.
537:
none
538:
none
539:
X=a
.
540:
X=(p (q (g (f (g a)) (g a (g c a ())))))
Z=()
.
541:
none
542:
none
543:
none
544:
none
545:
none
546:
none
547:
none
548:
none
549:
X=()
Y=()
Z=(q (q (q a) (q (q (g () c a) (g b ()) c) (f (g () a) (q ()) ())) a))
.
550:
none
551:
X=a
.
552:
none
553:
none
554:
X=(q c)
.
555:
none
556:
none
557:
none
558:
none
559:
none
560:
none
561:
none
562:
none
563:
Y=()
Z=()
.
564:
none
565:
none
566:
none
567:
none
568:
X=(p ())
Z=()
.
569:
none
570:
none
571:
none
572:
none
573:
none
574:
none
575:
X=()
Z=(g (g (q () c ())))
.
576:
Z=(q c)
.
577:
X=()
Z=(q c () a)
.
578:
none
579:
none
580:
none
581:
none
582:
Y=(p b)
.
583:
none
584:
Y=(q a)
.
585:
none
586:
none
587:
none
588:
none
589:
none
590:
none
591:
X=()
Z=()
.
592:
none
593:
none
594:
X=b
.
595:
X=(f (g a) (p c))
.
596:
none
597:
none
598:
none
599:
none
600:
none
601:
none
602:
none
603:
.
604:
none
605:
none
606:
none
607:
none
608:
Y=()
Z=()
.
609:
none
610:
X=(q c () ())
Y=()
Z=()
.
611:
none
612:
Z=b
.
613:
none
614:
none
615:
none
616:
X=(g (p (f (f (f b () a)) c)) (g b a (g (g (f () c) (f () a) (q a ())))) b)
Y=()
Z=()
.
617:
none
618:
Y=a
.
619:
none
620:
none
621:
none
622:
none
623:
Y=()
Z=(f () () a)
.
624:
none
625:
X=()
Y=()
.
626:
none
627:
none
628:
X=()
Y=()
.
629:
none
630:
none
631:
none
632:
none
633:
none
634:
Z=(f b)
.
635:
none
636:
none
637:
none
638:
none
639:
none
640:
none
641:
none
642:
none
643:
none
644:
none
645:
none
646:
none
647:
none
648:
none
649:
none
650:
Z=(g a)
.
651:
none
652:
none
653:
none
654:
none
655:
none
656:
none
657:
none
658:
X=()
Y=(q (q a) (p () ()) c)
Z=()
.
659:
none
660:
none
661:
none
662:
none
663:
none
664:
none
665:
none
666:
none
667:
none
668:
none
669:
none
670:
none
671:
none
672:
none
673:
X=()
.
674:
none
675:
none
676:
none
677:
.
678:
none
679:
none
680:
none
681:
none
682:
none
683:
none
684:
none
685:
none
686:
none
687:
none
688:
none
689:
none
690:
none
691:
X=(p () a)
Y=()
.
692:
none
693:
none
694:
none
695:
none
696:
none
697:
none
698:
none
699:
none
700:
none
701:
none
702:
none
