1:
none
2:
none
3:
none
4:
none
5:
none
6:
none
7:
none
8:
X=()
Y=(g (p a ()))
.
9:
none
10:
Y=()
.
11:
none
12:
none
13:
Y=()
.
14:
none
15:
none
16:
none
17:
none
18:
none
19:
none
20:
X=()
Z=(q a a ())
.
21:
none
22:
none
23:
Z=()
.
24:
none
25:
Z=c
.
26:
none
27:
none
28:
none
29:
none
30:
none
31:
none
32:
none
33:
none
34:
X=(p c)
.
35:
none
36:
none
37:
none
38:
none
39:
Z=b
.
40:
none
41:
none
42:
none
43:
none
44:
none
45:
none
46:
none
47:
none
48:
Z=c
.
49:
Z=b
.
50:
X=()
Y=(f (q ()) (p a))
.
51:
none
52:
none
53:
none
54:
none
55:
none
56:
none
57:
none
58:
none
59:
X=(p (p () a c) ())
Y=()
Z=()
.
60:
none
61:
none
62:
none
63:
none
64:
none
65:
none
66:
none
67:
none
68:
X=()
Y=()
.
69:
none
70:
none
71:
none
72:
none
73:
none
74:
none
75:
none
76:
none
77:
none
78:
none
79:
none
80:
Y=(g c)
.
81:
none
82:
none
83:
none
84:
none
85:
none
86:
X=()
Y=(p (g (g (q c) ()) () (q a)))
.
87:
none
88:
none
89:
Y=()
Z=(p (p () b))
.
90:
none
91:
none
92:
none
93:
none
94:
none
95:
X=()
Z=()
.
96:
none
97:
Z=(g b)
.
98:
Y=(q b)
.
99:
none
100:
none
101:
none
102:
none
103:
none
104:
none
105:
Y=()
Z=()
.
106:
none
107:
none
108:
none
109:
none
110:
none
111:
none
112:
none
113:
none
114:
X=a
.
115:
none
116:
Y=()
Z=(p (q (f () b c)))
.
117:
none
118:
none
119:
none
120:
none
121:
none
122:
none
123:
none
124:
none
125:
none
126:
none
127:
none
128:
none
129:
none
130:
none
131:
none
132:
none
133:
none
134:
X=(p (f (g (p c)) b ()))
Z=()
.
135:
none
136:
none
137:
X=(g (f b c b))
.
138:
none
139:
none
140:
none
141:
none
142:
Y=(q (f b b b))
.
143:
none
144:
none
145:
none
146:
none
147:
Y=(g (p c))
.
148:
none
149:
none
150:
none
151:
none
152:
none
153:
none
154:
Z=b
.
155:
none
156:
none
157:
none
158:
none
159:
Z=c
.
160:
none
161:
none
162:
none
163:
none
164:
none
165:
none
166:
none
167:
none
168:
none
169:
none
170:
none
171:
none
172:
none
173:
none
174:
none
175:
Y=()
Z=(g () c)
.
176:
none
177:
none
178:
none
179:
none
180:
none
181:
none
182:
none
183:
Y=(f c a)
.
184:
none
185:
none
186:
none
187:
none
188:
none
189:
none
190:
none
191:
none
192:
none
193:
none
194:
none
195:
none
196:
X=(p () a)
Y=()
.
197:
Y=()
.
198:
none
199:
none
200:
none
201:
none
202:
none
203:
X=(q (q (q c c c) ()) (g (q () c ()) (g c a c)))
Y=()
Z=()
.
204:
none
205:
none
206:
none
207:
none
208:
Y=()
.
209:
none
210:
none
211:
none
212:
X=(p ())
Z=()
.
213:
none
214:
none
215:
none
216:
none
217:
none
218:
none
219:
X=()
Z=()
.
220:
none
221:
Y=(f b c)
.
222:
Y=(f (q ()))
Z=()
.
223:
none
224:
none
225:
none
226:
none
227:
none
228:
none
229:
none
230:
none
231:
X=()
Y=()
.
232:
none
233:
X=()
.
234:
none
235:
Y=()
Z=(q b () c)
.
236:
none
237:
none
238:
none
239:
none
240:
none
241:
none
242:
none
243:
none
244:
none
245:
none
246:
none
247:
none
248:
none
249:
none
250:
none
251:
none
252:
none
253:
none
254:
none
255:
none
256:
none
257:
none
258:
none
259:
none
260:
none
261:
none
262:
none
263:
none
264:
none
265:
none
266:
none
267:
none
268:
none
269:
none
270:
none
271:
none
272:
none
273:
none
274:
X=()
Y=()
.
275:
none
276:
none
277:
none
278:
none
279:
none
280:
none
281:
none
282:
none
283:
none
284:
none
285:
none
286:
none
287:
none
288:
Z=(q a b)
.
289:
none
290:
none
291:
none
292:
none
293:
none
294:
none
295:
none
296:
none
297:
none
298:
Z=b
.
299:
Y=a
.
300:
none
301:
none
302:
Y=(q c (f a))
.
303:
none
304:
none
305:
X=c
.
306:
Z=(g a)
.
307:
none
308:
none
309:
none
310:
Y=(q (f b (q b b c)))
.
311:
none
312:
none
313:
none
314:
none
315:
none
316:
X=(f (q c))
.
317:
none
318:
none
319:
none
320:
Y=(g (p b))
.
321:
none
322:
none
323:
none
324:
none
325:
none
326:
none
327:
none
328:
none
329:
none
330:
none
331:
none
332:
none
333:
none
334:
none
335:
none
336:
none
337:
none
338:
none
339:
none
340:
none
341:
none
342:
none
343:
none
344:
none
345:
none
346:
none
347:
none
348:
none
349:
Z=b
.
350:
none
351:
none
352:
none
353:
none
354:
none
355:
none
356:
none
357:
none
358:
none
359:
none
360:
none
361:
X=(f (p (q ()) ()))
Y=()
.
362:
X=c
.
363:
none
364:
none
365:
none
366:
none
367:
none
368:
Y=()
Z=()
.
369:
none
370:
none
371:
none
372:
none
373:
none
374:
X=(p a c b)
.
375:
none
376:
none
377:
none
378:
X=()
Y=(q (f (p a ())) (p ()) (f (p a a ()) (p () ())))
Z=()
.
379:
none
380:
none
381:
none
382:
none
383:
none
384:
X=(q (g (p (p a a))) (f () (p (g c c b))))
Z=()
.
385:
none
386:
X=()
Y=()
Z=(p (g (q a () c) (g ()) (g () c b)) (f (f a () c) (f a ())))
.
387:
none
388:
none
389:
none
390:
none
391:
none
392:
none
393:
none
394:
none
395:
none
396:
none
397:
none
398:
none
399:
none
400:
none
401:
none
402:
Z=c
.
403:
X=(g b)
.
404:
none
405:
none
406:
none
407:
none
408:
none
409:
none
410:
none
411:
X=(g () b c)
Z=()
.
412:
none
413:
none
414:
none
415:
X=a
.
416:
none
417:
Y=()
Z=(p ())
.
418:
none
419:
none
420:
X=()
Y=()
.
421:
none
422:
none
423:
none
424:
none
425:
none
426:
none
427:
X=(g (f () (g ()) (g a)))
Y=()
.
428:
none
429:
none
430:
none
431:
none
432:
none
433:
none
434:
none
435:
none
436:
none
437:
none
438:
none
439:
X=()
Z=(q () c b)
.
440:
none
441:
none
442:
none
443:
none
444:
none
445:
none
446:
none
447:
none
448:
none
449:
none
450:
none
451:
none
452:
none
453:
Z=b
.
454:
none
455:
none
456:
none
457:
none
458:
none
459:
none
460:
none
461:
none
462:
none
463:
none
464:
none
465:
Z=(p b)
.
466:
none
467:
none
468:
none
469:
none
470:
none
471:
none
472:
none
473:
X=()
Z=(q a () ())
.
474:
none
475:
none
476:
none
477:
none
478:
none
479:
none
480:
none
481:
none
482:
X=()
Y=(q (g ()) (f () ()))
Z=()
.
483:
none
484:
none
485:
none
486:
X=()
Y=()
Z=(p (f (f c a) (g () c a) (p () a)) (f (p () ()) (g ()) (q c)) (g a))
.
487:
none
488:
none
489:
none
490:
none
491:
X=c
.
492:
none
493:
none
494:
none
495:
none
496:
none
497:
none
498:
none
499:
none
500:
none
501:
none
502:
none
503:
none
504:
none
505:
none
506:
none
507:
none
508:
none
509:
none
510:
none
511:
Z=b
.
512:
none
513:
none
514:
Y=a
.
515:
none
516:
Z=a
.
517:
none
518:
X=b
.
519:
none
520:
none
521:
none
522:
none
523:
none
524:
Y=()
.
525:
none
526:
none
527:
none
528:
none
529:
none
530:
none
531:
none
532:
none
533:
none
534:
none
535:
none
536:
none
537:
none
538:
none
539:
X=()
Z=(f () c b)
.
540:
X=()
Y=()
Z=(f (g (p a () (g (p c))) (q (g (q () c a)) (q (p ()) a) a) a))
.
541:
none
542:
X=()
Z=()
.
543:
none
544:
none
545:
none
546:
none
547:
none
548:
none
549:
none
550:
none
551:
Z=c
.
552:
none
553:
none
554:
none
555:
none
556:
none
557:
none
558:
X=b
.
559:
none
560:
none
561:
none
562:
none
563:
none
564:
none
565:
none
566:
Z=()
.
567:
none
568:
none
569:
none
570:
none
571:
Y=()
Z=(f c (p ()))
.
572:
none
573:
none
574:
none
575:
none
576:
none
577:
none
578:
X=(q (p (f b a) b))
.
579:
none
580:
none
581:
none
582:
none
583:
none
584:
none
585:
none
586:
none
587:
none
588:
none
589:
.
590:
none
591:
none
592:
none
593:
none
594:
none
595:
none
596:
none
597:
none
598:
X=(p (g ()) b)
Z=()
.
599:
none
600:
X=()
Y=()
Z=(f a (q () () c) (g a a b))
.
601:
none
602:
none
603:
none
604:
none
605:
none
606:
none
607:
X=()
Y=(g ())
.
608:
none
609:
X=b
.
610:
none
611:
none
612:
none
613:
none
614:
none
615:
none
616:
none
617:
none
618:
none
619:
none
620:
none
621:
none
622:
X=(q (g ()))
Z=()
.
623:
none
624:
none
625:
none
626:
none
627:
none
628:
none
629:
none
630:
none
631:
none
632:
.
633:
none
634:
none
635:
none
636:
none
637:
none
638:
none
639:
none
640:
none
641:
none
642:
none
643:
none
644:
none
645:
none
646:
Z=c
.
647:
X=(q ())
Z=()
.
648:
none
649:
none
650:
none
651:
none
652:
none
653:
none
654:
none
655:
none
656:
none
657:
none
658:
none
659:
none
660:
none
661:
none
662:
none
663:
none
664:
none
665:
none
666:
none
667:
none
668:
none
669:
none
670:
none
671:
none
672:
none
673:
X=c
.
674:
none
675:
none
676:
none
677:
none
678:
none
679:
none
680:
none
681:
X=()
Z=(f b ())
.
682:
none
683:
none
684:
none
685:
none
686:
none
687:
none
688:
none
689:
none
690:
none
691:
none
692:
none
693:
none
694:
none
695:
none
696:
none
697:
none
698:
none
699:
X=()
.
700:
none
701:
X=(q (g a) (q a))
.
702:
none
703:
none
704:
none
705:
X=()
Z=(g ())
.
706:
none
707:
none
708:
none
709:
none
710:
none
711:
none
712:
X=(q b)
.
713:
none
714:
none
715:
none
716:
none
717:
none
718:
none
719:
none
720:
none
721:
none
722:
none
723:
none
724:
none
725:
none
726:
none
727:
Y=(p ())
Z=()
.
728:
none
729:
none
730:
none
731:
none
732:
none
733:
none
734:
none
735:
X=()
Z=(g ())
.
736:
none
737:
Y=()
Z=(p () (p (f a) ()))
.
738:
none
739:
none
740:
none
741:
none
742:
Z=b
.
743:
none
744:
Y=()
Z=(g (g ()) (p () b a) (p ()))
.
745:
none
746:
none
747:
none
748:
none
749:
X=()
.
750:
none
751:
none
752:
none
753:
X=(g () b)
Y=()
.
754:
none
755:
Y=c
.
756:
none
757:
none
758:
none
759:
none
760:
none
761:
none
762:
none
763:
none
764:
none
765:
Y=()
Z=(q b ())
.
766:
none
767:
none
768:
none
769:
none
770:
none
771:
none
772:
none
773:
none
774:
none
775:
none
776:
none
777:
none
778:
none
779:
none
780:
none
781:
none
782:
none
783:
none
784:
none
785:
none
786:
none
787:
Z=b
.
788:
none
789:
none
790:
none
791:
none
792:
none
793:
none
794:
Y=(p (g a a ()))
Z=()
.
795:
none
796:
none
797:
none
798:
none
799:
none
800:
none
801:
none
802:
none
803:
Z=()
.
804:
Z=b
.
805:
Y=(q (q b b a) ())
Z=()
.
806:
none
807:
X=(f (g (f a b)) (p (p a () a) (g ())) (p () () c))
Y=()
Z=()
.
808:
X=()
Y=(f () ())
Z=()
.
809:
none
810:
none
811:
none
812:
none
813:
none
814:
none
815:
none
816:
none
817:
none
818:
X=(g (f () () b))
Y=()
Z=()
.
819:
none
820:
X=(g a (p (f ()) (f c b) (p () b)) (q (f c () ()) (p b b)))
Z=()
.
821:
none
822:
none
823:
none
824:
none
825:
none
826:
X=()
Y=b
Z=()
.
827:
none
828:
none
829:
X=(f (q (f a a ()) (p a)))
Y=()
.
830:
none
831:
none
832:
X=()
Y=(g () b ())
Z=()
.
833:
none
834:
none
835:
Y=b
.
836:
none
837:
none
838:
none
839:
none
840:
none
841:
none
842:
none
843:
none
844:
none
845:
none
846:
none
847:
none
848:
none
849:
none
850:
none
851:
none
852:
none
853:
none
854:
Z=a
.
855:
none
856:
none
857:
none
858:
none
859:
none
