1:
none
2:
none
3:
none
4:
none
5:
none
6:
none
7:
none
8:
none
9:
X=()
Y=(f () c ())
Z=()
.
10:
none
11:
none
12:
none
13:
none
14:
none
15:
none
16:
none
17:
none
18:
X=(q (g c))
.
19:
none
20:
none
21:
none
22:
none
23:
none
24:
none
25:
none
26:
none
27:
none
28:
none
29:
none
30:
none
31:
none
32:
none
33:
none
34:
none
35:
none
36:
none
37:
none
38:
none
39:
none
40:
none
41:
none
42:
none
43:
none
44:
X=()
Y=(f () b)
.
45:
none
46:
none
47:
none
48:
.
49:
none
50:
none
51:
none
52:
none
53:
none
54:
none
55:
none
56:
none
57:
none
58:
none
59:
none
60:
none
61:
none
62:
none
63:
X=b
.
64:
none
65:
none
66:
none
67:
none
68:
X=(q a a c)
.
69:
none
70:
none
71:
X=()
.
72:
none
73:
none
74:
none
75:
none
76:
none
77:
none
78:
Y=()
Z=(g () c)
.
79:
none
80:
none
81:
none
82:
none
83:
none
84:
none
85:
X=(f c)
Y=()
Z=(g () () c)
.
86:
none
87:
none
88:
none
89:
none
90:
X=(g b b c)
.
91:
none
92:
none
93:
none
94:
X=()
Y=(g ())
.
95:
none
96:
none
97:
none
98:
none
99:
none
100:
Z=a
.
101:
none
102:
none
103:
none
104:
none
105:
none
106:
Y=(p c)
.
107:
X=()
Z=()
.
108:
none
109:
none
110:
.
111:
none
112:
X=()
Y=()
.
113:
none
114:
none
115:
none
116:
none
117:
none
118:
none
119:
none
120:
none
121:
none
122:
none
123:
.
124:
none
125:
none
126:
X=c
.
127:
none
128:
none
129:
none
130:
none
131:
none
132:
Y=(p () a)
Z=()
.
133:
none
134:
none
135:
Z=c
.
136:
none
137:
none
138:
none
139:
none
140:
none
141:
none
142:
X=a
Z=a
.
143:
none
144:
none
145:
none
146:
Y=()
Z=(q (f (q ())))
.
147:
none
148:
none
149:
none
150:
none
151:
none
152:
none
153:
none
154:
none
155:
none
156:
none
157:
none
158:
none
159:
none
160:
none
161:
none
162:
none
163:
none
164:
none
165:
none
166:
Y=(q (p (p (p a) a (f c a)) b))
.
167:
none
168:
none
169:
none
170:
none
171:
none
172:
none
173:
none
174:
none
175:
none
176:
none
177:
none
178:
none
179:
none
180:
none
181:
none
182:
X=()
Z=()
.
183:
none
184:
none
185:
X=(p () c)
Y=()
.
186:
none
187:
none
188:
none
189:
none
190:
none
191:
none
192:
Y=b
.
193:
none
194:
none
195:
none
196:
none
197:
X=()
Z=(g (q (p () (q c)) ()))
.
198:
none
199:
none
200:
none
201:
none
202:
none
203:
none
204:
none
205:
none
206:
X=()
Y=()
Z=(p (f a (p (g a a) (q b) c) (p (p c c) (q ()))) b (p (p (p () c)) (p (p ()) (q ())) a))
.
207:
none
208:
Y=(g b)
.
209:
none
210:
none
211:
none
212:
none
213:
none
214:
none
215:
X=()
Y=(p (f () ()) (g () b b) (g c () ()))
Z=()
.
216:
none
217:
none
218:
X=()
Y=(q a ())
.
219:
none
220:
none
221:
none
222:
none
223:
X=()
Z=()
.
224:
none
225:
none
226:
none
227:
none
228:
none
229:
none
230:
none
231:
none
232:
none
233:
Y=b
.
234:
none
235:
none
236:
X=()
Y=(q () c b)
.
237:
none
238:
none
239:
none
240:
none
241:
.
242:
X=(g a)
.
243:
none
244:
none
245:
none
246:
X=(p ())
Y=()
.
247:
none
248:
none
249:
Y=b
.
250:
none
251:
X=()
Y=()
Z=(g b (q () (f (p () a b) (f c b a) (q b a b)) (q () c)))
.
252:
none
253:
none
254:
none
255:
none
256:
none
257:
none
258:
none
259:
Z=c
.
260:
none
261:
X=(f b)
.
262:
none
263:
none
264:
X=(g () a)
Z=()
.
265:
Z=a
.
266:
Y=(q () b)
Z=()
.
267:
none
268:
none
269:
X=()
Z=(q (q (f b (p b () b)) (f ())))
.
270:
none
271:
none
272:
none
273:
none
274:
none
275:
none
276:
none
277:
Z=(g a)
.
278:
X=()
Y=(q (g ()) (q (p (g ()) () (p a ()))) (q ()))
Z=()
.
279:
none
280:
none
281:
none
282:
none
283:
X=a
.
284:
none
285:
none
286:
none
287:
none
288:
none
289:
none
290:
none
291:
none
292:
none
293:
none
294:
none
295:
none
296:
none
297:
none
298:
none
299:
none
300:
Z=b
.
301:
none
302:
none
303:
none
304:
none
305:
none
306:
none
307:
none
308:
none
309:
none
310:
none
311:
none
312:
none
313:
none
314:
X=()
Y=()
Z=(g (p () (f b (p b b b))) (p (f (f a () ()))))
.
315:
none
316:
none
317:
.
318:
X=()
.
319:
none
320:
none
321:
none
322:
none
323:
none
324:
none
325:
X=()
Z=()
.
326:
none
327:
none
328:
none
329:
X=a
.
330:
none
331:
none
332:
none
333:
none
334:
none
335:
X=()
.
336:
none
337:
none
338:
none
339:
none
340:
none
341:
none
342:
none
343:
none
344:
none
345:
none
346:
none
347:
.
348:
X=c
.
349:
none
350:
none
351:
none
352:
Z=(g (q (f c)))
.
353:
none
354:
none
355:
none
356:
none
357:
none
358:
none
359:
none
360:
none
361:
X=()
Y=()
.
362:
none
363:
none
364:
none
365:
none
366:
none
367:
Y=c
.
368:
none
369:
none
370:
none
371:
none
372:
none
373:
none
374:
none
375:
none
376:
none
377:
none
378:
none
379:
none
380:
Z=c
.
381:
none
382:
none
383:
none
384:
none
385:
X=(p (f (p b (p () ()) (g () c)) (p (f () c b) b)))
Y=()
Z=()
.
386:
none
387:
none
388:
none
389:
none
390:
none
391:
none
392:
none
393:
none
394:
Y=c
.
395:
none
396:
none
397:
none
398:
none
399:
none
400:
none
401:
none
402:
none
403:
none
404:
none
405:
none
406:
X=()
Y=()
Z=(g () b ())
.
407:
none
408:
X=(g (f c) (f b ()))
Z=()
.
409:
Y=c
.
410:
none
411:
none
412:
X=()
Z=(f (f c c ()))
.
413:
none
414:
none
415:
none
416:
none
417:
none
418:
none
419:
Y=b
.
420:
none
421:
none
422:
none
423:
none
424:
none
425:
none
426:
none
427:
none
428:
X=()
Z=(q b ())
.
429:
none
430:
none
431:
none
432:
none
433:
none
434:
none
435:
none
436:
none
437:
none
438:
X=()
Y=(g a (q () c) (q ()))
.
439:
none
440:
X=b
.
441:
none
442:
none
443:
none
444:
.
445:
none
446:
none
447:
none
448:
none
449:
none
450:
X=()
Z=(q (q b ()) (q () ()))
.
451:
X=()
Y=()
Z=(p (f (g () (p a ()))) (p (g (q a c a) (g c a b) b)))
.
452:
none
453:
none
454:
Z=a
.
455:
none
456:
none
457:
none
458:
none
459:
Y=(g c)
.
460:
none
461:
none
462:
none
463:
none
464:
none
465:
none
466:
none
467:
none
468:
none
469:
X=()
Z=(p (q ()))
.
470:
none
471:
none
472:
none
473:
none
474:
none
475:
Y=c
.
476:
X=()
Y=(q ())
.
477:
none
478:
none
479:
none
480:
none
481:
none
482:
none
483:
none
484:
Z=()
.
485:
none
486:
none
487:
none
488:
X=()
.
489:
none
490:
none
491:
none
492:
none
493:
none
494:
none
495:
none
496:
Y=a
Z=a
.
497:
X=()
Y=()
.
498:
none
499:
none
500:
none
501:
none
502:
X=a
.
503:
none
504:
none
505:
none
506:
none
507:
none
508:
Y=(f (p () b c))
Z=()
.
509:
none
510:
none
511:
none
512:
none
513:
X=()
Y=()
Z=(f () () ())
.
514:
Z=b
.
515:
none
516:
.
517:
Y=(f b)
.
518:
none
519:
none
520:
none
521:
none
522:
none
523:
none
524:
none
525:
X=a
.
526:
none
527:
none
528:
.
529:
none
530:
none
531:
none
532:
none
533:
none
534:
none
535:
none
536:
none
537:
none
538:
none
539:
none
540:
none
541:
none
542:
X=()
Y=(f (q () ()) (p ()) (g ()))
Z=()
.
543:
none
544:
none
545:
X=(f (p (g b) ()))
Z=()
.
546:
none
547:
none
548:
.
549:
none
550:
none
551:
none
552:
none
553:
none
554:
none
555:
X=()
Y=()
Z=(f c () ())
.
556:
none
557:
none
558:
none
559:
none
560:
none
561:
none
562:
none
563:
none
564:
none
565:
none
566:
X=(p (g (g (q a) (q b))))
.
567:
Y=(g (p (g (f (q c)) b)))
.
568:
none
569:
none
570:
none
571:
none
572:
none
573:
none
574:
none
575:
none
576:
none
577:
none
578:
none
579:
X=(f a c b)
.
580:
none
