1:
none
2:
A=(m (k (h (k (m (f (g (n (m (n (k (k (f (h (m (k (h (m (g (g (f (h (n (f (g (l (f (g (k (n (h (g (m (k (k (n (n (m (l (h (l (h (g (h (l (m (f (m (f (m (n (k (k (h (h (f (n (k (f (l (g (m (k (m (h (f (f (n (m (m (f (k (f (k (h (n (f (m (l (n (k (l (l (m (g (n (f (n (f (m (k (l (n (g (h (l (m (h (g (l B))))))))))))))))))))))))))))))))))))))))))))))))))))))))))))))))))))))))))))))))))))))))))))))))))))
.
3:
none
4:
A=B
.
5:
A=B
.
6:
none
7:
A=(l (m (n (g (l (g (l (g (m (l (h (k (k (h (g (l (f (n (l (h (h (m (l (k (m (k (k (g (l (k (g (h (m (n (n (g (l (h (n (m (k (n (m (n (f (l (l (g (m (f (m (m (m (h (l (f (k (g (h (k (n (g (m (g (k (m (g (m (k (k (f (k (f (n (k (m (l (m (f (n (m (h (g (n (k (k (l (l (m (m (k (m (g (n (l (h (m (m (m (k B))))))))))))))))))))))))))))))))))))))))))))))))))))))))))))))))))))))))))))))))))))))))))))))))))))
.
8:
none
9:
A=B
.
10:
A=B
.
11:
none
12:
A=(k (h (f (l (g (k (l (g (f (l (k (h (h (m (k (f (g (l (f (f (m (f (g (n (g (n (g (n (h (m (h (m (l (m (m (g (h (m (n (g (n (n (h (l (f (k (m (f (k (n (k (k (k (m (m (g (g (g (n (k (h (n (g (g (l (l (m (m (h (l (g (n (n (l (f (k (n (f (g (k (f (n (f (f (f (l (m (l (m (n (g (l (n (k (f (f (f (g (h (h B))))))))))))))))))))))))))))))))))))))))))))))))))))))))))))))))))))))))))))))))))))))))))))))))))))
.
13:
none
14:
A=B
.
15:
A=B
.
16:
none
17:
A=(m (f (k (f (h (l (k (l (n (g (g (g (n (f (m (k (n (m (f (h (l (g (m (k (m (g (g (g (f (f (f (f (n (n (h (k (g (l (f (l (f (f (m (g (h (k (k (f (m (g (m (m (m (m (n (g (m (l (l (f (g (m (k (k (f (h (f (f (m (l (m (k (k (h (f (m (m (f (h (f (g (l (f (k (n (m (m (f (g (g (g (g (m (h (h (k (g (k (l (k B))))))))))))))))))))))))))))))))))))))))))))))))))))))))))))))))))))))))))))))))))))))))))))))))))))
.
18:
none
19:
A=B
.
20:
A=B
.
21:
none
22:
A=(h (g (h (f (n (f (m (f (m (f (g (k (f (k (l (g (g (g (k (n (g (k (h (n (l (l (n (n (h (g (l (k (g (n (k (n (f (h (g (l (k (n (f (n (k (l (m (n (g (m (k (k (h (g (h (m (f (g (l (f (g (g (n (n (m (g (m (m (g (h (h (k (n (k (k (n (h (k (k (l (m (m (f (l (f (m (n (l (f (k (h (f (n (n (g (l (f (m (l (m B))))))))))))))))))))))))))))))))))))))))))))))))))))))))))))))))))))))))))))))))))))))))))))))))))))
.
23:
none
24:
A=B
.
25:
A=B
.
26:
none
27:
A=(g (f (n (m (g (f (k (h (l (m (g (f (n (n (f (l (f (k (k (n (l (k (k (k (k (f (h (n (n (m (n (h (n (g (g (h (f (n (m (l (l (n (g (m (g (m (n (h (k (h (g (l (n (f (f (l (m (f (k (g (k (g (k (k (f (n (l (k (n (l (h (h (g (h (f (g (k (l (k (h (m (l (h (n (m (n (n (n (n (k (h (h (f (k (n (k (m (l (f (l B))))))))))))))))))))))))))))))))))))))))))))))))))))))))))))))))))))))))))))))))))))))))))))))))))))
.
28:
none
29:
A=B
.
30:
A=B
.
31:
none
32:
A=(m (m (f (m (k (h (f (k (f (n (h (g (f (k (f (g (n (n (l (f (h (h (k (k (l (h (k (n (m (l (k (n (m (g (n (l (h (k (k (m (h (g (m (n (l (f (n (m (g (n (k (h (k (l (h (m (m (n (h (k (h (h (n (m (l (h (g (f (g (l (h (f (g (k (g (m (g (l (k (h (l (n (k (l (l (n (g (h (h (m (n (k (g (g (h (g (n (n (l (f B))))))))))))))))))))))))))))))))))))))))))))))))))))))))))))))))))))))))))))))))))))))))))))))))))))
.
33:
none
34:
A=B
.
35:
A=B
.
36:
none
37:
A=(h (l (n (k (h (k (l (l (l (m (l (h (f (f (m (m (n (h (l (n (n (m (m (m (k (n (g (m (f (l (f (n (l (n (g (n (n (k (k (f (n (h (m (g (h (g (l (f (h (g (k (m (f (h (m (g (g (f (k (l (l (l (l (g (m (k (n (l (f (f (m (l (g (f (l (f (g (l (l (l (k (g (f (g (k (g (k (l (g (l (l (h (l (n (h (l (m (m (m (n B))))))))))))))))))))))))))))))))))))))))))))))))))))))))))))))))))))))))))))))))))))))))))))))))))))
.
38:
none
39:
A=B
.
40:
A=B
.
41:
none
42:
A=(k (g (f (m (h (k (k (l (k (l (l (f (h (h (l (f (g (f (h (f (h (m (f (l (m (k (m (k (k (h (h (f (m (l (m (f (g (k (f (k (k (n (n (l (g (h (g (g (h (g (g (m (k (k (f (f (m (h (n (m (l (k (l (k (f (n (g (h (f (n (f (k (g (f (n (f (g (l (k (g (m (l (m (l (h (h (m (m (l (l (l (l (n (k (g (l (m (k (g (f B))))))))))))))))))))))))))))))))))))))))))))))))))))))))))))))))))))))))))))))))))))))))))))))))))))
.
43:
none
44:
A=B
.
45:
A=B
.
46:
none
47:
A=(f (l (l (m (k (f (k (g (h (n (k (f (n (k (k (h (m (k (g (l (l (l (n (n (f (m (k (g (n (k (k (h (m (h (n (h (h (n (k (m (h (h (h (l (f (g (n (n (l (l (g (n (l (f (k (n (h (m (f (k (h (f (l (k (m (m (h (k (g (l (h (m (h (n (n (h (f (l (f (h (f (g (l (f (m (m (m (g (h (f (f (g (h (f (g (g (k (h (l (k B))))))))))))))))))))))))))))))))))))))))))))))))))))))))))))))))))))))))))))))))))))))))))))))))))))
.
48:
none
49:
A=B
.
50:
A=B
.
51:
none
52:
A=(m (h (m (n (f (k (k (n (g (n (g (k (l (g (n (g (h (h (h (k (f (m (k (m (f (n (g (n (g (h (n (m (g (h (g (h (l (g (m (l (m (l (k (l (n (h (g (f (f (k (h (l (n (l (l (l (f (h (m (f (l (m (g (k (l (m (g (g (n (n (l (g (l (n (n (h (l (n (h (n (k (l (l (n (n (m (n (k (m (f (g (f (n (m (g (g (f (h (m (k B))))))))))))))))))))))))))))))))))))))))))))))))))))))))))))))))))))))))))))))))))))))))))))))))))))
.
53:
none
54:
A=B
.
55:
A=B
.
56:
none
57:
A=(f (g (h (g (k (m (g (k (f (l (g (n (h (l (l (l (g (k (f (k (m (g (f (m (g (g (f (m (h (n (f (k (l (m (l (k (k (f (m (k (g (m (h (m (f (m (l (l (f (k (n (h (l (h (g (m (m (f (h (g (h (k (k (k (f (m (n (g (f (m (f (g (n (g (k (n (h (g (n (l (l (h (f (g (h (l (h (h (l (g (n (m (n (g (g (h (m (g (h (k B))))))))))))))))))))))))))))))))))))))))))))))))))))))))))))))))))))))))))))))))))))))))))))))))))))
.
58:
none
59:
A=B
.
60:
A=B
.
61:
none
62:
A=(k (f (m (f (g (g (m (h (f (n (g (n (f (f (n (n (n (g (k (g (f (k (h (n (k (g (f (f (h (l (n (h (l (n (h (m (f (k (g (m (f (n (k (k (n (h (k (k (f (f (n (n (h (m (f (k (n (n (k (g (h (n (h (n (f (h (k (h (n (h (n (g (k (l (f (n (h (g (l (h (m (l (l (n (l (h (m (f (l (h (m (k (k (n (k (l (n (g (m (m B))))))))))))))))))))))))))))))))))))))))))))))))))))))))))))))))))))))))))))))))))))))))))))))))))))
.
63:
none
64:
A=B
.
65:
A=B
.
66:
none
67:
A=(n (l (f (f (k (m (g (n (k (m (h (g (n (l (h (h (g (n (n (l (l (l (g (h (g (h (m (g (m (n (n (n (n (f (h (g (m (g (m (m (h (n (m (l (n (n (h (m (g (l (n (h (f (l (h (n (g (n (k (h (m (n (n (f (l (m (h (n (m (h (f (l (g (k (f (g (l (l (n (m (f (h (k (k (k (n (g (h (g (l (n (k (f (g (n (h (k (f (f (h B))))))))))))))))))))))))))))))))))))))))))))))))))))))))))))))))))))))))))))))))))))))))))))))))))))
.
68:
none
69:
A=B
.
70:
A=B
.
71:
none
72:
A=(h (l (n (h (k (h (n (n (n (g (m (k (m (n (n (f (m (g (f (l (k (h (m (h (f (l (k (g (g (m (l (n (l (k (n (n (f (m (n (n (k (m (m (n (n (f (m (m (h (f (l (f (n (n (m (g (m (h (h (m (f (f (k (h (g (m (l (k (f (l (m (n (g (g (h (m (h (n (n (l (f (g (h (m (m (f (f (f (k (f (m (l (f (f (f (l (m (f (k (h B))))))))))))))))))))))))))))))))))))))))))))))))))))))))))))))))))))))))))))))))))))))))))))))))))))
.
73:
none
74:
A=B
.
75:
A=B
.
76:
none
77:
A=(f (n (k (k (n (h (m (k (g (n (k (n (m (h (h (g (h (h (n (g (h (l (l (g (l (k (n (m (g (g (h (f (g (g (f (g (n (l (l (l (k (g (k (g (g (m (h (h (g (m (f (k (l (g (m (k (k (k (h (n (n (n (f (f (f (n (m (n (h (l (g (f (k (m (m (l (k (g (n (m (h (m (f (n (h (l (n (l (k (k (k (k (f (m (k (k (k (g (l (f B))))))))))))))))))))))))))))))))))))))))))))))))))))))))))))))))))))))))))))))))))))))))))))))))))))
.
78:
none
79:
A=B
.
80:
A=B
.
81:
none
82:
A=(g (l (m (h (h (n (n (f (k (k (k (k (l (l (l (n (n (m (k (n (f (l (f (g (l (f (k (n (k (g (k (k (n (g (m (l (m (k (f (n (f (f (l (g (g (l (n (f (n (k (g (g (n (h (n (m (m (g (g (n (g (g (k (f (l (m (l (g (g (f (h (n (m (m (l (n (h (h (k (g (n (f (g (m (l (g (m (k (l (k (k (f (f (k (g (g (n (h (h (l B))))))))))))))))))))))))))))))))))))))))))))))))))))))))))))))))))))))))))))))))))))))))))))))))))))
.
83:
none
84:
A=B
.
85:
A=B
.
86:
none
87:
A=(f (l (m (h (h (m (f (m (g (n (m (k (l (f (n (k (h (k (k (n (f (f (n (h (m (h (g (h (l (m (m (n (h (m (m (g (k (n (l (m (l (h (l (m (f (k (h (n (k (f (l (h (m (l (n (m (g (g (n (m (f (n (n (g (n (l (m (k (m (f (l (l (g (f (h (k (g (f (f (n (m (l (f (f (f (n (l (k (m (g (f (l (n (n (k (n (g (n (h (h B))))))))))))))))))))))))))))))))))))))))))))))))))))))))))))))))))))))))))))))))))))))))))))))))))))
.
88:
none
89:
A=B
.
90:
A=B
.
91:
none
92:
A=(n (l (f (l (n (k (m (m (l (n (l (m (f (l (g (n (g (l (f (k (l (m (k (h (h (l (g (m (n (f (k (f (m (f (l (n (g (h (g (f (l (m (m (f (k (k (k (m (h (n (l (n (l (l (f (n (l (l (l (l (k (l (h (n (m (g (m (h (h (n (f (f (n (m (h (n (h (n (h (l (f (f (k (f (g (h (h (g (k (m (k (g (g (m (m (g (f (n (h (g B))))))))))))))))))))))))))))))))))))))))))))))))))))))))))))))))))))))))))))))))))))))))))))))))))))
.
93:
none
94:
A=B
.
95:
A=B
.
96:
none
97:
A=(g (l (n (f (l (f (m (g (l (n (f (m (g (k (l (f (h (l (g (l (n (m (h (f (m (h (l (l (l (m (l (k (m (m (h (l (m (k (f (l (f (k (h (f (m (g (k (k (g (k (l (g (m (f (m (g (k (f (k (n (k (m (n (m (m (m (l (g (l (n (m (m (f (f (k (h (g (m (k (l (f (n (k (f (l (l (k (l (f (k (n (l (n (g (m (n (h (m (g (k B))))))))))))))))))))))))))))))))))))))))))))))))))))))))))))))))))))))))))))))))))))))))))))))))))))
.
98:
none
99:
A=B
.
100:
A=B
.
101:
none
102:
A=(g (n (g (h (m (h (m (f (l (f (f (g (f (k (l (n (f (f (k (k (h (g (h (h (h (m (n (n (k (h (k (f (f (g (n (f (m (l (h (n (n (f (h (k (k (g (k (n (l (l (m (h (m (m (h (l (n (n (k (g (f (g (m (m (l (h (g (n (k (g (l (h (l (n (f (n (k (n (k (h (m (m (n (l (k (m (k (h (h (k (n (h (m (k (f (g (g (n (k (g B))))))))))))))))))))))))))))))))))))))))))))))))))))))))))))))))))))))))))))))))))))))))))))))))))))
.
103:
none
104:
A=B
.
105:
A=B
.
106:
none
107:
A=(h (k (k (f (m (k (m (h (n (g (h (h (l (m (g (g (f (m (l (f (f (f (k (f (f (k (l (n (g (h (l (n (f (f (n (m (l (m (m (m (k (h (n (n (g (f (k (g (k (f (m (g (n (k (m (h (g (h (g (l (k (l (m (g (g (l (m (n (n (k (l (n (g (f (l (m (h (h (h (g (m (n (n (n (g (k (f (g (k (m (m (g (l (n (n (k (m (k (f (h B))))))))))))))))))))))))))))))))))))))))))))))))))))))))))))))))))))))))))))))))))))))))))))))))))))
.
108:
none
109:
A=B
.
110:
A=B
.
111:
none
112:
A=(h (h (l (h (n (n (m (m (m (g (l (l (l (n (l (l (m (h (f (f (m (h (n (k (f (g (g (l (n (l (l (n (g (h (m (l (k (l (f (n (k (m (n (f (g (f (k (g (m (h (m (h (n (h (h (h (n (k (n (f (m (g (f (l (f (h (f (f (f (f (k (h (f (m (h (f (h (l (k (l (h (g (m (g (n (h (l (h (g (f (m (h (f (m (l (l (l (m (g (l B))))))))))))))))))))))))))))))))))))))))))))))))))))))))))))))))))))))))))))))))))))))))))))))))))))
.
113:
none
114:
A=B
.
115:
A=B
.
116:
none
117:
A=(f (n (g (k (g (h (k (h (h (k (m (g (l (m (n (n (k (k (h (n (h (h (g (f (n (h (l (f (f (h (f (l (g (k (f (h (n (h (h (l (h (g (n (l (m (n (m (n (h (h (l (m (f (l (n (n (g (f (n (h (l (l (g (n (g (h (h (k (h (g (l (k (k (m (h (f (g (g (m (f (n (f (l (n (n (l (f (m (h (h (f (k (f (n (n (g (k (k (n (m B))))))))))))))))))))))))))))))))))))))))))))))))))))))))))))))))))))))))))))))))))))))))))))))))))))
.
118:
none
119:
A=B
.
120:
A=B
.
121:
none
122:
A=(h (k (n (h (l (h (f (h (f (l (m (f (g (g (g (k (k (f (l (k (g (g (n (h (n (h (k (m (g (g (l (h (h (g (m (n (f (h (m (l (f (l (g (n (n (m (g (n (g (l (f (n (f (n (h (k (g (n (g (k (k (m (l (f (f (l (n (g (g (m (h (g (m (n (m (n (m (f (m (f (k (f (l (f (n (m (n (n (l (f (f (h (f (f (n (k (k (l (m (l B))))))))))))))))))))))))))))))))))))))))))))))))))))))))))))))))))))))))))))))))))))))))))))))))))))
.
123:
none
124:
A=B
.
125:
A=B
.
126:
none
127:
A=(n (m (h (n (n (k (l (f (m (h (h (l (n (l (g (f (f (n (f (f (m (h (k (f (n (n (f (g (n (f (m (m (m (g (n (g (m (f (m (k (f (g (n (n (k (g (l (n (k (k (h (f (m (g (h (k (g (g (g (n (f (g (k (m (h (f (m (g (n (g (f (n (n (k (g (h (m (h (f (m (n (l (h (g (h (g (n (n (l (k (k (h (m (n (l (n (g (f (n (l B))))))))))))))))))))))))))))))))))))))))))))))))))))))))))))))))))))))))))))))))))))))))))))))))))))
.
128:
none
129:
A=B
.
130:
A=B
.
131:
none
132:
A=(n (m (l (l (f (f (g (h (f (h (m (f (n (m (k (h (n (h (k (n (h (f (m (k (f (f (f (m (n (m (m (m (l (f (n (f (m (m (l (g (g (n (m (h (g (k (h (f (l (k (k (l (l (l (l (h (h (n (g (k (l (m (h (g (n (k (h (m (g (l (f (h (n (g (k (m (n (l (n (m (n (f (l (h (f (n (h (m (h (h (f (l (l (l (g (m (k (h (g (h B))))))))))))))))))))))))))))))))))))))))))))))))))))))))))))))))))))))))))))))))))))))))))))))))))))
.
133:
none
134:
A=B
.
135:
A=B
.
136:
none
137:
A=(n (m (g (h (f (h (h (l (n (f (l (l (l (m (n (m (l (l (h (l (g (h (k (k (f (f (g (f (k (k (n (f (k (f (f (h (k (g (l (k (m (g (m (n (f (h (f (h (h (m (n (n (g (f (l (f (l (f (n (h (g (g (n (l (k (f (l (f (m (k (f (h (f (n (n (h (m (l (k (n (m (m (g (h (h (h (l (g (n (h (k (g (f (k (n (n (n (k (k (m B))))))))))))))))))))))))))))))))))))))))))))))))))))))))))))))))))))))))))))))))))))))))))))))))))))
.
138:
none
139:
A=B
.
140:
A=B
.
141:
none
142:
A=(l (m (h (h (n (n (n (l (m (m (m (m (k (g (g (k (f (m (m (g (m (k (h (h (k (f (n (g (g (m (g (n (g (m (h (f (f (l (h (g (g (n (n (k (h (l (n (n (k (n (h (h (f (k (g (f (m (n (g (n (n (f (k (n (h (l (g (m (f (f (f (m (l (k (k (n (n (m (g (n (k (f (g (h (n (l (k (h (l (n (l (m (n (g (k (l (f (f (h (m B))))))))))))))))))))))))))))))))))))))))))))))))))))))))))))))))))))))))))))))))))))))))))))))))))))
.
143:
none
144:
A=B
.
145:
A=B
.
146:
none
147:
A=(f (g (g (n (l (n (k (m (l (h (h (h (f (h (n (h (g (l (m (l (f (f (l (l (n (m (g (g (l (f (n (k (f (l (l (k (f (k (n (k (n (h (m (g (m (k (m (h (n (f (k (h (h (m (h (f (g (n (n (f (f (k (g (k (f (l (m (l (k (k (n (f (g (k (k (f (k (m (k (k (h (g (l (h (m (m (g (g (g (l (g (g (n (n (h (g (h (f (g (n B))))))))))))))))))))))))))))))))))))))))))))))))))))))))))))))))))))))))))))))))))))))))))))))))))))
.
148:
none
149:
A=B
.
150:
A=B
.
151:
none
152:
A=(h (g (f (h (g (k (n (m (n (l (l (l (n (h (n (m (k (h (m (l (f (g (n (k (l (k (f (g (m (f (f (f (k (h (m (k (f (l (f (n (m (f (f (f (f (g (h (k (g (l (f (l (f (h (f (g (g (f (h (m (h (m (h (h (l (l (m (k (f (g (g (g (n (n (k (n (k (m (l (n (g (g (k (m (g (k (l (l (f (f (m (g (k (f (n (l (m (m (l (n B))))))))))))))))))))))))))))))))))))))))))))))))))))))))))))))))))))))))))))))))))))))))))))))))))))
.
153:
none
154:
A=B
.
155:
A=B
.
156:
none
157:
A=(g (h (f (m (k (l (k (k (m (m (m (m (m (m (k (g (g (n (n (l (m (f (f (g (m (k (f (f (f (f (h (n (g (l (l (m (g (l (m (l (g (f (n (h (n (m (f (k (k (l (h (l (g (l (l (h (k (n (l (m (m (f (h (m (g (n (l (n (n (l (m (k (n (h (m (l (m (n (f (n (m (n (f (l (l (k (k (l (f (k (k (f (g (n (h (k (f (f (h (f B))))))))))))))))))))))))))))))))))))))))))))))))))))))))))))))))))))))))))))))))))))))))))))))))))))
.
158:
none
159:
A=B
.
160:
A=B
.
161:
none
162:
A=(k (m (k (g (h (h (l (m (k (l (g (l (k (f (l (n (n (m (g (h (n (h (l (l (f (k (l (k (f (m (n (m (f (m (g (l (h (n (k (l (l (k (l (g (l (h (n (m (m (m (l (n (l (k (l (n (l (m (g (m (m (f (m (g (g (n (h (l (m (h (m (g (n (m (l (l (m (g (k (k (n (l (h (f (l (k (f (m (k (g (k (f (m (m (g (g (g (n (m (n B))))))))))))))))))))))))))))))))))))))))))))))))))))))))))))))))))))))))))))))))))))))))))))))))))))
.
163:
none
164:
A=B
.
165:
A=B
.
166:
none
167:
A=(l (h (n (f (l (n (g (f (g (h (k (m (g (n (f (g (l (k (g (h (n (g (f (h (k (f (n (k (f (l (g (h (h (k (m (l (l (m (l (k (k (m (g (n (l (f (n (g (f (l (f (g (f (l (n (k (h (n (n (m (l (g (k (g (g (n (n (m (l (h (h (m (l (n (n (f (f (g (f (m (f (h (k (h (f (g (k (g (m (l (g (k (n (g (g (n (l (m (m (m B))))))))))))))))))))))))))))))))))))))))))))))))))))))))))))))))))))))))))))))))))))))))))))))))))))
.
168:
none
169:
A=B
.
170:
A=B
.
171:
none
172:
A=(f (n (l (l (h (n (g (h (g (n (g (h (n (l (m (h (n (n (h (g (h (f (g (h (m (l (k (g (l (l (h (n (h (l (l (g (m (l (f (n (l (g (n (l (f (f (k (n (g (l (m (f (h (l (n (k (m (f (m (h (f (f (k (h (h (m (f (k (l (f (m (m (m (k (l (l (n (m (f (k (g (f (l (f (k (k (k (m (n (k (f (m (f (l (f (l (k (k (k (h B))))))))))))))))))))))))))))))))))))))))))))))))))))))))))))))))))))))))))))))))))))))))))))))))))))
.
173:
none
174:
A=B
.
175:
A=B
.
176:
none
177:
A=(k (n (f (k (f (h (n (m (m (m (m (n (k (n (m (g (k (f (k (g (h (n (n (f (h (f (l (g (h (g (k (n (k (g (m (l (h (l (g (g (l (k (m (m (g (h (m (g (m (f (l (h (n (f (l (m (h (l (h (f (n (h (k (l (l (g (k (k (l (l (m (f (m (h (g (k (h (h (k (h (g (g (h (h (m (l (n (l (h (f (m (m (k (h (h (l (l (g (k (g B))))))))))))))))))))))))))))))))))))))))))))))))))))))))))))))))))))))))))))))))))))))))))))))))))))
.
178:
none
179:
A=B
.
180:
A=B
.
181:
none
182:
A=(f (h (l (m (g (f (l (h (m (m (f (l (g (k (g (k (m (f (h (g (n (g (n (m (g (k (g (f (h (h (l (l (k (m (m (n (g (g (f (m (k (h (h (g (h (h (h (m (n (f (n (n (m (l (n (f (g (h (m (m (m (f (k (h (k (n (k (g (l (n (g (f (k (l (m (m (h (n (m (n (m (k (k (h (h (n (g (n (h (f (n (m (f (k (f (l (h (g (n (m B))))))))))))))))))))))))))))))))))))))))))))))))))))))))))))))))))))))))))))))))))))))))))))))))))))
.
183:
none
184:
A=B
.
185:
A=B
.
186:
none
187:
A=(h (n (m (f (g (f (f (l (k (k (f (g (m (f (g (l (n (f (h (f (m (k (f (f (n (m (g (h (l (g (h (g (m (m (m (k (m (f (m (h (f (g (m (g (l (l (f (k (h (k (l (l (m (k (n (f (l (g (n (h (g (n (m (l (k (l (f (h (g (k (h (l (m (g (g (n (f (f (m (m (h (h (f (g (f (m (f (f (f (l (h (l (g (n (n (m (k (l (k (g B))))))))))))))))))))))))))))))))))))))))))))))))))))))))))))))))))))))))))))))))))))))))))))))))))))
.
188:
none
189:
A=B
.
190:
A=B
.
191:
none
192:
A=(l (l (g (h (l (g (g (m (g (m (f (m (f (g (k (l (k (n (g (g (g (n (g (n (m (g (h (m (n (l (g (f (m (l (l (l (n (m (l (g (n (m (m (m (f (n (g (g (k (f (n (l (h (f (l (l (f (h (h (m (n (k (l (k (g (l (m (l (f (h (l (m (l (f (h (h (h (m (k (n (g (k (n (k (h (g (n (k (m (n (f (h (l (h (m (g (l (f (g (g B))))))))))))))))))))))))))))))))))))))))))))))))))))))))))))))))))))))))))))))))))))))))))))))))))))
.
193:
none
194:
A=B
.
195:
A=B
.
196:
none
197:
A=(k (l (m (k (k (n (h (f (l (f (h (n (g (k (l (h (k (m (f (h (h (n (l (k (h (k (m (m (l (f (k (f (l (h (m (n (f (h (l (g (n (m (n (m (k (f (n (l (h (g (n (k (n (g (n (g (n (n (n (m (k (m (n (h (g (f (k (f (f (h (g (k (g (g (l (g (l (l (n (l (f (n (l (k (m (g (f (h (m (l (g (n (f (n (h (h (h (l (k (n B))))))))))))))))))))))))))))))))))))))))))))))))))))))))))))))))))))))))))))))))))))))))))))))))))))
.
198:
none
199:
A=B
.
200:
A=B
.
201:
none
202:
A=(l (m (k (g (m (g (l (n (h (m (m (h (m (g (f (g (m (l (l (f (f (h (k (k (h (h (n (m (f (n (k (l (k (g (n (h (f (h (n (n (n (h (m (g (n (f (m (n (k (m (k (k (k (f (n (f (l (f (m (g (f (m (l (f (l (h (f (g (k (h (k (m (n (n (n (g (m (n (f (k (m (m (k (h (g (m (h (m (k (g (l (g (n (l (h (g (n (h (f (l B))))))))))))))))))))))))))))))))))))))))))))))))))))))))))))))))))))))))))))))))))))))))))))))))))))
.
203:
none
204:
A=B
.
205:
A=B
.
206:
none
207:
A=(h (f (k (l (g (l (k (f (k (n (n (h (f (n (f (l (n (f (g (g (h (n (h (m (n (h (g (k (l (g (g (n (h (n (m (g (h (k (l (f (g (f (f (n (n (m (g (m (m (n (k (f (f (h (h (l (k (n (m (m (f (k (f (h (k (g (n (f (l (l (f (f (k (k (n (h (k (n (m (g (m (m (l (k (l (k (f (f (n (n (n (l (l (h (g (f (k (l (f (g B))))))))))))))))))))))))))))))))))))))))))))))))))))))))))))))))))))))))))))))))))))))))))))))))))))
.
208:
none
209:
A=B
.
210:
A=B
.
211:
none
212:
A=(m (h (h (l (g (n (f (h (n (m (n (g (l (h (f (n (g (k (l (h (g (h (g (l (g (f (n (f (l (l (l (h (l (n (k (f (n (h (l (n (n (k (m (g (k (h (g (h (g (h (m (g (f (k (l (m (m (k (k (h (k (n (m (n (n (g (n (g (m (f (g (k (m (f (n (m (h (m (k (g (l (f (h (h (l (g (g (f (k (h (l (n (k (h (m (l (l (g (n (h B))))))))))))))))))))))))))))))))))))))))))))))))))))))))))))))))))))))))))))))))))))))))))))))))))))
.
213:
none
214:
A=B
.
215:
A=B
.
216:
none
217:
A=(f (h (f (f (m (n (g (h (g (f (l (h (f (f (k (k (k (k (h (h (l (g (l (l (h (g (h (m (g (n (n (k (f (n (g (l (l (g (f (g (f (h (n (m (f (n (k (n (k (h (g (l (k (m (m (m (f (g (m (l (g (l (l (l (h (m (f (n (g (n (m (n (l (f (h (f (h (h (k (n (f (m (l (h (l (k (f (l (l (k (g (h (n (m (g (f (f (n (f (h B))))))))))))))))))))))))))))))))))))))))))))))))))))))))))))))))))))))))))))))))))))))))))))))))))))
.
218:
none
219:
A=B
.
220:
A=B
.
221:
none
222:
A=(l (f (l (l (f (n (g (f (h (m (m (k (f (m (m (f (h (n (k (h (n (h (n (m (n (m (k (f (m (k (m (n (m (g (h (k (h (l (k (n (n (n (f (m (h (n (h (g (g (m (n (g (f (h (m (h (k (h (k (m (m (n (n (n (k (l (l (g (f (m (h (n (l (l (k (l (h (m (h (m (h (f (h (k (k (m (k (f (l (k (g (g (n (f (m (m (h (g (k (n B))))))))))))))))))))))))))))))))))))))))))))))))))))))))))))))))))))))))))))))))))))))))))))))))))))
.
223:
none
224:
A=B
.
225:
A=B
.
226:
none
227:
A=(k (l (m (f (m (h (m (l (g (g (k (h (m (l (h (g (k (m (m (h (n (k (k (g (m (l (f (k (g (n (n (n (g (n (n (n (g (h (f (n (f (g (l (f (n (n (h (l (g (k (m (n (h (h (h (n (n (m (n (f (n (m (k (h (n (k (m (g (n (n (f (l (g (k (g (h (l (h (h (l (n (l (g (k (k (g (m (n (g (g (n (f (f (f (g (f (k (g (h (l B))))))))))))))))))))))))))))))))))))))))))))))))))))))))))))))))))))))))))))))))))))))))))))))))))))
.
228:
none
229:
A=B
.
230:
A=B
.
231:
none
232:
A=(n (h (n (l (k (h (f (l (m (n (h (g (f (k (l (h (g (h (g (n (m (m (g (m (k (m (l (f (h (f (m (g (l (f (l (k (f (n (f (m (l (k (g (h (f (l (g (n (l (g (k (g (f (k (l (m (h (l (m (m (g (m (n (h (l (m (m (m (n (k (n (l (m (h (n (l (g (m (f (h (g (n (f (n (l (h (k (k (f (h (f (l (l (k (n (l (l (f (n (f B))))))))))))))))))))))))))))))))))))))))))))))))))))))))))))))))))))))))))))))))))))))))))))))))))))
.
233:
none
234:
A=B
.
235:
A=B
.
236:
none
237:
A=(f (h (g (m (h (g (m (l (g (l (n (n (g (f (l (k (k (l (l (n (m (n (f (l (n (l (h (h (f (h (n (f (n (n (f (h (l (l (h (f (h (k (h (h (g (g (m (l (g (g (n (f (f (l (h (h (m (l (n (l (g (m (f (k (g (m (g (n (n (k (m (h (l (l (l (m (g (k (k (k (l (h (f (h (f (l (n (g (k (h (l (h (h (m (f (n (l (k (h (h B))))))))))))))))))))))))))))))))))))))))))))))))))))))))))))))))))))))))))))))))))))))))))))))))))))
.
238:
none
239:
A=B
.
240:
A=B
.
241:
none
242:
A=(k (l (m (k (m (f (m (h (k (g (g (m (l (f (h (l (h (g (n (g (h (h (l (n (f (n (k (h (h (m (f (m (n (k (n (n (l (h (h (k (h (f (h (k (m (k (l (l (n (k (h (g (h (h (l (l (k (n (f (g (l (k (k (l (n (m (n (f (k (f (m (m (f (n (g (f (f (f (g (k (f (g (h (n (l (n (k (m (m (n (h (f (n (m (n (h (k (k (g (h B))))))))))))))))))))))))))))))))))))))))))))))))))))))))))))))))))))))))))))))))))))))))))))))))))))
.
243:
none
244:
A=B
.
245:
A=B
.
246:
none
247:
A=(k (k (g (m (k (n (m (k (m (k (n (k (m (f (n (m (n (h (l (f (g (m (k (n (h (m (h (m (g (m (n (h (h (n (h (h (h (l (h (g (l (n (m (h (m (k (l (k (g (l (m (m (f (n (m (n (n (g (m (m (l (g (n (l (h (h (m (g (l (l (n (m (f (k (n (l (n (h (g (f (l (m (f (f (f (l (g (l (m (g (h (f (l (g (l (m (n (k (g (n B))))))))))))))))))))))))))))))))))))))))))))))))))))))))))))))))))))))))))))))))))))))))))))))))))))
.
248:
none
249:
A=B
.
250:
A=B
.
251:
none
252:
A=(h (h (f (k (m (m (l (h (f (n (h (f (h (f (n (m (g (m (n (k (l (k (m (h (g (n (l (m (g (g (l (k (l (h (g (k (n (m (n (n (l (h (h (h (l (n (f (h (m (l (h (l (n (h (k (h (g (n (m (k (n (m (k (n (h (n (k (h (l (l (h (m (m (m (k (n (m (l (l (l (m (g (f (l (f (g (k (m (n (k (k (m (h (f (f (g (l (k (m (n B))))))))))))))))))))))))))))))))))))))))))))))))))))))))))))))))))))))))))))))))))))))))))))))))))))
.
253:
none
254:
A=B
.
255:
A=B
.
256:
none
257:
A=(k (m (n (h (f (m (f (m (l (n (m (g (g (h (g (m (f (l (h (n (h (h (f (m (l (g (n (k (f (g (n (f (f (h (n (l (k (g (f (m (g (n (h (f (m (n (g (k (h (k (k (m (h (l (h (g (n (f (h (k (m (g (g (g (m (n (l (n (m (l (h (l (g (m (h (k (k (g (g (f (m (m (l (l (k (k (g (k (g (m (f (l (m (l (m (f (m (l (n (n B))))))))))))))))))))))))))))))))))))))))))))))))))))))))))))))))))))))))))))))))))))))))))))))))))))
.
258:
none
259:
A=B
.
260:
A=B
.
261:
none
262:
A=(h (g (h (m (g (n (l (k (g (l (l (f (h (m (n (g (f (l (h (f (g (m (m (l (n (m (m (g (g (f (g (g (f (f (m (l (k (l (h (l (m (n (n (g (n (l (l (f (g (l (n (g (m (m (g (m (g (h (f (h (l (f (h (l (l (g (m (n (n (m (g (l (h (f (m (g (f (h (m (k (k (h (l (l (g (m (l (k (n (l (n (h (f (g (f (k (l (g (f (m B))))))))))))))))))))))))))))))))))))))))))))))))))))))))))))))))))))))))))))))))))))))))))))))))))))
.
263:
none
264:
A=B
.
265:
A=B
.
266:
none
267:
A=(k (n (m (f (f (m (m (l (n (l (k (f (k (h (g (f (g (g (k (h (f (l (k (k (k (k (g (f (h (f (n (f (l (k (h (g (m (f (m (f (h (h (k (h (g (l (l (g (k (f (h (h (m (h (m (l (l (m (n (m (h (n (f (l (g (h (h (h (k (h (h (n (h (k (f (k (m (n (l (g (n (g (f (k (f (k (h (n (k (g (m (k (f (k (m (n (g (f (n (k B))))))))))))))))))))))))))))))))))))))))))))))))))))))))))))))))))))))))))))))))))))))))))))))))))))
.
268:
none
269:
A=B
.
270:
A=B
.
271:
none
272:
A=(k (h (l (g (h (m (h (f (l (n (n (g (k (k (k (m (n (f (k (g (l (k (n (m (f (g (m (h (m (f (k (k (h (f (l (g (g (l (g (h (l (h (k (h (n (g (h (g (l (l (m (g (l (k (m (g (n (h (h (m (l (m (l (k (n (k (m (f (f (g (g (n (h (g (k (g (l (g (k (l (l (g (m (h (n (g (h (l (h (h (f (l (h (h (k (m (f (k (m (l B))))))))))))))))))))))))))))))))))))))))))))))))))))))))))))))))))))))))))))))))))))))))))))))))))))
.
273:
none
274:
A=B
.
275:
A=B
.
276:
none
277:
A=(m (n (n (g (m (n (f (h (m (m (n (n (n (k (n (l (k (l (m (h (n (g (f (k (n (m (k (l (g (k (m (k (l (l (h (k (l (f (l (n (k (n (g (f (k (g (l (k (m (n (l (m (k (f (h (m (k (h (k (h (f (m (m (f (m (h (k (h (m (f (m (l (g (m (n (l (m (n (h (m (n (l (k (l (m (n (g (m (n (g (n (l (g (n (m (m (l (h (k (n B))))))))))))))))))))))))))))))))))))))))))))))))))))))))))))))))))))))))))))))))))))))))))))))))))))
.
278:
none
279:
A=B
.
280:
A=B
.
281:
none
282:
A=(f (m (h (n (g (g (h (f (k (f (k (f (f (l (k (k (n (m (g (k (m (f (g (m (f (n (n (n (m (g (n (h (n (k (l (g (l (n (g (l (k (n (m (g (h (n (n (k (g (n (g (h (k (h (h (m (f (f (g (m (h (l (h (n (m (k (m (h (m (f (k (l (m (f (m (g (h (k (k (f (l (l (f (f (k (l (k (f (g (l (h (n (h (m (f (g (f (m (h (g B))))))))))))))))))))))))))))))))))))))))))))))))))))))))))))))))))))))))))))))))))))))))))))))))))))
.
283:
none
284:
A=B
.
285:
A=B
.
286:
none
287:
A=(h (n (n (m (n (n (n (l (n (l (m (g (g (k (g (n (g (n (m (g (h (h (n (k (m (m (n (n (g (g (l (l (n (f (k (g (f (h (g (g (g (n (g (g (k (g (m (h (h (l (f (g (m (f (l (m (g (l (f (f (l (h (g (k (m (m (f (f (n (l (m (f (h (m (g (n (l (n (f (h (n (n (m (h (n (m (g (l (h (l (l (h (g (n (g (f (n (k (f (n B))))))))))))))))))))))))))))))))))))))))))))))))))))))))))))))))))))))))))))))))))))))))))))))))))))
.
288:
none
289:
A=B
.
290:
A=B
.
291:
none
292:
A=(n (l (n (n (g (f (k (n (n (g (n (n (k (l (n (k (h (l (n (m (k (m (g (h (n (l (m (h (m (g (g (g (g (k (h (g (h (k (k (n (k (n (n (g (m (l (l (m (f (f (l (l (g (f (g (l (h (m (f (m (m (f (k (g (m (m (m (l (m (n (h (k (h (n (h (k (f (m (n (h (k (h (l (k (f (g (g (g (m (m (n (k (f (l (h (m (h (n (h (g B))))))))))))))))))))))))))))))))))))))))))))))))))))))))))))))))))))))))))))))))))))))))))))))))))))
.
293:
none
294:
A=B
.
295:
A=B
.
296:
none
297:
A=(h (g (h (n (k (f (n (f (g (l (m (k (f (g (h (l (n (l (m (g (m (g (l (l (g (f (g (k (g (l (l (k (m (l (f (n (l (k (l (f (k (h (f (l (h (n (m (m (f (k (m (g (m (g (n (n (g (l (k (l (k (k (k (k (k (h (f (f (m (g (g (g (k (k (f (f (g (f (f (k (k (k (n (k (h (m (h (g (n (h (h (f (g (m (h (f (l (h (n (h B))))))))))))))))))))))))))))))))))))))))))))))))))))))))))))))))))))))))))))))))))))))))))))))))))))
.
298:
none
299:
A=B
.
300:
A=B
.
301:
none
302:
A=(l (h (n (m (g (n (k (h (k (h (h (k (m (n (k (n (f (f (h (m (f (n (h (f (h (m (h (f (h (k (k (f (g (n (f (f (g (n (l (h (f (h (l (g (f (m (g (f (k (h (f (l (n (f (k (n (h (h (h (m (g (f (f (f (g (g (g (l (g (h (n (m (l (g (g (m (f (k (m (l (g (g (n (h (k (k (f (n (g (g (f (l (g (k (f (h (m (f (n (g B))))))))))))))))))))))))))))))))))))))))))))))))))))))))))))))))))))))))))))))))))))))))))))))))))))
.
303:
none
304:
A=B
.
305:
A=B
.
306:
none
307:
A=(k (f (h (n (k (f (n (n (g (f (h (g (l (f (f (h (h (k (f (m (g (h (h (l (g (m (f (k (g (k (n (k (l (m (k (k (g (f (m (h (k (n (m (f (k (f (h (h (h (m (n (g (f (m (h (n (l (f (m (g (n (l (l (k (n (m (f (l (m (l (h (n (m (l (n (g (m (f (f (g (f (m (n (f (n (h (h (m (h (g (n (f (k (f (f (m (h (l (k (g B))))))))))))))))))))))))))))))))))))))))))))))))))))))))))))))))))))))))))))))))))))))))))))))))))))
.
308:
none
309:
A=B
.
310:
A=B
.
311:
none
312:
A=(f (f (h (f (n (l (g (n (m (n (k (k (g (k (l (f (n (f (g (m (f (k (f (h (l (k (k (g (m (g (m (l (h (f (f (h (g (n (l (g (m (n (l (g (g (l (m (m (m (f (f (f (h (f (h (f (m (g (k (g (f (g (l (f (n (m (n (h (n (f (h (f (h (g (k (f (n (l (n (k (m (n (l (k (h (h (f (k (n (l (h (g (l (k (g (h (m (m (f (f B))))))))))))))))))))))))))))))))))))))))))))))))))))))))))))))))))))))))))))))))))))))))))))))))))))
.
313:
none
314:
A=B
.
315:
A=B
.
316:
none
317:
A=(l (l (f (k (k (f (k (m (f (m (m (g (g (m (n (h (f (k (m (g (m (g (h (k (n (n (f (m (l (g (h (f (k (l (g (h (n (g (g (l (n (g (m (k (f (h (l (k (m (k (n (m (f (g (m (m (m (h (f (l (f (k (m (f (n (h (n (n (n (f (k (l (l (k (l (n (g (l (h (m (g (l (n (l (n (l (f (h (f (g (f (f (l (n (g (m (m (l (k (g B))))))))))))))))))))))))))))))))))))))))))))))))))))))))))))))))))))))))))))))))))))))))))))))))))))
.
318:
none
319:
A=B
.
320:
A=B
.
321:
none
322:
A=(h (h (m (m (k (g (m (k (h (k (h (h (h (k (g (f (h (l (f (f (g (k (g (k (n (n (k (f (h (g (n (m (f (g (k (m (m (h (l (k (g (g (m (k (g (n (l (m (n (l (l (n (k (m (f (l (l (k (f (k (h (n (k (l (g (l (g (m (n (n (g (n (f (g (g (l (h (h (f (g (g (f (f (g (n (m (k (h (h (l (l (m (m (l (g (h (k (m (m (n B))))))))))))))))))))))))))))))))))))))))))))))))))))))))))))))))))))))))))))))))))))))))))))))))))))
.
323:
none
324:
A=B
.
325:
A=B
.
326:
none
327:
A=(n (g (l (g (f (g (g (n (f (m (f (l (k (n (g (f (f (h (l (n (m (g (n (m (f (f (g (g (h (n (l (f (f (g (g (f (k (f (h (n (m (h (f (h (h (m (n (f (l (g (h (n (k (m (n (n (f (l (g (l (f (l (h (l (h (g (h (f (h (f (m (m (l (n (l (f (n (n (h (m (l (g (m (l (k (l (k (k (m (n (f (m (l (m (h (h (l (f (g (h B))))))))))))))))))))))))))))))))))))))))))))))))))))))))))))))))))))))))))))))))))))))))))))))))))))
.
328:
none
329:
A=B
.
330:
A=B
.
331:
none
332:
A=(k (k (m (l (n (l (m (f (g (h (k (m (g (h (f (m (k (k (m (l (m (m (n (f (k (h (l (n (k (m (n (m (h (m (l (n (g (f (m (g (g (k (f (f (f (k (k (h (m (m (n (n (k (n (f (h (f (g (g (l (k (m (g (n (n (n (n (f (l (k (l (l (k (n (f (n (g (f (m (m (n (g (h (m (h (h (h (h (l (g (f (k (m (n (f (f (n (h (h (h B))))))))))))))))))))))))))))))))))))))))))))))))))))))))))))))))))))))))))))))))))))))))))))))))))))
.
333:
none
334:
A=B
.
335:
A=B
.
336:
none
337:
A=(l (n (k (l (n (l (l (h (k (n (g (f (n (n (n (f (h (g (k (h (m (k (g (k (l (f (m (m (h (h (l (f (h (m (f (h (l (g (l (k (n (m (l (f (h (l (l (h (m (f (g (g (h (h (m (f (k (h (n (h (m (l (l (k (l (m (n (g (k (k (g (f (f (m (h (g (m (k (k (n (k (g (m (f (f (m (g (n (l (f (g (h (k (m (g (g (g (k (h (m B))))))))))))))))))))))))))))))))))))))))))))))))))))))))))))))))))))))))))))))))))))))))))))))))))))
.
338:
none
339:
A=B
.
340:
A=B
.
341:
none
342:
A=(h (h (h (h (f (m (f (l (h (k (n (h (l (m (g (m (f (f (h (m (f (g (n (l (m (f (k (k (h (k (f (h (g (f (n (f (k (l (n (k (m (h (k (k (f (l (l (f (l (m (h (k (k (f (k (g (l (h (k (k (m (g (m (n (k (m (g (n (m (l (h (k (n (l (f (l (l (h (h (l (k (l (f (f (k (h (k (g (k (h (m (h (f (m (m (n (n (h (h (n B))))))))))))))))))))))))))))))))))))))))))))))))))))))))))))))))))))))))))))))))))))))))))))))))))))
.
343:
none
344:
A=B
.
345:
A=B
.
346:
none
347:
A=(f (l (g (h (h (k (l (f (l (n (g (f (n (l (h (l (h (n (f (m (f (h (g (g (h (f (h (g (k (f (m (l (f (g (f (h (n (f (l (n (k (k (n (h (f (l (m (g (f (h (k (g (k (n (k (g (l (k (k (h (k (g (l (h (h (l (l (m (n (k (n (k (l (g (n (n (g (f (l (l (l (l (h (n (h (h (m (m (k (g (n (m (n (h (f (g (h (n (k (l B))))))))))))))))))))))))))))))))))))))))))))))))))))))))))))))))))))))))))))))))))))))))))))))))))))
.
348:
none
349:
A=B
.
350:
A=B
.
351:
none
352:
A=(k (h (m (n (l (f (k (g (h (g (l (g (l (n (g (g (l (g (h (g (f (h (g (k (g (h (n (g (f (l (k (h (f (m (f (h (g (k (l (h (n (g (f (m (m (l (g (f (l (g (l (h (n (k (f (m (m (m (f (h (l (f (l (m (m (f (l (f (l (l (k (h (m (g (f (l (k (k (k (g (m (k (l (g (n (g (h (f (f (k (h (g (k (g (m (h (k (k (h (f B))))))))))))))))))))))))))))))))))))))))))))))))))))))))))))))))))))))))))))))))))))))))))))))))))))
.
353:
none
354:
A=B
.
355:
A=B
.
356:
none
357:
A=(f (f (n (m (h (m (f (f (g (h (g (h (l (h (h (m (g (k (l (l (n (h (n (g (g (k (f (m (g (h (m (k (m (h (f (m (l (f (f (h (k (g (h (g (h (l (m (k (n (h (f (g (h (k (g (m (g (l (m (k (n (g (n (h (g (l (l (m (k (g (h (g (k (f (k (f (g (m (k (k (k (n (g (f (m (h (m (n (l (h (m (m (m (f (f (f (h (g (g (g B))))))))))))))))))))))))))))))))))))))))))))))))))))))))))))))))))))))))))))))))))))))))))))))))))))
.
358:
none
359:
A=B
.
360:
A=B
.
361:
none
362:
A=(m (k (l (l (m (k (k (l (l (k (h (h (m (k (k (m (f (m (m (n (f (n (g (h (h (f (h (n (k (n (m (n (m (f (g (m (k (f (h (f (g (n (l (g (n (n (f (f (n (k (m (n (h (k (k (g (g (l (l (h (g (g (n (n (m (h (l (l (n (n (m (h (l (l (m (h (g (f (l (l (l (f (k (k (l (n (f (k (g (k (f (m (n (m (l (m (g (m (k (l B))))))))))))))))))))))))))))))))))))))))))))))))))))))))))))))))))))))))))))))))))))))))))))))))))))
.
363:
none
364:
A=B
.
365:
A=B
.
366:
none
367:
A=(m (l (k (n (m (l (f (h (f (f (h (m (f (k (l (k (k (l (n (f (l (l (g (k (g (l (h (m (h (g (f (l (l (l (h (m (k (m (m (g (g (f (n (l (k (l (n (n (m (f (k (k (k (k (k (m (f (n (h (m (k (g (l (l (g (n (h (f (h (n (n (m (g (l (l (n (n (l (h (n (k (l (f (g (h (g (g (k (g (l (h (h (f (k (f (l (h (h (h (m B))))))))))))))))))))))))))))))))))))))))))))))))))))))))))))))))))))))))))))))))))))))))))))))))))))
.
368:
none
369:
A=B
.
370:
A=B
.
371:
none
372:
A=(m (k (m (m (l (m (n (m (l (n (h (n (g (m (n (f (n (k (l (g (n (n (l (k (m (l (k (l (l (n (l (k (f (m (k (m (h (f (m (k (g (n (f (g (h (h (g (g (h (g (h (h (f (f (g (n (m (g (m (m (h (k (f (g (m (g (l (m (f (h (l (f (n (l (n (h (g (g (h (m (l (k (h (h (m (h (f (m (g (h (l (g (h (f (k (g (h (f (f (f B))))))))))))))))))))))))))))))))))))))))))))))))))))))))))))))))))))))))))))))))))))))))))))))))))))
.
373:
none
374:
A=B
.
375:
A=B
.
376:
none
377:
A=(k (k (h (k (m (m (m (n (g (h (k (h (f (m (l (f (g (h (f (m (h (k (m (g (n (f (n (m (n (h (g (h (g (m (g (n (h (h (g (h (k (n (n (l (g (h (g (m (l (h (m (k (n (k (h (f (n (m (l (k (f (l (n (f (l (m (m (m (f (m (k (h (n (g (m (g (l (k (h (f (n (f (f (g (g (k (h (h (k (n (m (h (m (k (n (n (l (g (k (k B))))))))))))))))))))))))))))))))))))))))))))))))))))))))))))))))))))))))))))))))))))))))))))))))))))
.
378:
none
379:
A=B
.
380:
A=B
.
381:
none
382:
A=(g (h (g (f (h (g (f (h (m (g (l (g (k (k (g (g (m (l (m (n (l (g (h (f (l (g (f (l (m (m (l (g (f (l (n (l (h (g (n (h (m (k (k (k (k (g (h (n (f (l (l (k (g (g (h (k (k (m (g (m (f (k (l (k (f (m (f (l (g (l (h (n (n (g (h (n (g (l (g (h (k (h (h (f (m (f (h (f (l (l (f (k (k (g (g (l (k (g (m (m B))))))))))))))))))))))))))))))))))))))))))))))))))))))))))))))))))))))))))))))))))))))))))))))))))))
.
383:
none
384:
A=B
.
385:
A=B
.
386:
none
387:
A=(n (m (m (l (k (f (k (m (f (g (f (k (m (g (k (g (f (m (n (l (k (n (l (m (f (g (n (f (f (g (n (f (g (g (g (g (f (k (f (n (k (l (k (g (g (k (k (h (m (h (n (h (n (f (g (n (h (m (m (g (l (n (f (h (k (h (h (n (f (h (m (f (l (l (n (f (k (k (g (n (h (k (h (n (h (h (f (l (k (l (f (m (n (g (m (k (n (n (f (m B))))))))))))))))))))))))))))))))))))))))))))))))))))))))))))))))))))))))))))))))))))))))))))))))))))
.
388:
none
389:
A=B
.
390:
A=B
.
391:
none
392:
A=(f (k (f (n (h (f (n (f (l (g (k (n (l (h (f (f (f (h (n (f (k (f (k (f (n (k (k (l (k (k (m (h (m (h (n (l (g (l (m (g (f (g (n (n (k (f (g (g (k (f (m (f (h (k (m (k (n (h (l (m (k (f (k (g (g (l (l (l (n (h (m (k (m (g (l (h (m (n (l (f (g (l (k (n (h (m (k (g (m (l (n (f (g (m (n (h (n (n (n (f B))))))))))))))))))))))))))))))))))))))))))))))))))))))))))))))))))))))))))))))))))))))))))))))))))))
.
393:
none
394:
A=B
.
395:
A=B
.
396:
none
397:
A=(g (k (m (f (h (l (h (f (h (f (l (k (l (f (l (f (h (k (g (f (n (n (f (g (k (l (h (f (m (n (f (n (m (k (m (f (n (h (m (m (f (m (m (l (g (k (g (k (k (h (k (k (m (g (l (g (k (f (f (m (m (n (l (f (l (g (m (m (l (l (m (m (n (m (h (f (f (k (k (k (f (g (k (k (m (f (h (f (l (l (n (k (f (k (f (m (l (g (k (l B))))))))))))))))))))))))))))))))))))))))))))))))))))))))))))))))))))))))))))))))))))))))))))))))))))
.
398:
none
399:
A=B
.
400:
A=B
.
401:
none
402:
A=(k (k (m (l (l (m (k (g (g (k (m (m (f (h (l (l (k (m (f (g (m (k (n (n (n (g (g (h (g (h (g (n (m (g (k (n (f (n (g (f (l (f (m (m (l (m (l (f (l (l (m (h (h (h (h (g (k (l (f (k (n (k (g (g (m (h (m (m (g (k (g (l (g (h (n (h (n (h (f (l (f (k (m (h (f (n (m (g (l (l (l (g (g (k (n (f (l (n (f (g B))))))))))))))))))))))))))))))))))))))))))))))))))))))))))))))))))))))))))))))))))))))))))))))))))))
.
403:
none
404:
A=B
.
405:
A=B
.
406:
none
407:
A=(k (h (n (n (h (k (m (h (f (k (k (m (g (m (k (k (m (m (f (h (n (m (k (h (n (k (n (f (n (h (k (m (l (n (g (h (n (h (g (h (k (h (n (l (m (l (l (l (f (g (n (k (h (h (h (f (l (l (k (h (n (m (m (k (m (n (g (n (m (m (h (k (n (k (f (n (n (k (m (h (n (h (l (f (f (k (n (l (g (m (l (k (n (f (l (m (h (n (f (k B))))))))))))))))))))))))))))))))))))))))))))))))))))))))))))))))))))))))))))))))))))))))))))))))))))
.
408:
none
409:
A=B
.
410:
A=B
.
411:
none
412:
A=(l (g (l (g (f (g (f (m (m (f (n (f (f (g (l (k (m (n (f (n (f (l (k (h (h (f (m (f (g (n (m (f (n (k (n (m (l (h (l (l (m (h (l (k (m (g (m (l (h (k (f (k (g (k (m (h (m (m (g (g (f (l (f (g (l (h (f (k (m (k (m (n (n (h (f (n (n (f (f (g (f (n (k (h (l (k (g (m (n (h (g (g (f (n (l (h (k (f (h (h B))))))))))))))))))))))))))))))))))))))))))))))))))))))))))))))))))))))))))))))))))))))))))))))))))))
.
413:
none
414:
A=B
.
415:
A=B
.
416:
none
417:
A=(f (l (n (g (h (g (h (h (h (k (h (f (l (m (f (k (g (g (f (m (n (m (h (l (m (f (l (f (l (h (m (k (n (l (k (g (m (h (f (f (f (h (g (g (l (n (f (l (n (l (m (h (l (l (h (m (h (n (l (h (k (g (n (f (g (n (h (n (g (l (h (m (k (n (l (f (m (g (l (k (l (m (f (n (f (k (k (f (n (h (m (g (n (l (l (k (m (g (n (h B))))))))))))))))))))))))))))))))))))))))))))))))))))))))))))))))))))))))))))))))))))))))))))))))))))
.
418:
none
419:
A=B
.
420:
A=B
.
421:
none
422:
A=(n (n (m (m (k (n (k (m (l (l (g (g (m (k (m (l (m (h (f (h (l (h (f (h (k (h (h (n (m (f (f (l (f (m (m (m (f (n (h (k (h (f (l (m (h (g (k (m (g (k (n (h (f (k (g (l (g (l (h (h (k (g (l (g (l (h (n (l (h (g (g (k (f (f (l (g (l (k (k (m (n (n (h (k (h (k (l (n (k (f (m (k (m (l (g (n (l (m (n (f B))))))))))))))))))))))))))))))))))))))))))))))))))))))))))))))))))))))))))))))))))))))))))))))))))))
.
423:
none
424:
A=B
.
425:
A=B
.
426:
none
427:
A=(h (m (g (n (n (g (n (n (m (f (k (h (k (m (h (m (l (l (n (g (g (k (m (h (k (f (h (m (g (k (k (n (f (l (h (n (m (m (h (m (h (n (f (h (m (l (m (f (l (l (n (g (k (n (g (h (l (k (n (g (k (m (n (h (m (g (g (n (k (n (g (n (k (g (n (l (l (k (h (m (n (k (f (l (h (f (l (h (h (n (f (k (g (h (m (l (g (g (l (m B))))))))))))))))))))))))))))))))))))))))))))))))))))))))))))))))))))))))))))))))))))))))))))))))))))
.
428:
none
429:
A=B
.
430:
A=B
.
431:
none
432:
A=(g (h (n (g (h (f (g (f (g (m (f (m (g (n (g (m (f (n (n (g (k (n (l (l (n (k (m (f (l (g (k (g (g (h (g (f (n (k (l (m (l (h (n (l (m (l (m (f (m (m (m (h (h (g (f (g (h (n (l (k (f (l (f (g (l (h (l (l (m (l (l (n (l (f (l (g (g (g (h (l (k (k (k (f (f (g (g (g (m (f (n (f (g (k (f (k (f (f (g (m B))))))))))))))))))))))))))))))))))))))))))))))))))))))))))))))))))))))))))))))))))))))))))))))))))))
.
433:
none
434:
A=B
.
435:
A=B
.
436:
none
437:
A=(g (h (h (h (n (m (n (g (l (f (h (g (l (g (h (k (m (k (k (l (m (l (l (g (m (g (n (k (h (k (n (k (n (f (n (h (k (k (f (k (l (h (g (g (l (m (h (h (m (l (g (n (l (g (l (k (m (h (l (l (l (k (k (g (n (g (k (n (n (k (n (k (k (k (k (k (n (l (l (h (h (m (l (f (k (n (g (g (f (k (f (g (n (n (f (k (f (l (h (k B))))))))))))))))))))))))))))))))))))))))))))))))))))))))))))))))))))))))))))))))))))))))))))))))))))
.
438:
none
439:
A=B
.
440:
A=B
.
441:
none
442:
A=(m (m (f (m (n (k (n (l (l (m (l (f (f (g (g (h (m (h (m (m (h (f (g (l (l (n (f (l (n (k (k (g (f (h (n (h (h (f (f (h (g (n (f (l (m (h (m (f (m (k (g (l (g (h (h (l (n (k (f (l (f (g (n (h (m (g (l (g (h (f (m (k (g (h (k (l (f (f (l (l (m (n (g (n (k (m (l (k (m (f (f (f (n (f (g (n (f (m (g (g B))))))))))))))))))))))))))))))))))))))))))))))))))))))))))))))))))))))))))))))))))))))))))))))))))))
.
443:
none
444:
A=B
.
445:
A=B
.
446:
none
447:
A=(h (n (g (k (n (n (g (m (k (m (l (g (n (h (g (f (k (f (k (g (m (h (k (h (f (l (f (n (k (n (g (g (m (h (g (m (k (k (l (f (n (g (g (f (l (h (h (k (l (g (h (n (n (l (g (g (k (g (h (g (l (n (n (n (g (n (g (g (m (k (m (f (h (l (f (n (n (l (k (f (g (n (f (n (n (l (k (n (k (h (h (l (h (g (n (g (l (h (k (f B))))))))))))))))))))))))))))))))))))))))))))))))))))))))))))))))))))))))))))))))))))))))))))))))))))
.
448:
none
449:
A=B
.
450:
A=B
.
451:
none
452:
A=(m (k (g (h (l (g (m (g (n (g (g (n (k (g (g (m (h (l (h (h (f (k (g (m (g (n (k (l (m (k (k (f (g (m (g (f (n (m (m (g (m (g (h (m (k (l (h (h (l (m (m (n (g (f (l (h (h (f (k (h (k (f (h (k (m (f (m (m (l (g (m (g (g (n (g (h (n (m (f (n (l (f (m (m (l (k (m (n (l (g (k (n (h (f (l (m (m (k (f (m B))))))))))))))))))))))))))))))))))))))))))))))))))))))))))))))))))))))))))))))))))))))))))))))))))))
.
453:
none
454:
A=B
.
455:
A=B
.
456:
none
457:
A=(l (m (l (n (g (f (l (k (k (k (h (h (l (f (l (l (g (l (k (f (h (g (g (n (m (h (k (l (m (l (m (h (f (f (f (l (n (k (n (n (k (f (f (g (m (n (l (g (l (h (k (m (m (l (h (k (m (n (g (n (h (f (f (f (k (h (k (m (n (l (h (k (f (k (l (n (m (g (h (g (n (g (g (h (k (n (k (n (l (l (k (h (h (g (f (h (n (f (m (n B))))))))))))))))))))))))))))))))))))))))))))))))))))))))))))))))))))))))))))))))))))))))))))))))))))
.
458:
none
459:
A=B
.
460:
A=B
.
461:
none
462:
A=(f (n (m (l (f (h (h (f (h (n (l (m (f (f (h (n (h (l (k (l (l (n (n (l (g (g (n (m (h (l (n (h (g (g (k (f (h (h (h (m (m (g (m (m (h (l (f (l (g (m (m (f (n (f (m (l (h (l (l (f (h (n (l (f (m (g (k (l (f (m (n (k (h (f (m (m (h (k (m (k (g (h (l (h (f (l (k (m (g (m (h (g (f (k (h (g (m (f (n (n B))))))))))))))))))))))))))))))))))))))))))))))))))))))))))))))))))))))))))))))))))))))))))))))))))))
.
463:
none
464:
A=B
.
465:
A=B
.
466:
none
467:
A=(m (l (k (h (m (n (m (n (g (k (l (h (n (l (k (m (n (h (n (k (m (n (g (n (g (m (n (h (m (f (m (f (l (k (g (m (m (n (m (h (l (h (m (n (l (g (l (n (k (l (m (k (l (l (l (l (g (l (m (g (h (n (m (h (n (k (f (f (g (n (g (g (k (m (h (k (k (m (g (g (f (f (k (f (g (n (n (l (g (n (h (n (n (g (n (h (f (n (f (k B))))))))))))))))))))))))))))))))))))))))))))))))))))))))))))))))))))))))))))))))))))))))))))))))))))
.
468:
none
469:
A=B
.
470:
A=B
.
471:
none
472:
A=(n (h (n (n (l (m (f (l (h (m (f (h (g (k (h (f (n (m (h (n (m (f (n (m (g (g (n (m (k (f (f (n (f (l (f (k (k (h (m (k (h (h (n (m (k (f (n (l (m (f (g (k (g (m (f (n (f (m (f (m (h (k (k (m (k (g (k (m (h (g (k (g (h (h (k (l (m (h (k (k (l (k (m (l (f (m (m (n (g (n (m (g (k (l (h (k (m (h (l (l B))))))))))))))))))))))))))))))))))))))))))))))))))))))))))))))))))))))))))))))))))))))))))))))))))))
.
473:
none
474:
A=B
.
475:
A=B
.
476:
none
477:
A=(h (g (n (f (m (l (f (l (f (n (n (m (f (h (h (f (k (g (n (m (m (k (f (k (l (h (l (g (g (m (n (k (m (l (h (f (f (m (k (l (l (k (k (h (n (f (g (k (m (k (l (g (g (h (n (n (h (g (h (k (g (n (g (f (k (h (f (n (m (f (k (k (h (m (n (h (n (m (n (l (h (k (l (n (m (h (l (g (f (h (l (m (k (f (n (f (h (k (m (n B))))))))))))))))))))))))))))))))))))))))))))))))))))))))))))))))))))))))))))))))))))))))))))))))))))
.
478:
none
479:
A=B
.
480:
A=B
.
481:
none
482:
A=(f (h (m (m (f (l (g (g (m (h (f (k (f (h (h (n (g (f (l (l (m (m (f (m (m (k (g (f (n (n (g (k (n (n (l (h (g (n (m (g (g (k (l (m (l (h (h (l (m (k (h (g (h (f (m (m (g (g (l (h (n (l (g (k (g (h (g (m (n (l (k (h (l (m (g (l (g (h (k (g (l (f (m (k (k (m (n (n (f (l (h (h (k (n (k (h (m (m (f (f B))))))))))))))))))))))))))))))))))))))))))))))))))))))))))))))))))))))))))))))))))))))))))))))))))))
.
483:
none
484:
A=B
.
485:
A=B
.
486:
none
487:
A=(n (l (f (l (l (g (f (l (m (n (l (f (n (g (k (f (f (g (k (k (l (l (g (f (g (m (m (l (l (f (h (g (n (h (f (h (k (m (l (k (g (l (l (k (l (k (h (h (m (f (h (m (n (h (g (h (h (h (f (h (n (k (k (f (k (m (h (m (g (g (h (g (k (h (m (k (f (g (n (h (n (f (l (k (k (g (f (n (k (h (g (k (g (l (k (h (l (l (h (l B))))))))))))))))))))))))))))))))))))))))))))))))))))))))))))))))))))))))))))))))))))))))))))))))))))
.
488:
none
489:
A=B
.
490:
A=B
.
491:
none
492:
A=(n (k (m (g (n (f (l (g (l (h (k (g (f (k (n (l (m (l (l (h (g (m (g (h (l (n (l (m (n (m (l (m (l (n (g (g (l (h (g (l (f (m (m (h (h (m (f (l (k (h (k (h (h (f (h (g (g (k (f (f (g (m (l (k (l (m (n (m (n (m (k (k (f (m (n (h (g (h (h (n (m (h (k (l (l (g (f (f (l (g (k (g (n (g (n (g (f (f (l (f B))))))))))))))))))))))))))))))))))))))))))))))))))))))))))))))))))))))))))))))))))))))))))))))))))))
.
493:
none
494:
A=B
.
495:
A=B
.
496:
none
497:
A=(k (f (f (h (m (k (h (h (m (f (l (n (g (n (l (n (m (h (h (k (g (n (h (f (g (n (f (k (l (f (g (m (m (m (l (f (f (m (h (k (l (n (f (g (m (h (f (f (f (k (k (f (g (g (k (n (n (k (h (f (f (g (f (f (l (h (n (k (k (h (h (g (f (n (n (m (n (n (l (l (k (l (f (n (m (m (n (k (g (n (f (h (m (f (h (m (g (k (l (m B))))))))))))))))))))))))))))))))))))))))))))))))))))))))))))))))))))))))))))))))))))))))))))))))))))
.
498:
none
499:
A=B
.
500:
A=B
.
501:
none
502:
A=(l (h (h (h (f (m (n (m (l (m (m (f (f (g (l (g (g (n (l (f (n (k (g (g (g (m (n (f (g (l (f (k (n (k (l (f (l (k (n (l (h (k (m (m (f (f (f (g (k (g (f (m (n (k (k (f (h (f (h (m (m (n (k (h (l (m (f (f (l (g (l (g (l (g (k (l (m (l (l (n (n (m (h (g (n (m (k (f (f (k (n (l (l (n (h (f (l (f (g (l B))))))))))))))))))))))))))))))))))))))))))))))))))))))))))))))))))))))))))))))))))))))))))))))))))))
.
503:
none
504:
A=B
.
505:
A=B
.
506:
none
507:
A=(g (h (f (g (h (h (m (l (f (m (m (k (g (n (g (n (g (h (l (f (l (k (h (n (n (h (l (l (m (k (l (l (f (f (l (l (h (l (m (m (h (m (f (m (m (h (f (n (n (l (n (n (k (g (g (f (k (l (g (h (f (g (g (k (m (k (f (k (g (k (g (k (l (l (g (f (n (n (m (l (k (n (n (l (h (m (m (n (g (g (k (m (g (k (f (h (k (n (f (l B))))))))))))))))))))))))))))))))))))))))))))))))))))))))))))))))))))))))))))))))))))))))))))))))))))
.
508:
none
509:
A=B
.
510:
A=B
.
511:
none
512:
A=(g (m (f (n (m (f (k (k (k (k (n (n (h (g (k (l (k (m (g (n (l (m (n (k (m (m (f (m (k (k (n (h (l (g (m (f (l (n (g (m (f (n (m (n (f (h (g (n (l (l (l (g (m (m (h (k (k (l (g (g (k (g (k (l (f (h (h (g (h (k (l (m (h (h (f (g (h (m (n (n (n (m (k (f (h (l (h (f (k (k (n (k (h (h (h (m (g (g (k (f B))))))))))))))))))))))))))))))))))))))))))))))))))))))))))))))))))))))))))))))))))))))))))))))))))))
.
513:
none
514:
A=B
.
515:
A=B
.
516:
none
517:
A=(m (l (l (g (l (g (n (k (m (n (m (g (h (m (m (l (h (g (l (n (g (f (g (g (k (l (f (k (l (l (h (n (k (l (n (h (h (k (l (n (g (g (f (k (f (g (m (f (h (h (n (g (m (g (m (h (l (f (k (h (m (n (n (f (h (h (l (f (f (n (f (n (g (l (h (m (n (h (f (g (l (h (f (n (m (n (f (l (h (f (h (f (n (m (g (m (k (m (l (h B))))))))))))))))))))))))))))))))))))))))))))))))))))))))))))))))))))))))))))))))))))))))))))))))))))
.
518:
none
519:
A=B
.
520:
A=B
.
521:
none
522:
A=(k (m (h (g (k (n (n (k (f (k (g (k (k (l (n (g (k (n (l (h (f (f (f (k (g (m (m (k (m (m (k (h (m (f (g (g (g (f (l (k (l (h (l (h (f (m (l (n (n (f (n (m (h (g (m (f (n (l (n (l (m (f (f (h (f (f (l (h (n (h (n (h (k (l (g (l (k (l (h (h (g (m (l (f (h (g (m (f (h (h (f (m (m (n (h (f (g (l (f (f B))))))))))))))))))))))))))))))))))))))))))))))))))))))))))))))))))))))))))))))))))))))))))))))))))))
.
523:
none
524:
A=B
.
525:
A=B
.
526:
none
527:
A=(f (h (h (g (h (l (h (k (f (f (f (g (n (g (l (g (l (n (k (l (n (g (k (f (m (g (g (n (f (n (h (k (k (h (m (h (h (l (l (k (k (h (n (h (k (f (f (n (l (n (m (f (m (m (k (g (g (g (k (h (g (h (n (l (l (m (m (m (f (f (n (k (g (g (f (m (k (m (f (k (k (f (h (h (h (k (g (l (h (n (g (l (k (l (h (m (l (n (f (l B))))))))))))))))))))))))))))))))))))))))))))))))))))))))))))))))))))))))))))))))))))))))))))))))))))
.
528:
none
529:
A=B
.
530:
A=B
.
531:
none
532:
A=(f (k (g (m (k (g (l (l (f (h (h (g (m (l (f (g (l (g (k (n (l (l (m (k (n (h (f (l (l (g (g (k (g (f (n (k (g (f (g (g (l (h (n (l (l (h (h (l (k (k (n (k (m (l (n (m (l (k (f (f (n (n (g (k (g (n (h (f (f (l (f (m (m (h (m (h (h (f (k (g (l (f (m (f (n (g (f (m (m (f (l (m (n (m (l (g (l (l (h (l B))))))))))))))))))))))))))))))))))))))))))))))))))))))))))))))))))))))))))))))))))))))))))))))))))))
.
533:
none
534:
A=B
.
535:
A=B
.
536:
none
537:
A=(g (h (h (g (l (g (g (m (g (k (h (n (k (h (k (m (g (g (l (g (f (m (h (f (m (g (f (g (f (g (h (h (g (h (k (l (f (h (m (h (m (f (m (l (k (m (l (g (g (h (f (m (k (f (m (g (h (f (f (m (g (k (g (f (g (g (h (n (f (k (l (l (m (l (m (h (g (h (f (g (g (g (n (h (l (h (k (n (m (n (k (m (g (f (n (l (f (l (h (f B))))))))))))))))))))))))))))))))))))))))))))))))))))))))))))))))))))))))))))))))))))))))))))))))))))
.
538:
none
539:
A=B
.
540:
A=B
.
541:
none
542:
A=(f (g (n (k (h (g (n (l (h (l (n (m (g (f (l (f (g (f (g (m (l (m (l (l (h (n (l (g (f (k (l (k (g (f (h (n (g (k (g (k (l (h (n (k (h (k (g (m (m (l (k (f (g (f (f (l (f (k (g (m (n (k (l (f (n (l (l (n (l (k (h (l (f (f (n (m (h (l (f (m (h (h (h (m (f (g (g (k (n (n (l (k (m (g (m (n (k (h (h (g B))))))))))))))))))))))))))))))))))))))))))))))))))))))))))))))))))))))))))))))))))))))))))))))))))))
.
543:
none
544:
A=B
.
545:
A=B
.
546:
none
547:
A=(h (h (n (h (n (n (l (n (n (k (l (f (n (k (g (l (l (k (g (n (f (f (g (g (k (k (m (g (l (n (h (f (g (f (h (k (m (n (n (g (k (h (m (k (g (n (h (m (h (h (f (g (f (k (n (h (g (h (g (g (n (l (l (n (h (h (l (h (f (l (m (g (m (g (k (h (f (m (n (l (m (f (h (n (l (k (g (n (m (m (k (l (l (h (m (n (h (n (h (m B))))))))))))))))))))))))))))))))))))))))))))))))))))))))))))))))))))))))))))))))))))))))))))))))))))
.
548:
none
549:
A=B
.
550:
A=B
.
551:
none
552:
A=(n (g (k (h (h (g (m (n (n (g (h (n (l (m (m (m (m (k (f (n (n (k (m (l (l (f (m (l (g (g (k (l (k (k (h (n (n (l (g (l (n (h (l (h (n (l (g (h (m (f (g (l (h (f (n (n (m (m (l (m (m (f (l (n (g (k (m (n (g (f (k (m (h (m (g (m (k (m (g (f (m (m (g (m (n (f (g (f (m (l (f (h (f (h (l (g (n (n (l (f B))))))))))))))))))))))))))))))))))))))))))))))))))))))))))))))))))))))))))))))))))))))))))))))))))))
.
553:
none
554:
A=B
.
555:
A=B
.
556:
none
557:
A=(n (m (g (m (g (n (m (l (h (h (l (k (k (f (f (g (k (f (l (h (g (l (n (l (k (n (g (l (l (f (f (f (l (k (m (h (m (h (g (n (g (f (l (g (g (f (n (l (l (f (g (l (l (n (g (k (n (m (l (n (g (k (l (k (m (l (n (l (n (h (l (h (k (n (h (g (l (g (l (l (h (n (n (f (h (h (h (k (h (n (f (m (f (m (l (g (n (m (l (l B))))))))))))))))))))))))))))))))))))))))))))))))))))))))))))))))))))))))))))))))))))))))))))))))))))
.
558:
none
559:
A=B
.
560:
A=B
.
561:
none
562:
A=(l (k (m (g (f (g (g (h (h (h (h (n (k (g (m (f (f (f (n (k (h (n (f (l (n (f (m (n (m (m (m (m (g (h (l (m (l (m (f (k (f (f (k (m (n (k (f (m (m (l (l (k (k (l (f (l (l (m (m (m (h (g (m (n (n (n (g (g (m (h (m (m (g (n (k (g (m (n (f (m (n (h (g (k (f (g (n (m (f (l (m (k (f (m (k (l (f (n (k (f B))))))))))))))))))))))))))))))))))))))))))))))))))))))))))))))))))))))))))))))))))))))))))))))))))))
.
563:
none
564:
A=B
.
565:
A=B
.
566:
none
567:
A=(g (g (h (m (h (l (n (f (f (h (g (l (g (g (h (k (k (k (f (h (k (h (m (k (n (l (f (k (h (l (g (k (h (h (n (l (f (k (g (m (h (n (l (f (f (n (l (l (n (m (k (m (f (n (f (g (m (l (l (h (m (h (f (n (h (g (h (n (n (f (m (l (m (k (l (f (f (g (m (l (n (n (h (f (l (g (l (n (m (n (m (f (m (m (m (f (l (l (h (g B))))))))))))))))))))))))))))))))))))))))))))))))))))))))))))))))))))))))))))))))))))))))))))))))))))
.
568:
none
569:
A=B
.
570:
A=B
.
571:
none
572:
A=(k (g (l (l (k (l (h (h (g (k (h (h (h (m (k (m (n (h (k (n (g (m (n (h (h (m (g (l (l (l (g (f (h (h (n (k (k (g (f (n (g (k (l (k (l (n (n (m (g (k (n (l (n (l (f (h (k (f (l (l (g (f (n (g (h (g (f (n (h (k (h (k (l (f (m (g (n (f (l (l (n (g (k (h (m (l (k (n (f (k (m (g (g (m (k (k (l (h (l (k B))))))))))))))))))))))))))))))))))))))))))))))))))))))))))))))))))))))))))))))))))))))))))))))))))))
.
573:
none
574:
A=B
.
575:
A=B
.
576:
none
577:
A=(f (k (m (l (g (n (k (k (f (l (k (h (k (g (m (k (g (g (m (g (g (k (g (h (k (h (k (l (h (h (f (n (l (n (l (l (f (l (m (n (h (m (n (n (l (f (f (m (g (g (h (g (m (l (f (k (n (n (g (f (l (f (k (l (g (g (h (g (m (n (l (l (k (h (m (h (k (k (g (g (k (k (k (h (f (f (f (m (f (f (h (l (l (h (k (g (h (k (g (l B))))))))))))))))))))))))))))))))))))))))))))))))))))))))))))))))))))))))))))))))))))))))))))))))))))
.
578:
none
579:
A=B
.
580:
A=B
.
581:
none
582:
A=(f (k (k (l (l (f (h (l (l (h (m (l (g (m (g (g (f (f (f (k (f (m (n (m (k (m (h (k (f (n (f (k (f (k (l (l (f (n (n (f (l (h (g (k (l (n (g (l (m (l (k (g (f (m (m (l (h (n (m (k (f (h (f (f (h (h (f (m (k (n (n (f (n (f (k (f (l (f (g (k (f (g (n (m (f (l (k (l (h (m (l (f (h (f (g (f (n (n (n (k B))))))))))))))))))))))))))))))))))))))))))))))))))))))))))))))))))))))))))))))))))))))))))))))))))))
.
583:
none
584:
A=B
.
585:
A=B
.
586:
none
587:
A=(k (l (n (n (n (k (k (l (f (h (h (m (h (f (h (g (g (f (m (k (n (l (l (m (f (m (h (n (k (k (n (h (f (n (k (f (k (g (f (f (g (h (f (l (m (g (m (k (k (m (g (h (n (g (k (k (n (n (n (n (n (g (h (n (n (k (n (m (k (m (k (n (h (l (f (f (f (h (g (m (h (g (n (f (g (m (g (f (g (n (h (l (k (l (l (k (m (k (g (n B))))))))))))))))))))))))))))))))))))))))))))))))))))))))))))))))))))))))))))))))))))))))))))))))))))
.
588:
none
589:
A=B
.
590:
A=B
.
591:
none
592:
A=(m (m (l (n (k (l (k (k (k (l (m (h (m (k (g (n (k (l (g (l (n (g (g (n (g (g (f (k (m (n (l (f (h (h (n (m (m (k (f (l (f (h (f (k (f (g (g (m (f (n (h (n (n (l (f (g (m (h (f (f (g (m (f (g (f (f (m (f (n (n (f (h (m (h (f (l (g (n (f (n (l (m (n (n (h (l (l (h (f (m (n (g (m (h (g (g (m (k (f (m B))))))))))))))))))))))))))))))))))))))))))))))))))))))))))))))))))))))))))))))))))))))))))))))))))))
.
593:
none
594:
A=B
.
595:
A=B
.
596:
none
597:
A=(m (n (m (h (f (f (h (f (k (g (f (f (f (n (n (l (f (h (f (m (n (g (m (f (l (f (k (k (n (n (g (g (l (g (h (l (l (k (l (m (h (g (f (k (h (l (f (f (m (l (f (h (l (g (f (k (f (m (f (n (l (m (m (l (m (f (h (m (m (l (h (n (g (l (h (m (f (n (l (m (n (n (h (h (h (h (g (g (f (h (l (k (f (k (l (f (g (g (f (g B))))))))))))))))))))))))))))))))))))))))))))))))))))))))))))))))))))))))))))))))))))))))))))))))))))
.
598:
none
599:
A=B
.
600:
A=B
.
601:
none
602:
A=(g (h (g (m (m (n (n (f (n (h (n (f (h (n (l (h (l (g (f (m (g (l (n (l (g (l (l (m (g (k (l (n (m (f (m (h (k (k (l (g (l (g (k (g (n (h (l (h (n (n (f (n (g (f (l (l (h (k (m (g (g (h (l (g (m (f (f (m (m (m (h (l (k (k (g (k (f (g (h (n (m (h (f (m (m (h (n (m (n (m (l (m (m (h (m (g (m (m (h (k B))))))))))))))))))))))))))))))))))))))))))))))))))))))))))))))))))))))))))))))))))))))))))))))))))))
.
603:
none
604:
A=B
.
605:
A=B
.
606:
none
607:
A=(h (l (h (h (f (m (m (g (l (l (l (m (m (m (l (l (n (f (n (g (m (h (n (k (n (l (g (l (h (g (f (g (n (m (h (h (f (h (m (n (f (n (m (f (l (f (g (l (l (m (k (h (h (l (g (m (m (l (n (l (k (f (h (n (n (n (l (m (f (m (h (n (l (n (h (h (f (h (g (f (g (g (m (n (l (k (m (k (f (f (h (h (g (k (n (h (h (m (h (n B))))))))))))))))))))))))))))))))))))))))))))))))))))))))))))))))))))))))))))))))))))))))))))))))))))
.
608:
none
609:
A=B
.
610:
A=B
.
611:
none
612:
A=(n (h (l (f (n (n (m (n (l (f (g (l (m (f (m (k (k (g (f (g (h (g (k (h (g (n (n (f (l (g (n (g (n (h (n (k (g (l (k (l (l (l (m (g (m (h (l (m (m (l (g (n (l (k (f (l (g (k (f (g (m (h (n (m (g (n (l (k (l (m (h (f (k (k (h (h (n (h (g (m (f (n (f (g (h (g (f (n (m (k (g (k (l (l (h (g (m (l (g (h B))))))))))))))))))))))))))))))))))))))))))))))))))))))))))))))))))))))))))))))))))))))))))))))))))))
.
613:
none
614:
A=B
.
615:
A=B
.
616:
none
617:
A=(n (h (l (k (l (n (k (m (k (g (n (k (l (l (n (l (f (n (k (k (f (l (h (n (l (l (n (l (h (f (n (h (l (g (m (h (n (h (g (k (g (f (h (g (k (h (m (k (g (g (h (k (g (h (n (n (g (h (m (k (m (m (k (n (f (g (n (h (m (h (f (h (h (m (m (f (h (n (n (h (f (n (n (g (l (h (f (h (f (f (h (n (m (h (f (m (m (h (g (h B))))))))))))))))))))))))))))))))))))))))))))))))))))))))))))))))))))))))))))))))))))))))))))))))))))
.
618:
none
619:
A=B
.
620:
A=B
.
621:
none
622:
A=(n (n (m (g (m (k (h (g (h (l (h (h (m (n (m (h (g (k (g (n (f (h (m (h (f (f (f (f (m (m (n (n (k (g (l (g (h (m (m (k (k (m (l (f (n (g (k (n (l (f (l (n (m (h (l (f (m (h (m (k (m (f (n (m (g (m (h (g (n (g (m (n (f (k (h (k (h (f (m (g (l (g (l (l (f (l (h (n (g (h (m (h (h (h (n (g (h (f (n (m B))))))))))))))))))))))))))))))))))))))))))))))))))))))))))))))))))))))))))))))))))))))))))))))))))))
.
623:
none
624:
A=B
.
625:
A=B
.
626:
none
627:
A=(n (f (n (n (g (g (f (f (f (f (l (n (f (g (l (n (h (k (l (l (k (l (l (f (l (l (l (m (k (n (h (h (n (l (n (l (g (m (g (k (m (m (n (h (h (h (g (k (n (f (n (l (k (h (g (l (h (f (l (l (g (k (k (l (h (k (h (g (n (n (l (g (n (k (f (h (f (n (h (k (g (h (m (n (n (h (l (k (h (h (f (k (f (g (f (k (l (l (k (f B))))))))))))))))))))))))))))))))))))))))))))))))))))))))))))))))))))))))))))))))))))))))))))))))))))
.
628:
none
629:
A=B
.
630:
A=B
.
631:
none
632:
A=(h (f (m (k (m (k (n (k (k (m (l (h (k (g (g (l (g (k (n (l (h (f (n (n (f (f (n (n (g (f (k (f (k (n (g (m (h (l (h (k (f (n (h (h (f (m (f (h (f (g (k (l (f (g (n (g (g (k (l (f (l (m (h (l (g (l (m (g (n (n (f (g (n (m (f (n (k (l (f (m (g (h (g (n (g (k (h (m (h (k (n (m (l (n (k (g (g (f (k (n B))))))))))))))))))))))))))))))))))))))))))))))))))))))))))))))))))))))))))))))))))))))))))))))))))))
.
633:
none
634:
A=B
.
635:
A=B
.
636:
none
637:
A=(f (g (l (h (h (f (n (h (h (n (n (f (m (l (h (m (m (f (f (n (l (f (l (l (g (k (g (h (h (f (f (k (g (g (k (n (f (l (g (n (g (h (l (m (m (h (h (h (m (g (l (m (f (g (f (f (g (l (l (m (m (n (k (l (n (m (n (n (h (n (h (k (g (h (h (m (m (f (k (k (k (h (l (m (h (h (m (m (f (h (g (h (l (h (f (m (k (k (g (h B))))))))))))))))))))))))))))))))))))))))))))))))))))))))))))))))))))))))))))))))))))))))))))))))))))
.
638:
none
639:
A=B
.
640:
A=B
.
641:
none
642:
A=(h (f (g (n (h (m (g (l (h (k (l (m (h (f (k (h (k (m (g (k (l (m (k (l (k (f (f (f (f (f (n (m (m (k (n (h (n (g (g (g (l (g (h (m (f (g (g (n (l (m (m (h (g (l (k (l (g (h (l (h (m (n (g (k (g (m (g (l (l (h (k (f (h (l (n (h (m (h (f (n (l (g (f (h (l (k (n (l (m (k (k (g (n (l (k (g (h (h (k (f B))))))))))))))))))))))))))))))))))))))))))))))))))))))))))))))))))))))))))))))))))))))))))))))))))))
.
643:
none
644:
A=B
.
645:
A=B
.
646:
none
647:
A=(n (k (h (k (l (n (g (k (k (n (k (n (l (l (h (h (m (k (k (h (f (n (n (l (l (k (f (h (m (h (m (l (g (h (m (n (m (k (l (f (f (l (f (k (f (f (g (n (l (l (f (h (n (h (g (h (l (l (n (h (f (f (g (g (g (h (f (k (n (k (h (k (f (f (k (f (g (h (l (g (h (h (n (m (g (k (f (k (m (l (l (g (f (l (f (n (h (h (m (n B))))))))))))))))))))))))))))))))))))))))))))))))))))))))))))))))))))))))))))))))))))))))))))))))))))
.
648:
none
649:
A=B
.
650:
A=B
.
651:
none
652:
A=(l (m (l (m (k (l (m (l (h (l (h (k (f (m (l (k (k (f (h (h (n (m (l (k (m (l (m (g (m (k (l (g (g (k (k (g (l (g (k (f (k (m (k (m (f (f (g (l (h (m (k (h (h (m (g (l (h (f (h (g (n (h (h (m (k (h (l (g (g (l (f (k (g (m (h (h (f (l (k (h (h (g (k (f (f (m (g (l (n (m (k (g (g (m (f (k (l (l (n (k B))))))))))))))))))))))))))))))))))))))))))))))))))))))))))))))))))))))))))))))))))))))))))))))))))))
.
653:
none
654:
A=B
.
655:
A=B
.
656:
none
657:
A=(l (g (m (l (g (l (n (n (f (h (h (g (m (f (f (h (f (f (h (l (g (g (n (l (n (f (m (n (k (k (l (f (f (n (l (k (n (g (n (m (l (n (g (g (m (l (h (k (h (k (l (n (l (f (k (l (k (f (g (l (k (n (k (g (m (g (k (h (l (n (k (n (f (m (f (l (m (m (l (n (m (m (f (l (n (g (n (f (h (m (k (k (l (f (h (k (h (m (f (l B))))))))))))))))))))))))))))))))))))))))))))))))))))))))))))))))))))))))))))))))))))))))))))))))))))
.
658:
none
659:
A=B
.
660:
A=B
.
661:
none
662:
A=(g (g (n (n (n (l (m (k (h (k (f (n (h (f (n (g (l (n (f (g (g (h (m (f (g (l (g (n (g (m (g (l (h (n (g (h (n (l (k (m (m (k (f (n (k (f (h (g (g (f (g (f (h (n (n (l (m (g (m (l (h (h (f (h (l (k (m (k (n (g (g (l (n (h (n (k (l (n (h (f (f (g (f (m (l (h (f (k (n (g (n (l (g (k (h (m (g (n (k (n B))))))))))))))))))))))))))))))))))))))))))))))))))))))))))))))))))))))))))))))))))))))))))))))))))))
.
663:
none
664:
A=B
.
665:
A=B
.
666:
none
667:
A=(g (f (n (m (g (l (h (n (m (g (f (h (m (m (l (k (k (l (h (f (m (g (k (h (n (m (h (k (h (h (l (h (n (f (l (g (n (n (h (m (n (f (l (k (k (k (n (g (g (h (g (h (f (g (n (h (g (h (k (k (k (n (l (f (g (f (h (g (l (l (g (h (g (h (k (h (m (g (f (f (n (n (m (h (l (n (g (n (m (h (l (n (k (f (l (f (l (f (h (h B))))))))))))))))))))))))))))))))))))))))))))))))))))))))))))))))))))))))))))))))))))))))))))))))))))
.
668:
none
669:
A=B
.
670:
A=B
.
671:
none
672:
A=(f (n (h (m (n (n (f (h (h (f (m (n (m (f (n (k (g (n (n (k (m (l (n (f (l (f (m (m (f (k (h (f (g (m (m (l (h (m (h (f (m (m (m (f (m (f (f (l (k (f (f (g (h (n (f (k (k (m (h (m (n (m (n (l (n (n (n (l (l (f (k (n (m (m (g (k (h (l (f (f (l (n (l (m (l (m (g (k (l (h (l (l (f (h (h (l (k (m (f (g B))))))))))))))))))))))))))))))))))))))))))))))))))))))))))))))))))))))))))))))))))))))))))))))))))))
.
673:
none
674:
A=B
.
675:
A=B
.
676:
none
677:
A=(h (f (g (f (g (k (g (l (h (g (g (f (h (g (l (k (l (l (h (h (g (l (g (h (m (g (g (n (g (m (l (n (n (k (f (f (f (n (f (m (h (h (m (f (m (k (h (n (h (g (g (m (g (l (g (h (h (h (l (g (h (n (k (n (f (h (k (f (l (h (n (m (m (m (h (l (m (k (g (g (f (h (f (l (k (f (h (g (l (n (n (h (l (f (g (l (n (k (k (m B))))))))))))))))))))))))))))))))))))))))))))))))))))))))))))))))))))))))))))))))))))))))))))))))))))
.
678:
none
679:
A=B
.
680:
A=B
.
681:
none
682:
A=(m (f (l (k (m (m (k (k (n (h (f (h (m (h (m (l (n (g (l (m (k (k (l (h (f (h (l (k (h (k (n (h (f (n (m (l (h (h (g (n (f (m (k (m (h (n (g (h (h (k (h (n (n (f (l (m (k (f (h (m (l (g (h (n (g (g (l (n (f (m (l (k (g (f (m (m (k (f (g (l (k (l (k (g (l (k (f (g (k (n (l (k (k (g (f (l (l (f (n (l B))))))))))))))))))))))))))))))))))))))))))))))))))))))))))))))))))))))))))))))))))))))))))))))))))))
.
683:
none
684:
A=B
.
685:
A=B
.
686:
none
687:
A=(g (g (n (f (f (l (n (m (m (k (f (m (h (h (k (g (n (f (g (l (l (k (l (n (m (k (h (g (f (m (n (g (m (n (m (n (h (l (m (n (n (n (h (g (g (k (m (m (f (n (f (f (h (l (k (n (l (l (l (n (m (g (g (f (k (m (k (l (f (m (g (g (n (h (g (h (k (n (g (l (k (n (l (h (h (f (n (n (f (m (k (f (l (f (h (k (m (l (l (l B))))))))))))))))))))))))))))))))))))))))))))))))))))))))))))))))))))))))))))))))))))))))))))))))))))
.
688:
none
689:
A=B
.
690:
A=B
.
691:
none
692:
A=(m (l (f (f (m (l (n (m (h (m (l (n (m (k (k (h (m (f (k (n (g (f (l (n (g (m (k (h (l (k (m (m (k (k (k (l (g (l (l (g (n (n (g (g (k (f (m (n (n (m (n (g (k (g (g (n (l (f (m (k (g (g (m (h (l (k (g (l (l (m (g (h (h (f (f (l (k (k (k (g (n (h (k (h (g (n (g (l (g (m (n (m (l (m (g (k (h (k (h (n B))))))))))))))))))))))))))))))))))))))))))))))))))))))))))))))))))))))))))))))))))))))))))))))))))))
.
693:
none
694:
A=B
.
695:
A=B
.
696:
none
697:
A=(n (l (f (k (g (m (n (m (f (l (h (g (m (f (k (g (h (g (l (l (f (k (f (m (l (n (g (l (g (m (k (f (k (m (k (g (f (k (n (k (f (l (l (n (k (n (g (f (k (g (k (m (n (k (h (f (n (l (g (h (l (h (f (k (m (g (f (f (h (l (n (g (f (f (k (m (n (m (n (l (n (l (m (k (g (g (f (n (f (n (m (m (n (k (l (f (h (f (h (m B))))))))))))))))))))))))))))))))))))))))))))))))))))))))))))))))))))))))))))))))))))))))))))))))))))
.
698:
none
699:
A=B
.
700:
A=B
.
701:
none
702:
A=(h (g (l (m (f (m (f (k (k (k (f (l (g (l (m (m (l (n (l (h (h (g (g (l (n (m (h (h (n (k (h (h (n (g (f (f (m (n (m (k (n (k (h (k (f (k (g (l (f (f (k (l (h (l (m (h (n (g (f (n (f (n (f (m (f (l (h (g (k (m (l (m (h (m (m (f (f (n (m (g (n (f (h (l (h (n (g (k (f (h (k (k (k (h (m (n (f (n (k (l B))))))))))))))))))))))))))))))))))))))))))))))))))))))))))))))))))))))))))))))))))))))))))))))))))))
.
703:
none
704:
A=B
.
705:
A=B
.
706:
none
707:
A=(n (h (h (f (f (f (l (n (n (f (m (k (l (l (k (f (h (n (h (l (n (n (f (m (m (n (l (n (k (k (h (g (l (k (f (n (g (l (l (m (f (g (g (l (g (m (f (n (n (n (l (k (g (m (l (m (l (m (f (m (k (l (f (l (f (l (l (n (n (f (n (g (k (n (k (h (n (n (k (h (n (n (n (n (l (m (m (f (h (l (k (m (n (h (l (l (k (n (n (h B))))))))))))))))))))))))))))))))))))))))))))))))))))))))))))))))))))))))))))))))))))))))))))))))))))
.
708:
none
709:
A=B
.
710:
A=B
.
711:
none
712:
A=(m (g (g (h (f (l (n (g (f (h (m (m (k (k (k (n (g (h (h (n (k (k (m (l (l (n (n (m (k (l (h (h (f (f (h (h (f (f (h (f (n (g (k (m (l (n (f (n (g (n (f (n (m (g (k (f (n (f (n (f (h (l (l (g (k (n (h (k (n (l (n (l (n (g (g (g (l (k (h (f (m (l (k (f (l (l (k (g (h (k (k (g (n (k (f (n (h (k (l (f B))))))))))))))))))))))))))))))))))))))))))))))))))))))))))))))))))))))))))))))))))))))))))))))))))))
.
713:
none
714:
A=B
.
715:
A=B
.
716:
none
717:
A=(n (l (m (n (m (n (g (n (n (n (g (m (n (g (n (h (h (l (k (k (k (l (g (h (f (f (f (n (m (f (k (l (g (g (l (l (k (m (k (m (m (h (l (h (l (n (m (f (f (g (f (g (g (k (n (f (f (h (k (l (l (g (l (f (m (k (m (m (m (f (f (m (m (f (g (m (k (n (n (h (n (l (g (f (n (f (m (m (m (g (f (g (k (h (k (f (g (f (n (h B))))))))))))))))))))))))))))))))))))))))))))))))))))))))))))))))))))))))))))))))))))))))))))))))))))
.
718:
none
719:
A=B
.
720:
A=B
.
721:
none
722:
A=(k (n (g (n (l (h (l (f (f (l (n (f (g (m (g (g (h (m (g (f (m (l (f (h (g (k (f (m (h (g (h (l (f (g (g (n (f (g (g (g (k (l (h (g (g (h (m (f (m (l (m (g (g (g (f (k (f (l (n (m (k (g (f (h (f (f (k (l (n (n (f (m (m (h (h (k (n (l (k (g (m (m (n (f (l (f (g (g (l (l (k (g (k (g (l (f (m (g (g (l B))))))))))))))))))))))))))))))))))))))))))))))))))))))))))))))))))))))))))))))))))))))))))))))))))))
.
723:
none
724:
A=B
.
725:
A=B
.
726:
none
727:
A=(h (f (h (k (k (h (g (m (f (g (l (m (n (h (g (h (h (n (n (k (g (f (m (g (g (l (n (m (g (m (n (g (m (k (m (l (l (f (l (k (n (h (m (k (g (n (h (m (k (l (g (f (n (n (k (g (f (g (k (k (g (g (g (h (h (l (k (m (g (l (k (g (m (k (h (g (f (h (l (l (k (n (f (g (g (m (h (h (n (k (n (k (m (l (g (f (h (l (f (g B))))))))))))))))))))))))))))))))))))))))))))))))))))))))))))))))))))))))))))))))))))))))))))))))))))
.
728:
none
729:
A=B
.
730:
A=B
.
731:
none
732:
A=(k (n (g (f (n (g (k (f (n (l (l (h (k (l (g (f (m (g (f (m (n (g (m (k (g (f (m (f (g (h (f (f (f (l (n (l (h (l (k (f (g (m (k (k (h (k (f (l (g (k (l (h (n (k (g (k (g (m (m (l (f (k (h (m (f (n (l (m (k (l (g (n (l (k (g (g (h (m (l (l (m (k (h (g (l (k (k (l (m (h (l (n (g (h (l (g (k (m (k (f B))))))))))))))))))))))))))))))))))))))))))))))))))))))))))))))))))))))))))))))))))))))))))))))))))))
.
733:
none
734:
A=B
.
735:
A=B
.
736:
none
737:
A=(f (m (f (m (l (n (h (l (l (h (f (m (k (g (h (n (m (h (h (f (f (n (k (n (f (l (m (m (m (f (h (f (f (g (n (l (g (f (f (g (n (l (h (h (k (n (f (n (k (m (h (h (n (k (f (h (l (h (l (g (g (g (m (g (n (n (g (l (l (n (f (m (k (k (f (n (h (n (g (f (k (m (g (n (f (k (m (n (n (f (k (l (l (h (n (k (h (h (k (f B))))))))))))))))))))))))))))))))))))))))))))))))))))))))))))))))))))))))))))))))))))))))))))))))))))
.
738:
none
739:
A=B
.
740:
A=B
.
741:
none
742:
A=(l (k (g (m (h (g (k (n (m (g (k (k (f (k (m (m (l (g (m (g (k (g (f (n (m (h (m (l (k (g (m (m (n (n (m (l (k (n (l (f (n (g (m (k (k (k (f (k (f (m (k (g (g (h (g (g (l (f (f (g (m (g (h (g (f (l (m (g (h (l (f (n (m (m (k (m (m (m (n (k (m (n (f (g (k (n (h (m (h (m (l (m (l (m (n (g (k (l (k (f B))))))))))))))))))))))))))))))))))))))))))))))))))))))))))))))))))))))))))))))))))))))))))))))))))))
.
743:
none
744:
A=B
.
745:
A=B
.
746:
none
747:
A=(g (f (m (m (h (m (h (l (f (k (k (f (m (m (m (h (h (m (n (l (l (m (g (h (k (m (l (l (f (g (m (m (m (k (h (f (f (l (g (f (h (f (m (k (n (m (l (h (m (m (m (f (h (k (h (n (f (f (g (l (l (f (m (k (g (k (f (k (k (g (h (g (f (g (k (g (k (n (g (g (n (k (l (n (l (f (g (k (f (h (m (l (f (l (f (h (m (g (g (k B))))))))))))))))))))))))))))))))))))))))))))))))))))))))))))))))))))))))))))))))))))))))))))))))))))
.
748:
none
749:
A=B
.
750:
A=B
.
751:
none
752:
A=(m (n (g (l (k (f (f (l (m (n (h (g (f (g (m (g (k (f (k (m (l (m (f (g (g (h (g (n (m (h (l (h (m (n (h (m (g (g (m (k (f (n (m (n (g (k (n (f (f (k (k (n (f (m (m (k (m (g (k (g (l (f (f (f (l (k (g (g (h (n (l (n (l (f (n (l (l (k (g (l (m (m (h (m (h (m (k (k (l (l (f (k (n (g (g (h (f (f (h (f B))))))))))))))))))))))))))))))))))))))))))))))))))))))))))))))))))))))))))))))))))))))))))))))))))))
.
753:
none
754:
A=B
.
755:
A=B
.
756:
none
757:
A=(m (h (n (n (g (g (n (l (n (k (g (f (f (m (h (l (m (g (g (k (m (k (k (k (g (k (f (l (k (k (f (k (n (m (l (n (k (f (l (l (g (k (m (g (f (g (h (g (k (l (m (k (l (k (n (h (f (g (h (n (g (m (n (k (k (h (g (n (g (f (h (m (n (l (l (g (k (g (l (h (g (h (f (g (f (m (g (h (l (l (l (g (h (l (k (f (h (k (f (k B))))))))))))))))))))))))))))))))))))))))))))))))))))))))))))))))))))))))))))))))))))))))))))))))))))
.
758:
none
759:
A=B
.
760:
A=B
.
761:
none
762:
A=(m (g (l (f (n (g (f (f (k (m (f (g (k (k (l (n (g (l (k (g (g (m (f (h (k (h (g (m (g (m (m (f (g (f (l (m (n (k (f (h (l (n (l (n (l (l (n (h (h (m (g (l (g (h (n (f (k (f (f (l (k (g (g (g (h (g (m (g (f (m (n (g (g (g (g (m (f (f (g (n (f (f (m (f (k (m (l (h (g (l (k (k (h (g (k (g (g (m (n (g B))))))))))))))))))))))))))))))))))))))))))))))))))))))))))))))))))))))))))))))))))))))))))))))))))))
.
763:
none
764:
A=B
.
765:
A=B
.
766:
none
767:
A=(h (l (h (h (h (h (h (n (n (h (n (h (h (f (h (m (l (k (n (f (g (n (m (m (k (f (n (m (l (m (f (l (k (l (m (h (m (h (l (g (k (h (k (h (n (k (g (n (m (h (k (l (k (m (f (f (m (f (h (g (f (k (m (g (n (m (k (k (h (n (k (m (n (f (l (g (n (h (h (h (k (h (f (f (k (h (h (f (k (k (l (g (g (k (k (f (h (m (n (g B))))))))))))))))))))))))))))))))))))))))))))))))))))))))))))))))))))))))))))))))))))))))))))))))))))
.
768:
none
769:
A=B
.
770:
A=B
.
771:
none
772:
A=(f (h (g (f (n (h (k (n (l (n (h (l (f (h (h (h (m (k (n (n (n (n (n (k (n (g (g (k (k (h (f (h (m (m (g (g (m (f (k (l (k (m (h (h (n (g (l (h (m (m (n (l (f (g (f (h (n (l (f (f (m (l (l (k (m (k (m (k (l (g (m (m (k (n (f (f (f (n (l (f (h (m (f (f (l (m (l (g (m (k (n (n (h (n (m (k (m (n (g (k B))))))))))))))))))))))))))))))))))))))))))))))))))))))))))))))))))))))))))))))))))))))))))))))))))))
.
773:
none
774:
A=B
.
775:
A=B
.
776:
none
777:
A=(f (m (n (h (g (m (h (n (l (k (g (h (m (n (k (n (k (f (f (k (f (f (g (k (g (k (n (n (h (l (k (f (f (g (m (h (m (h (f (m (h (h (k (f (g (l (f (f (m (h (f (h (n (n (k (k (n (g (n (f (k (m (g (k (n (g (f (k (l (k (g (f (f (m (l (l (f (n (m (h (k (m (m (k (k (k (f (m (n (f (f (n (n (n (h (f (n (m (g (k B))))))))))))))))))))))))))))))))))))))))))))))))))))))))))))))))))))))))))))))))))))))))))))))))))))
.
778:
none
779:
A=B
.
780:
A=B
.
781:
none
782:
A=(k (l (l (f (n (f (k (l (h (f (k (g (n (l (k (l (g (m (l (l (k (f (g (g (h (l (m (k (n (m (f (g (n (f (l (g (n (l (f (m (n (g (f (f (g (h (g (m (m (l (g (k (m (m (h (h (m (n (n (f (n (n (k (m (l (g (f (l (h (l (n (h (f (l (h (g (k (h (g (m (l (h (h (l (g (l (g (g (k (h (m (n (k (f (k (k (l (f (f (l B))))))))))))))))))))))))))))))))))))))))))))))))))))))))))))))))))))))))))))))))))))))))))))))))))))
.
783:
none
784:
A=B
.
785:
A=B
.
786:
none
787:
A=(f (l (m (k (n (g (g (k (m (k (m (l (f (l (g (m (n (l (k (n (f (h (n (h (k (n (g (k (m (h (l (f (k (g (n (k (h (k (k (k (l (n (m (l (h (f (n (h (h (h (n (k (k (l (l (m (h (f (n (k (n (l (h (g (g (g (g (g (m (k (g (h (l (m (l (m (m (l (f (l (f (l (h (l (g (k (m (n (h (m (f (k (k (h (f (n (g (n (k (g B))))))))))))))))))))))))))))))))))))))))))))))))))))))))))))))))))))))))))))))))))))))))))))))))))))
.
788:
none
789:
A=B
.
790:
A=B
.
791:
none
792:
A=(k (m (g (m (k (g (h (n (l (n (k (m (f (m (f (g (g (l (f (f (k (g (n (h (f (h (g (f (h (m (h (n (k (h (f (g (f (g (g (k (h (h (h (g (f (n (h (n (f (n (m (g (m (h (g (l (g (m (f (m (l (l (l (k (h (m (h (k (h (k (m (h (m (h (f (n (m (n (f (l (k (l (m (h (l (m (k (g (k (l (l (l (m (k (g (g (n (f (g (h B))))))))))))))))))))))))))))))))))))))))))))))))))))))))))))))))))))))))))))))))))))))))))))))))))))
.
793:
none
794:
A=B
.
795:
A=B
.
796:
none
797:
A=(m (k (g (k (m (h (f (l (l (l (n (f (l (m (n (n (m (f (n (n (l (l (f (m (m (g (m (f (g (h (h (l (n (m (k (l (f (n (n (f (f (g (f (h (f (m (g (f (h (h (g (h (k (h (h (h (f (f (m (f (h (f (m (k (h (k (g (f (m (l (g (m (h (g (k (h (g (f (g (g (f (k (l (g (k (k (m (m (l (n (g (m (h (h (n (f (g (h (m (g B))))))))))))))))))))))))))))))))))))))))))))))))))))))))))))))))))))))))))))))))))))))))))))))))))))
.
798:
none
799:
A=B
.
800:
A=B
.
801:
none
802:
A=(h (m (g (n (f (m (h (l (n (m (n (k (m (h (l (n (g (k (n (h (f (l (g (g (n (h (l (l (g (g (h (h (h (g (k (h (h (g (h (n (m (f (l (l (k (n (h (f (n (g (k (l (n (h (h (g (n (h (k (k (l (l (n (f (m (m (g (l (k (g (h (m (h (f (n (g (l (h (g (h (m (f (h (l (n (g (f (g (l (m (g (l (f (m (l (h (f (m (h (g B))))))))))))))))))))))))))))))))))))))))))))))))))))))))))))))))))))))))))))))))))))))))))))))))))))
.
803:
none
804:
A=B
.
805:
A=B
.
806:
none
807:
A=(m (l (n (g (g (f (g (k (m (l (l (n (k (f (l (h (n (k (m (g (m (g (m (k (n (k (f (l (f (k (m (g (f (m (h (l (h (f (n (k (h (l (n (k (n (k (f (f (l (l (g (l (n (n (h (g (n (l (f (l (m (n (n (n (m (l (g (l (m (k (n (l (k (k (f (k (g (n (m (n (n (g (f (k (g (g (k (f (k (m (h (l (k (k (k (h (k (k (m (k B))))))))))))))))))))))))))))))))))))))))))))))))))))))))))))))))))))))))))))))))))))))))))))))))))))
.
808:
none
809:
A=B
.
810:
A=B
.
811:
none
812:
A=(m (k (m (f (g (f (m (n (n (l (f (h (n (n (l (h (m (k (h (h (m (g (k (f (n (n (g (m (f (l (k (l (k (n (f (l (n (h (h (h (k (l (g (m (f (h (n (g (n (h (n (m (g (n (m (l (k (k (k (n (n (m (m (g (l (h (m (n (n (g (k (l (h (g (k (h (k (f (g (k (h (h (n (k (g (g (m (m (g (l (f (m (k (m (l (k (f (k (l (l B))))))))))))))))))))))))))))))))))))))))))))))))))))))))))))))))))))))))))))))))))))))))))))))))))))
.
813:
none
814:
A=B
.
815:
A=B
.
816:
none
817:
A=(n (g (l (h (n (n (m (f (h (g (n (f (l (f (k (m (k (f (m (k (g (h (h (f (l (n (k (f (l (m (n (m (l (n (n (h (m (h (n (h (g (k (f (g (f (m (g (k (n (l (m (g (n (l (h (h (h (g (f (f (m (m (h (h (f (k (m (f (k (l (h (k (m (l (l (n (n (l (l (g (h (f (h (k (h (n (h (g (h (n (l (g (l (g (k (l (n (m (g (g B))))))))))))))))))))))))))))))))))))))))))))))))))))))))))))))))))))))))))))))))))))))))))))))))))))
.
818:
none
819:
A=B
.
820:
A=B
.
821:
none
822:
A=(l (f (h (h (f (l (l (g (h (n (n (h (h (k (l (n (g (g (l (h (f (h (f (h (g (f (m (n (g (l (g (l (m (k (l (n (m (l (h (n (m (h (m (l (f (h (k (k (m (m (f (l (k (m (g (f (m (l (n (g (m (k (k (g (l (l (n (m (h (l (f (k (f (m (h (m (m (m (l (k (m (h (n (g (n (h (n (m (f (g (f (n (m (n (f (f (l (k (n (f B))))))))))))))))))))))))))))))))))))))))))))))))))))))))))))))))))))))))))))))))))))))))))))))))))))
.
823:
none
824:
A=B
.
825:
A=B
.
826:
none
827:
A=(h (h (m (n (h (h (m (m (n (l (n (k (m (g (n (g (g (k (l (f (g (g (l (g (l (m (g (l (h (n (l (l (f (k (n (m (f (f (k (f (k (n (f (h (n (m (h (f (l (l (f (k (f (k (l (n (f (k (h (h (m (l (m (g (h (n (l (g (k (g (g (g (g (f (k (k (g (n (m (h (f (m (n (n (k (n (h (l (k (f (f (h (n (g (n (n (n (h (m (k B))))))))))))))))))))))))))))))))))))))))))))))))))))))))))))))))))))))))))))))))))))))))))))))))))))
.
828:
none
829:
A=B
.
830:
A=B
.
831:
none
832:
A=(l (l (f (k (f (l (m (g (l (l (m (g (h (h (m (g (g (m (m (k (f (n (f (n (n (k (f (n (l (f (f (h (h (k (h (m (n (m (n (k (k (l (h (n (m (h (k (f (l (h (l (k (n (k (k (g (g (h (n (k (h (l (l (g (g (f (m (k (k (h (h (k (f (g (k (g (m (g (m (n (m (g (g (l (l (m (h (n (m (l (k (l (n (m (h (g (n (f (g (h B))))))))))))))))))))))))))))))))))))))))))))))))))))))))))))))))))))))))))))))))))))))))))))))))))))
.
833:
none
834:
A=B
.
835:
A=B
.
836:
none
837:
A=(g (g (g (n (g (k (m (h (g (m (l (n (l (n (k (k (n (n (h (h (m (k (n (m (n (h (f (k (n (n (m (k (n (f (n (h (h (f (g (h (m (f (k (g (m (m (l (g (g (l (n (n (l (l (n (g (f (n (m (l (n (k (n (g (h (n (k (m (h (f (h (n (l (l (f (m (l (l (g (h (h (n (l (n (n (h (h (m (n (k (g (h (f (m (h (l (m (f (h (f B))))))))))))))))))))))))))))))))))))))))))))))))))))))))))))))))))))))))))))))))))))))))))))))))))))
.
838:
none
839:
A=B
.
840:
A=B
.
841:
none
842:
A=(l (f (g (l (l (k (l (g (h (l (l (f (f (m (n (l (h (n (h (h (m (g (f (h (g (m (n (g (n (n (f (l (n (f (g (l (k (l (k (n (k (n (l (g (g (g (h (f (n (f (m (h (h (h (n (l (m (g (m (k (h (n (h (m (h (n (h (l (g (g (k (h (n (l (m (n (k (h (k (l (f (l (h (n (k (l (n (f (k (g (l (m (n (f (k (l (h (n (f (l B))))))))))))))))))))))))))))))))))))))))))))))))))))))))))))))))))))))))))))))))))))))))))))))))))))
.
843:
none
844:
A=B
.
845:
A=B
.
846:
none
847:
A=(l (n (g (h (h (g (f (h (m (g (n (f (k (n (k (h (h (g (k (k (h (k (g (g (l (l (g (h (h (f (n (h (m (m (m (h (m (n (g (n (l (n (g (m (l (l (h (n (g (g (n (g (l (l (n (k (n (f (k (m (m (m (f (h (n (k (g (h (m (k (l (h (n (l (k (l (k (n (l (h (n (f (h (k (m (n (n (g (g (n (g (h (n (m (k (k (k (g (m (m B))))))))))))))))))))))))))))))))))))))))))))))))))))))))))))))))))))))))))))))))))))))))))))))))))))
.
848:
none
849:
A=B
.
850:
A=B
.
851:
none
852:
A=(g (n (h (g (k (m (h (l (m (h (f (l (l (g (m (m (f (g (k (n (f (l (l (g (m (f (g (k (l (k (l (f (n (h (n (f (l (l (l (f (k (h (h (g (g (k (k (n (m (l (g (k (n (g (n (l (l (l (g (f (n (n (l (g (l (m (g (l (f (n (h (m (h (m (h (k (l (f (k (m (m (m (l (l (l (g (k (m (g (h (h (f (h (m (n (m (k (k (h (g B))))))))))))))))))))))))))))))))))))))))))))))))))))))))))))))))))))))))))))))))))))))))))))))))))))
.
853:
none
854:
A=B
.
855:
A=B
.
856:
none
857:
A=(m (k (h (k (f (h (k (n (n (n (k (f (n (k (k (k (k (m (l (n (n (m (f (m (n (g (h (g (m (h (f (m (m (m (h (g (k (f (f (h (h (g (l (h (l (g (l (g (h (f (m (f (m (h (k (l (h (m (k (g (n (f (n (h (h (m (n (g (k (g (m (f (h (m (l (f (h (g (k (g (l (l (g (n (l (k (n (n (h (n (f (m (h (f (l (f (m (k (f (f B))))))))))))))))))))))))))))))))))))))))))))))))))))))))))))))))))))))))))))))))))))))))))))))))))))
.
858:
none
859:
A=B
.
860:
A=B
.
861:
none
862:
A=(m (l (k (f (h (f (m (g (g (n (g (h (n (k (g (l (g (h (l (m (n (n (h (g (f (h (k (g (k (h (n (h (k (g (h (l (n (g (m (n (h (n (l (k (h (m (l (f (l (n (h (m (f (k (l (n (h (l (h (k (k (k (l (h (l (k (k (m (f (h (k (n (k (n (f (m (g (f (m (n (g (g (h (m (f (n (n (l (m (f (g (l (l (f (h (n (l (l (l (f B))))))))))))))))))))))))))))))))))))))))))))))))))))))))))))))))))))))))))))))))))))))))))))))))))))
.
863:
none
864:
A=B
.
865:
A=B
.
866:
none
867:
A=(m (f (k (h (h (k (k (g (f (f (n (k (m (n (l (f (l (g (f (h (m (m (h (h (k (f (h (m (l (n (l (g (n (h (k (h (h (m (l (f (f (f (m (n (l (m (l (m (h (n (k (l (f (g (n (m (h (n (m (n (h (l (n (k (n (h (f (n (l (g (f (f (h (h (m (g (l (h (k (h (f (n (f (l (f (l (n (f (m (n (f (n (g (m (n (g (h (f (l (l B))))))))))))))))))))))))))))))))))))))))))))))))))))))))))))))))))))))))))))))))))))))))))))))))))))
.
868:
none
869:
A=B
.
870:
A=B
.
871:
none
872:
A=(n (n (l (n (h (k (m (h (g (h (h (k (h (f (h (m (h (f (g (m (g (l (l (h (f (m (h (n (g (g (g (k (g (h (l (n (l (g (g (k (l (m (k (m (l (m (f (l (m (g (n (k (k (n (m (g (h (h (m (f (l (g (l (m (l (k (h (l (l (n (n (f (h (g (h (g (m (f (f (h (g (f (n (h (n (n (k (m (h (l (g (f (n (g (m (h (l (k (f (f B))))))))))))))))))))))))))))))))))))))))))))))))))))))))))))))))))))))))))))))))))))))))))))))))))))
.
873:
none
874:
A=B
.
875:
A=B
.
876:
none
877:
A=(h (h (k (l (h (n (g (m (h (g (l (h (n (g (g (h (g (h (n (m (l (g (k (l (h (g (h (k (n (g (f (m (f (g (f (m (l (n (f (n (m (k (l (n (f (m (n (l (h (g (n (g (m (n (k (g (l (h (l (l (n (h (f (h (l (h (h (l (m (g (g (l (m (f (g (h (f (k (f (f (f (l (g (m (m (k (h (m (g (n (h (k (k (h (k (m (n (g (l (g B))))))))))))))))))))))))))))))))))))))))))))))))))))))))))))))))))))))))))))))))))))))))))))))))))))
.
878:
none
879:
A=B
.
880:
A=B
.
881:
none
882:
A=(n (l (n (n (g (h (h (m (f (m (n (h (h (l (m (m (m (n (n (m (l (m (l (m (h (l (l (g (m (m (l (n (f (k (m (n (k (h (f (l (g (l (f (g (h (f (f (f (n (n (k (h (f (m (n (f (l (m (l (k (f (k (l (f (f (n (k (l (h (m (h (f (h (g (m (g (f (h (f (l (m (k (n (g (g (n (g (f (l (m (l (g (n (h (n (n (f (f (g (h B))))))))))))))))))))))))))))))))))))))))))))))))))))))))))))))))))))))))))))))))))))))))))))))))))))
.
883:
none
884:
A=B
.
885:
A=B
.
886:
none
887:
A=(h (m (f (h (g (n (g (l (k (h (m (g (l (g (n (m (k (h (m (l (h (g (k (m (l (n (h (m (l (k (f (f (m (n (f (k (g (m (g (k (g (n (g (h (l (h (g (h (l (m (n (m (f (k (k (n (g (l (l (l (l (l (f (f (l (l (m (f (g (n (n (m (g (h (k (m (k (l (h (l (n (m (h (k (f (n (l (k (g (k (m (k (m (l (n (f (m (f (n (n B))))))))))))))))))))))))))))))))))))))))))))))))))))))))))))))))))))))))))))))))))))))))))))))))))))
.
888:
none
889:
A=B
.
890:
A=B
.
891:
none
892:
A=(k (f (f (k (n (l (g (h (l (g (g (f (m (h (g (g (n (g (f (l (k (k (m (h (l (h (k (k (g (l (f (f (n (f (g (f (n (n (g (f (k (n (n (m (n (m (g (l (m (g (l (k (n (h (f (f (k (h (l (l (g (h (n (l (l (g (g (m (f (n (l (k (k (l (f (l (h (n (f (f (h (k (f (m (k (n (g (g (l (k (f (g (h (m (l (h (f (h (k (m B))))))))))))))))))))))))))))))))))))))))))))))))))))))))))))))))))))))))))))))))))))))))))))))))))))
.
893:
none
894:
A=B
.
895:
A=B
.
896:
none
897:
A=(n (g (h (f (l (h (f (g (k (l (h (g (h (n (k (f (m (g (n (k (m (g (f (f (f (g (f (l (f (k (m (k (m (m (n (n (n (g (h (l (h (m (m (f (n (h (h (f (h (m (k (f (g (f (h (k (f (h (h (h (l (h (g (n (h (n (f (f (m (h (h (g (f (h (g (k (h (g (n (n (m (h (l (n (h (f (g (m (f (f (k (l (k (m (h (n (l (m (l (h B))))))))))))))))))))))))))))))))))))))))))))))))))))))))))))))))))))))))))))))))))))))))))))))))))))
.
898:
none
899:
A=B
.
900:
A=B
.
901:
none
902:
A=(f (n (l (h (g (f (f (n (k (n (k (m (m (f (f (n (k (f (f (m (g (f (f (m (k (l (l (n (m (h (k (f (l (g (h (f (f (k (l (n (k (f (n (h (n (m (g (k (m (k (n (n (n (l (n (g (m (l (m (f (k (l (n (f (h (h (m (m (g (g (n (h (h (h (l (n (g (f (f (l (g (k (m (l (m (f (f (n (l (m (g (k (k (h (n (g (h (f (k (m B))))))))))))))))))))))))))))))))))))))))))))))))))))))))))))))))))))))))))))))))))))))))))))))))))))
.
903:
none
904:
A=B
.
905:
A=B
.
906:
none
907:
A=(g (n (h (n (n (g (k (h (n (l (n (n (k (k (n (l (n (k (n (f (l (h (g (n (k (n (h (m (f (k (l (g (l (m (h (l (n (l (n (f (h (m (k (h (k (m (k (l (f (l (f (m (f (l (g (k (h (h (k (n (f (l (h (n (l (l (n (m (l (h (l (f (f (n (g (n (m (f (f (n (f (g (n (h (n (k (g (k (f (k (m (g (f (n (n (l (h (f (g (n B))))))))))))))))))))))))))))))))))))))))))))))))))))))))))))))))))))))))))))))))))))))))))))))))))))
.
908:
none
909:
A=B
.
910:
A=B
.
911:
none
912:
A=(h (m (h (h (h (n (n (f (g (l (h (g (h (m (k (f (n (m (f (g (f (k (k (n (g (n (l (m (l (g (n (g (k (f (m (l (h (m (f (l (n (f (f (k (n (h (l (m (h (n (h (m (l (h (m (h (h (h (m (n (m (f (f (m (m (h (h (g (n (m (n (f (m (m (f (n (m (n (m (n (g (k (g (l (n (n (l (g (m (f (m (k (k (f (l (g (h (f (l (k B))))))))))))))))))))))))))))))))))))))))))))))))))))))))))))))))))))))))))))))))))))))))))))))))))))
.
913:
none
914:
A=B
.
915:
A=B
.
916:
none
917:
A=(h (n (g (l (k (n (h (f (g (l (l (f (n (m (f (g (g (g (h (n (h (k (h (n (g (f (n (g (g (g (n (h (f (l (f (l (h (f (n (g (k (h (k (k (g (l (m (n (n (f (g (g (h (l (n (n (m (g (l (f (k (n (g (h (m (k (n (k (g (g (l (m (h (n (f (k (g (f (g (h (f (n (h (m (f (n (m (l (l (g (k (h (f (l (m (l (f (n (g (k B))))))))))))))))))))))))))))))))))))))))))))))))))))))))))))))))))))))))))))))))))))))))))))))))))))
.
918:
none
919:
A=B
.
920:
A=B
.
921:
none
922:
A=(l (k (m (k (k (n (h (k (f (n (l (m (n (f (k (n (g (l (k (h (l (f (k (l (h (m (g (m (m (h (l (n (m (n (n (f (f (h (k (f (k (n (g (g (g (m (f (f (k (h (h (l (g (h (g (h (k (n (n (n (n (k (k (k (g (n (n (g (f (n (k (k (n (g (h (k (n (m (f (l (h (g (l (n (n (h (k (m (h (k (f (f (n (l (g (f (k (h (f (n B))))))))))))))))))))))))))))))))))))))))))))))))))))))))))))))))))))))))))))))))))))))))))))))))))))
.
923:
none
924:
A=B
.
925:
A=B
.
926:
none
927:
A=(f (m (g (g (g (k (g (l (f (l (m (l (k (l (n (h (g (h (m (h (l (f (n (f (h (g (g (l (k (f (n (l (l (g (h (k (k (l (k (n (l (h (k (h (n (k (h (n (h (f (h (l (m (n (n (n (l (f (g (g (g (n (g (k (k (l (k (n (k (n (k (g (l (k (g (k (h (h (g (n (g (g (m (g (k (n (f (g (h (k (f (g (m (k (n (f (k (h (l (k B))))))))))))))))))))))))))))))))))))))))))))))))))))))))))))))))))))))))))))))))))))))))))))))))))))
.
928:
none
929:
A=B
.
930:
A=B
.
931:
none
932:
A=(f (n (g (g (k (l (h (h (l (k (h (m (f (n (h (n (m (g (l (f (m (g (m (l (g (m (n (f (h (m (h (l (m (f (f (k (k (f (n (m (n (l (l (h (h (l (h (l (f (f (n (n (m (m (l (n (m (n (m (h (k (h (m (h (h (k (m (h (f (n (l (g (n (f (g (k (h (h (g (l (f (n (f (n (m (k (g (n (h (m (n (n (l (g (m (g (h (l (h (n B))))))))))))))))))))))))))))))))))))))))))))))))))))))))))))))))))))))))))))))))))))))))))))))))))))
.
933:
none
934:
A=B
.
935:
A=B
.
936:
none
937:
A=(g (n (n (f (n (k (l (m (g (m (g (k (f (g (m (h (h (g (n (k (k (n (l (f (m (m (f (k (m (f (n (l (l (g (m (n (n (h (g (f (m (n (n (h (m (f (l (l (n (k (g (h (m (h (m (f (k (l (n (k (n (g (n (h (h (f (f (m (m (k (h (n (f (n (f (m (l (m (h (l (m (n (m (l (k (f (k (m (h (g (h (l (g (h (g (n (f (l (f (f B))))))))))))))))))))))))))))))))))))))))))))))))))))))))))))))))))))))))))))))))))))))))))))))))))))
.
938:
none
939:
A=B
.
940:
A=B
.
941:
none
942:
A=(f (k (l (h (g (l (k (m (k (h (m (n (f (l (g (g (n (h (h (n (h (f (f (h (k (f (g (h (n (l (l (k (k (f (n (h (m (h (l (k (n (m (n (f (h (g (h (k (k (l (n (k (m (h (m (f (k (l (l (n (n (l (f (l (h (m (l (g (f (n (f (m (l (n (g (m (k (h (g (m (l (n (m (k (l (k (f (n (l (k (k (n (n (l (h (k (f (k (k (f B))))))))))))))))))))))))))))))))))))))))))))))))))))))))))))))))))))))))))))))))))))))))))))))))))))
.
943:
none
944:
A=B
.
945:
A=B
.
946:
none
947:
A=(l (h (k (f (f (h (k (k (n (k (g (g (g (n (g (k (k (n (n (l (k (g (h (k (l (n (g (m (l (h (l (m (h (h (n (g (g (g (g (f (k (m (n (m (l (g (f (l (m (f (h (f (l (l (l (k (h (k (n (n (n (l (h (f (m (n (m (g (n (m (g (n (h (h (m (n (k (g (k (f (m (n (k (k (k (f (l (h (m (h (h (n (m (m (k (k (f (g (k (f B))))))))))))))))))))))))))))))))))))))))))))))))))))))))))))))))))))))))))))))))))))))))))))))))))))
.
948:
none
949:
A=B
.
950:
A=B
.
951:
none
952:
A=(k (k (k (f (h (f (h (f (m (h (g (m (f (m (f (g (f (g (g (n (m (n (f (n (m (f (n (m (l (m (m (n (h (m (l (h (l (l (m (l (h (n (l (m (h (m (n (f (h (k (h (l (h (g (h (f (f (k (g (g (h (f (g (f (k (l (m (f (h (g (l (n (m (f (g (k (n (g (f (f (g (m (l (m (m (l (f (n (f (k (k (n (n (g (n (f (m (g (f (f B))))))))))))))))))))))))))))))))))))))))))))))))))))))))))))))))))))))))))))))))))))))))))))))))))))
.
953:
none
954:
A=B
.
955:
A=B
.
956:
none
957:
A=(k (f (h (k (m (g (g (h (m (h (h (m (n (k (m (l (h (h (h (n (g (l (f (n (f (g (l (k (l (f (n (n (k (m (l (f (k (f (f (l (h (l (l (h (g (g (g (n (h (l (k (l (k (l (l (n (k (k (l (g (l (n (n (h (m (k (l (f (n (f (h (l (f (f (f (k (f (l (l (n (h (n (g (n (g (n (m (h (f (n (m (f (l (f (n (l (h (n (g (f B))))))))))))))))))))))))))))))))))))))))))))))))))))))))))))))))))))))))))))))))))))))))))))))))))))
.
958:
none
959:
A=B
.
960:
A=B
.
961:
none
962:
A=(n (n (l (g (h (f (h (h (k (f (n (k (g (h (l (m (h (f (l (k (k (f (f (m (f (l (m (k (m (f (f (l (g (m (f (m (n (h (g (h (l (m (k (n (f (m (g (g (m (n (f (f (k (k (m (f (n (k (g (l (f (k (f (f (m (f (m (g (l (m (g (k (l (l (k (l (n (f (l (l (m (g (m (f (k (f (k (h (l (k (h (k (m (k (k (l (n (l (l (l B))))))))))))))))))))))))))))))))))))))))))))))))))))))))))))))))))))))))))))))))))))))))))))))))))))
.
963:
none
964:
A=B
.
965:
A=B
.
966:
none
967:
A=(h (f (f (n (g (f (n (l (f (l (l (n (f (h (h (m (g (m (h (k (h (f (g (m (n (h (h (n (l (h (g (n (g (g (g (m (k (g (l (h (n (f (n (f (n (f (f (k (l (l (m (g (m (l (k (n (m (n (f (l (m (g (m (l (n (g (n (g (g (n (l (h (h (k (k (l (n (g (l (n (l (f (k (m (h (m (n (f (f (l (f (f (g (g (k (f (k (m (l (n B))))))))))))))))))))))))))))))))))))))))))))))))))))))))))))))))))))))))))))))))))))))))))))))))))))
.
968:
none
969:
A=B
.
970:
A=B
.
971:
none
972:
A=(m (m (h (l (h (l (k (m (k (g (l (h (k (h (h (g (m (k (g (m (f (l (l (m (h (l (f (m (m (l (f (k (n (l (f (g (f (m (m (n (f (n (f (m (g (m (g (g (n (h (k (f (f (h (m (f (f (l (n (n (f (l (n (m (k (n (g (h (l (g (m (g (g (h (g (h (l (f (h (g (m (l (l (f (l (h (k (m (l (h (h (m (m (g (h (f (n (l (m (g B))))))))))))))))))))))))))))))))))))))))))))))))))))))))))))))))))))))))))))))))))))))))))))))))))))
.
973:
none
974:
A=B
.
975:
A=B
.
976:
none
977:
A=(n (k (l (k (n (f (n (k (l (l (l (n (n (h (n (g (n (k (g (g (l (n (m (k (n (l (l (n (l (f (l (n (l (k (l (n (h (h (k (g (f (l (k (m (k (g (h (g (n (m (n (n (k (m (f (n (l (g (g (f (g (h (l (n (h (n (f (f (g (l (n (l (n (l (l (h (m (l (k (k (g (g (n (l (h (g (h (l (f (n (l (g (n (n (m (g (n (m (f (h B))))))))))))))))))))))))))))))))))))))))))))))))))))))))))))))))))))))))))))))))))))))))))))))))))))
.
978:
none
979:
A=B
.
980:
A=B
.
981:
none
982:
A=(l (h (g (n (n (g (m (g (n (k (h (g (g (k (m (n (k (g (k (h (h (g (m (g (n (f (k (g (k (h (n (g (m (h (k (g (m (f (m (g (k (f (m (g (h (l (f (n (l (n (l (l (h (k (g (m (m (f (h (k (k (f (l (m (n (g (m (m (l (m (k (l (l (g (f (k (l (l (m (h (f (g (h (k (f (k (n (g (n (h (m (f (h (f (g (k (m (f (h (g B))))))))))))))))))))))))))))))))))))))))))))))))))))))))))))))))))))))))))))))))))))))))))))))))))))
.
983:
none
984:
A=B
.
985:
A=B
.
986:
none
987:
A=(n (k (f (l (n (h (n (n (g (f (g (g (m (f (m (l (f (m (f (m (m (h (g (l (n (m (g (n (f (m (l (m (g (k (k (g (m (n (h (n (m (n (m (m (k (l (l (h (g (h (l (h (g (h (m (h (k (m (l (m (l (f (m (h (n (h (f (g (m (m (l (l (n (l (k (l (g (k (n (h (f (n (g (f (k (g (k (f (m (m (h (f (m (f (g (f (g (h (f (k B))))))))))))))))))))))))))))))))))))))))))))))))))))))))))))))))))))))))))))))))))))))))))))))))))))
.
988:
none
989:
A=B
.
990:
A=B
.
991:
none
992:
A=(l (k (l (g (n (h (m (n (h (h (f (h (k (m (k (g (n (l (m (h (h (g (f (f (g (m (k (h (g (g (k (n (l (h (f (h (f (g (f (n (f (f (l (k (m (g (h (m (g (g (f (l (m (n (g (f (f (l (l (l (m (m (h (h (l (f (f (f (n (g (h (f (f (h (f (l (m (k (n (l (f (k (k (n (g (f (n (l (l (m (g (l (f (m (l (k (n (n (f (m B))))))))))))))))))))))))))))))))))))))))))))))))))))))))))))))))))))))))))))))))))))))))))))))))))))
.
993:
none
994:
A=B
.
995:
A=B
.
996:
none
997:
A=(k (k (m (k (g (g (k (f (g (f (l (f (k (m (f (k (n (l (l (k (m (k (n (m (f (h (l (m (l (m (g (n (k (m (h (f (m (g (g (n (m (f (l (g (f (m (f (m (h (f (h (l (l (g (k (f (h (n (f (n (h (l (g (f (g (m (n (n (g (g (f (m (m (n (m (n (l (n (l (f (g (n (l (l (g (h (m (l (l (l (n (k (h (f (f (m (n (g (m (h B))))))))))))))))))))))))))))))))))))))))))))))))))))))))))))))))))))))))))))))))))))))))))))))))))))
.
998:
none
999:
A=B
.
1000:
A=B
.
