1: -2147475809
2: -2147479035
3: -2147481559
4: -2147480854
5: 1321855
6: -2147476575
7: -2146986737
8: -2147480782
9: -2147184909
10: -2146923974
11: -2147064717
12: 2410
13: 44884
14: -2147481744
15: -2146954563
16: 290911
17: 339599
18: -2147477507
19: 441928
20: -2147473554
21: -2147474538
22: -2146882775
23: -2147478589
24: -2147443413
25: -2147481583
26: 708208
27: -2146964717
28: 92341
29: -2147479704
30: 557522
31: 1231
32: -2146950611
33: -2146878257
34: -2147470721
35: 152486
36: -2146901701
37: 305
38: 21879
39: 447952
40: -2147439784
41: -2147136191
42: 1081859
43: 403141
44: -2147471350
45: -2147471433
46: -2147483357
47: -2147477694
48: -2147482490
49: -2147379412
50: 14450
51: -2147466775
52: 263002
53: -2146917844
54: 196
55: -2147004228
56: -2147482682
57: -2146857806
58: -2147482437
59: -2146871302
60: -2147482933
61: -2146840878
62: -2147322227
63: -2147126397
64: -2146961369
65: -2146945322
66: -2146979061
67: -2147479911
68: -2147011328
69: 717263
70: 108
71: -2147478433
72: -2147480379
73: -2147480184
74: -2147478340
75: 983691
76: -2146909124
77: -2146910941
78: 823195
79: -2147466122
80: 4699
81: -2146905827
82: 1987
