1: 12
2: 5
3: 5
4: 9
5: 4
6: 7
7: 3
8: 17
9: 9
10: 4
11: 7
12: 14
13: 12
14: 3
15: 7
16: 11
17: 8
18: 10
19: 4
20: 9
21: 9
22: 9
23: 5
24: 4
25: 6
26: 6
27: 6
28: 11
29: 6
30: 11
31: 7
32: 9
33: 9
34: 6
35: 12
36: 5
37: 8
38: 12
39: 12
40: 7
41: 6
42: 6
43: 6
44: 3
45: 3
46: 12
47: 5
48: 6
49: 12
50: 12
51: 7
52: 8
53: 9
54: 8
55: 15
56: 10
57: 10
58: 4
59: 8
60: 10
61: 4
62: 3
63: 15
64: 9
65: 2
66: 6
67: 6
68: 6
69: 6
70: 12
71: 10
72: 10
73: 4
74: 6
75: 16
76: 11
77: 5
78: 8
79: 11
80: 9
81: 14
82: 8
83: 16
84: 2
85: 9
86: 11
87: 2
88: 9
89: 8
90: 10
91: 6
92: 8
93: 13
94: 5
95: 9
96: 5
97: 11
98: 6
99: 8
100: 6
