1: 16
2: 14
3: 10
4: 10
5: 4
6: 8
7: 7
8: 6
9: 8
10: 3
11: 5
12: 4
13: 8
14: 12
15: 5
16: 7
17: 7
18: 8
19: 8
20: 5
21: 11
22: 4
23: 8
24: 12
25: 13
26: 6
27: 4
28: 6
29: 12
30: 4
31: 4
32: 9
33: 2
34: 6
35: 4
36: 14
37: 11
38: 10
39: 12
40: 13
41: 17
42: 11
43: 8
44: 8
45: 4
46: 10
47: 9
48: 9
49: 10
50: 10
51: 10
52: 10
53: 0
54: 7
55: 5
56: 10
57: 3
58: 11
59: 12
60: 2
61: 7
62: 10
63: 4
64: 8
65: 9
66: 4
67: 13
68: 6
69: 11
70: 2
71: 5
72: 4
73: 7
74: 5
75: 7
76: 12
77: 10
78: 17
79: 0
80: 8
81: 3
82: 8
83: 11
84: 6
85: 4
86: 5
87: 9
88: 9
89: 8
90: 7
91: 8
92: 16
93: 10
94: 10
95: 6
96: 9
97: 9
98: 2
99: 8
100: 12
