1: 13
2: 8
3: 4
4: 11
5: 7
6: 9
7: 12
8: 10
9: 9
10: 8
11: 10
12: 4
13: 10
14: 5
15: 12
16: 7
17: 6
18: 11
19: 9
20: 8
21: 11
22: 6
23: 4
24: 5
25: 8
26: 6
27: 9
28: 4
29: 12
30: 5
31: 5
32: 13
33: 10
34: 4
35: 6
36: 7
37: 14
38: 6
39: 6
40: 8
41: 5
42: 10
43: 7
44: 7
45: 11
46: 8
47: 9
48: 10
49: 7
50: 8
51: 10
52: 6
53: 13
54: 6
55: 9
56: 9
57: 6
58: 11
59: 7
60: 12
61: 10
62: 2
63: 10
64: 10
65: 6
66: 9
67: 13
68: 6
69: 9
70: 9
71: 6
72: 10
73: 8
74: 8
75: 6
76: 13
77: 10
78: 9
79: 8
80: 5
81: 6
82: 5
83: 3
84: 10
85: 15
86: 2
87: 10
88: 4
89: 4
90: 12
91: 12
92: 9
93: 11
94: 4
95: 18
96: 4
97: 10
98: 5
99: 2
100: 7
