1: 16
2: 7
3: 6
4: 3
5: 4
6: 6
7: 10
8: 3
9: 6
10: 8
11: 12
12: 11
13: 10
14: 5
15: 6
16: 5
17: 14
18: 9
19: 10
20: 10
21: 6
22: 14
23: 7
24: 5
25: 8
26: 7
27: 8
28: 12
29: 5
30: 7
31: 11
32: 7
33: 15
34: 8
35: 5
36: 11
37: 3
38: 4
39: 10
40: 10
41: 6
42: 10
43: 19
44: 6
45: 9
46: 12
47: 11
48: 9
49: 11
50: 12
51: 9
52: 3
53: 6
54: 9
55: 5
56: 3
57: 4
58: 13
59: 11
60: 5
61: 3
62: 3
63: 12
64: 9
65: 7
66: 2
67: 7
68: 6
69: 2
70: 7
71: 6
72: 6
73: 9
74: 8
75: 7
76: 5
77: 13
78: 8
79: 11
80: 5
81: 9
82: 3
83: 8
84: 8
85: 8
86: 9
87: 3
88: 3
89: 4
90: 10
91: 12
92: 10
93: 11
94: 6
95: 9
96: 8
97: 14
98: 15
99: 8
100: 6
