1: 6
2: 12
3: 6
4: 0
5: 4
6: 5
7: 7
8: 9
9: 7
10: 12
11: 12
12: 14
13: 7
14: 9
15: 4
16: 4
17: 2
18: 2
19: 7
20: 13
21: 7
22: 13
23: 4
24: 9
25: 3
26: 12
27: 6
28: 10
29: 7
30: 4
31: 5
32: 9
33: 6
34: 9
35: 9
36: 8
37: 8
38: 6
39: 10
40: 14
41: 4
42: 17
43: 10
44: 3
45: 7
46: 7
47: 9
48: 10
49: 8
50: 5
51: 9
52: 13
53: 11
54: 9
55: 12
56: 4
57: 4
58: 9
59: 16
60: 10
61: 7
62: 10
63: 6
64: 8
65: 10
66: 6
67: 11
68: 12
69: 12
70: 4
71: 5
72: 7
73: 12
74: 4
75: 9
76: 11
77: 3
78: 13
79: 2
80: 10
81: 4
82: 10
83: 5
84: 5
85: 8
86: 12
87: 13
88: 12
89: 14
90: 8
91: 6
92: 5
93: 7
94: 11
95: 14
96: 13
97: 11
98: 15
99: 7
100: 3
