1: 11
2: 10
3: 13
4: 5
5: 2
6: 13
7: 3
8: 10
9: 10
10: 10
11: 12
12: 9
13: 9
14: 7
15: 5
16: 11
17: 3
18: 12
19: 6
20: 3
21: 10
22: 5
23: 3
24: 7
25: 9
26: 8
27: 5
28: 7
29: 11
30: 6
31: 11
32: 8
33: 10
34: 10
35: 8
36: 3
37: 13
38: 9
39: 2
40: 8
41: 8
42: 10
43: 5
44: 9
45: 10
46: 12
47: 4
48: 6
49: 5
50: 10
51: 6
52: 9
53: 12
54: 10
55: 4
56: 7
57: 7
58: 5
59: 8
60: 4
61: 10
62: 21
63: 8
64: 7
65: 6
66: 11
67: 6
68: 11
69: 7
70: 4
71: 14
72: 7
73: 8
74: 7
75: 6
76: 8
77: 8
78: 4
79: 8
80: 4
81: 2
82: 11
83: 10
84: 10
85: 9
86: 6
87: 13
88: 5
89: 13
90: 4
91: 10
92: 8
93: 7
94: 4
95: 8
96: 5
97: 9
98: 8
99: 14
100: 9
