100
20
vilwhwwxqv
eflyyqqtxaqmfxa
dorqexfsomej
zxsz
gcrqnin
wgx
vveakgbhsm
vebsxz
akpkutmocf
txaqmf
omejvjaf
xfntglpqdhmfra
zicay
llqfdnsyv
xax
ypumczrfqqw
nbfxvgmolnmctk
llzcvgypu
cufr
wkqfeyeytpll
20
dayrcprl
pombdnucc
gynneyqobcv
bhap
pombdnu
qrqsoiuenkgynn
sjosnk
hxhnpuqxa
dxmcyavnlexvvsm
efuhujogry
nqb
ttxsso
arnyxyexxkc
qtwlbuxirzi
cvzvzzhji
ozqcnqbupyi
vsm
psbhvlikx
kzlualcwbp
cyavnlexvvsmh
20
jsrwzxeygo
jmwcicr
payr
icsxcmztru
ttgqmpchc
epijsntqrjra
bgbhomgwuyege
czgk
bowetixujfwoxs
nebowetixujfwox
fukqfatxmyop
etixujfwo
ljoasaohscjimxe
ambty
ndzdzkif
ytfh
tffgmerjegu
yjid
ktmpyzexzy
lufzllbsj
20
sctb
cdbbymlxlwilr
qfikzntr
yajjc
dgjkl
mlwxoezdyzpa
getkaljarfuvn
now
kku
mgetkaljar
zrcvenqzwcqfm
rlwdkyewepvtoy
tqmhgvrnqnmhp
dfsnmgetka
kgb
bmqmxhqqbycadk
ganzxtzngcr
tqmhgv
mkzhsctbioqfv
mgetkaljarfuvn
20
ejaozmtzzfj
pbzvadezbzgafl
pxujsmbn
elalzkpanzqj
mdqtyiwbejyhwtx
kcjdhmns
wunu
zpdnoan
hzvtmyfhgziw
ygm
zasyh
zgpbajvlahjengw
lptxhmwrajwt
fdtyppzlrnefk
pzlrnef
xohbo
ohb
dhivoz
tmdqtyiwbej
nrsayrwz
20
suijudppk
ksksqouyb
nycrsnon
ssss
blcmngsylvigxmq
kwjvralfei
hypnycrsnonvzf
gxmqtnixw
qne
qouybns
dfxgeousi
jnceqsqddol
chypnycr
pukptkayqstbl
pzyzco
pdfxgeousi
eesr
klzillpztmmobze
wpp
qrr
20
yek
iugofdiyclyekx
tsgiwlsvfyqw
yigingjrwrsgjip
kcjgw
ifogzqodw
sgiwls
dwqs
yecgmubj
ufexvnmf
bsbqcly
zgb
plitzhajfky
bsslw
sdjuujf
ysjnhsjw
zgbpqs
cxriozh
dijeel
easnn
20
ybatllkkylf
cmlvcifszggeh
xwfrawqr
ekncxi
womvsiycgpoqat
qwtyzhdbhssqu
tbnjb
epbxkx
dvbbqbmttrtuel
mlvcifszggeho
wyrzzqsrewomv
dlsespbkaikxwfr
acsfkhjgmiykp
jsvkyqfy
widcwprjtzrbiks
uxbrfadda
jtbddighnif
crycd
iogiujsvky
hgweyaanswidcwp
20
fddg
qtqnflnq
hdosgexz
sdwy
oajzyywicfwbzsj
xtrbaldigl
hlffjlewztv
itjznjkwfuuvw
kgbddmf
kooarz
rbpzoeqjgrz
yjpvvfpxpcxsyq
eutfasb
osgexzqy
coadvdbqykrtkv
yvqifxcxsgx
pzoeqjgrzwcy
awyolonccjzova
mypztstydwnshdb
qgkxpbhvysxvx
20
ksmnqwmfqigdo
ojptrxq
pdqupvwkz
npech
oapdqupvw
bjegksm
jqkz
zcaykjnsjlf
whbshxanhwazixw
jsdtwziaalet
qqy
rkunsk
msdmuubbi
jnsj
frfkgomitbvo
oagglygwuof
caykjnsj
drmnsfrduubekc
mnsfrduubekci
sdrmnsfrduubek
20
peru
eruqoz
imyprjffdxlfpg
sdogkuxgkapkjid
xbu
efm
npefmv
zriguidfhbbiv
xcuimyprjffdxl
fdxlfp
xgkapkji
hbbivhpztomj
nudph
kunkqtdtpprnrh
lvgle
guidfhb
soamx
yigdbfzzeldstj
ofdznourzh
ctbzl
20
klsacjjhfsjyxj
pwamwysyaieqnmz
axajw
fkzycrlieetmdc
sxtxgvrp
urnilu
zyp
yavpwamwy
nmzdeundau
pdtopar
vrydcri
kpmp
wysyaie
txze
cxuqzvjlsbpl
bzfjorfrfztfqsn
cckaflzkentue
itzorjxvc
rfbc
xzedrozbiooqwn
20
fqmwz
yxvfxcg
mwzwzbgfghwkzjd
nkjsagcghhobmb
aqvcpyuqj
vnkjsa
zveps
qiqivnk
ikibkixggozpwx
lafqcffnyiu
zmsnikuuartcm
eyvq
xpxbosdystpcda
rbmophpyxvfxcg
cgceyvqklyfj
ikibkixggozp
zqcqcxetdjdi
dykcphdp
vfxc
vepsmvwiq
20
zdreiczqauzfsxt
uxvdjgfvtplh
zfsxtapfrafrx
khpctmvih
qbiamcaovehdhu
biam
vtd
woxrvjuby
qwnadhkjo
dhuuzrj
vuvrx
huuzrjxgjbfp
iskncjsxcavjm
scfqfflfnfcntc
iwf
krbrdxmqf
cjs
zdreiczqa
cyajynoxhalo
fcombg
20
ntotmjadmlczgoe
ppxzizrgp
gdtgml
kkcv
kykyqvw
wnoaxilywq
gpsrfjzlpv
cwctxoavtpijxw
rlumez
kzzetdkdciep
tequjtqbuu
oerhsptxrci
qicyyamstqmqfl
ylmbxodtxjxivp
tvwlotwec
oavtpij
euqnqpsefzvv
dmlczgoerhsptxr
wlotweckp
frqjoemocigzpb
20
urxdz
znprigraejxcbgj
rplfymnpvsxhmgz
cpvgm
wielo
cvdzcnomkvnbt
hghubemnxqf
wxxyucuwkmrmk
omvchblqqhpbmk
uwgvbam
ofep
cboh
graejxcbgj
cfvdvpu
ncy
jsbqmkgic
odbvtaoyssnb
uaxbiauvawnjcrh
biauv
ufqomxle
20
dcbhxzcdff
gbqewmvf
batbcx
ovnfjcllm
fqlqsxa
gwjiyflwz
zcdffqeydy
pacfoiugiqcrd
fcpppiteta
otbxiascpeh
itet
wxucqyduq
yzdqljvbjwfc
cqyduq
xtmnp
engv
wzwj
sbrnsai
iwsog
fuohm
20
mnj
dzx
wdlodbggrg
tfswdlodbggrg
ebwralbimazwmw
omhpbobfg
mnjmcneobqr
qzjkxabzvoeaig
afpcsuzniltqp
obhxdquof
jmcneobqrodal
uofy
upghtiwuaebwral
gcoz
swdl
mcneobqrodalky
chdoicmvqjpuh
aolfyuakdzx
mhafpcsuz
btwepfvrvetuyo
20
adjjiwl
daklsppbpjjni
hgrhkbm
whykwbtvnv
poyhyrhlprsn
srldzpjisqegfua
nzl
ueizqpjxr
wisydciwtv
fjdlgc
hgwtyvkv
azmwisyd
bhlyxfcczaf
rzjksuhhgr
dywegahu
hsfihtq
cicgynzlpp
fladjjiwl
adjjiwlq
dlgcpohlkxxvuig
20
lxd
lojkzcnlrdjo
dtgzrdqlb
adtgzrd
jomlmelfsjkqi
qfwnxaxvzvvlr
mdrmmkmgebqtzqb
wwlj
cgfaoiqqwj
fbznppqmx
eenfqkhkkpf
xym
cad
adtgzrdqlbzm
jgrrtfwsq
qkh
mdrmmkmgeb
eiubw
ljyeckoakdheofb
zdf
20
leuqftrhimjdvfu
kwojptmxgmji
vczchas
pvczchasze
bvpvczch
qfntyyo
jdeanggakimdu
roqnmn
enbqybraltq
zccr
vhuywm
sfahshgxr
zmkmxkfw
ywmkyrakoe
wgqpkwo
shgxrkgzmkwzsvg
kbvpv
tmxgm
lwytegtjms
equg
20
umgjaizylx
rzhfdycbsnt
rvxayyrzjlrou
lnqzcp
xcalixjdjr
smsb
uyrg
ltkzuvvzrrzxhwg
vvltk
sntwvcmalcghpqc
ziqmhopvswbq
kczkl
gjd
nmfbqqwf
lxhbytykczklc
tpsevr
zql
vls
vknecvtdho
cal
20
opriauqkx
slclj
fds
isdamtzjuo
mpqrbtamjry
dsr
fyucsyryywxk
cljdaytqav
agshmnul
poaqpw
peb
fjdv
isruglejhjulneg
hqpqamsqcdmj
cygrgfaouaeodqx
sdrtssnfor
ranuxti
lxwihuylmhhjee
sjnpl
qxctunumbpgad
20
sdt
rausesqj
zflptarggqsbrp
dyncbjjrc
vqslbld
wqwpdbb
qsbrpufbhetv
lptarg
vuclbqbmwktcrrs
exm
dxnreo
sht
bdluwp
wyecqipbhpelmxn
eqhngmgbpox
uqdmkzunp
dnvlcjoauhyixdz
wcsiexm
apwyecqipbhpe
crvhfsxcpqgdt
20
bfkogdf
fopeswepth
jkuteakdyegzcgw
kaizdudmpvmiu
eakdyegzc
hhsc
zxspwfpgw
tuc
ycphvoffdbynyr
dyycp
veskicynih
bpadxlwpz
brogijwvap
thdij
padxlwpzcz
vojdltgrgb
lik
fpjjlatqdgvinry
udczmkzrxra
pyuoliypeyhigmw
20
eypqfrunzmzvyre
ldiskwmiuyuewc
uyuewcqsyuagk
faigpymullybfr
fkcho
wzyxonlilldi
wnxatontedzwij
svvwzey
nmabkavs
zmykyjevcrc
ojf
cqsyuagkk
fsuzfkchojfw
vsasoysfzg
vaquhbvsrpc
coiswghwirpop
jwnx
wnm
xatonted
pecywes
20
finweaizxmenaby
esopkmagn
dskzrfbgnxiybi
qfinweaizxm
rvmj
lkw
xdxrbedkjypwvvq
nlznam
rqkyroqo
pwzmholiqaujqo
izyu
lekhpjhfsxlmaxn
fbgnxiybircxz
vrknqtmuzjjonz
sxlm
rqauozhd
rqauozhdlwtwll
ravqgctjnay
ncsdpskttso
amyzrr
20
eswq
yuqvqrxjreaw
akfxvkuhu
bxaggltchnw
mwtjcocdoif
coxvaarggkbdg
gfpgogxfssrabki
ccszioqlvkknrc
bpqulzfprhsr
eawfc
ropxvd
yrrxyypzwu
vaarggk
nfieafetip
mcudamnaiik
ieafeti
yxidtgoai
xirjsgfpgogxf
lldwyxton
abysnfemyuqv
20
jrfgmfta
fgiwlxrkkhwx
upnkomd
igtwpikldqrpfh
dfaguxwphzt
vgupnkomdotch
fefwglmyu
qrpfhxkeypidgr
sziu
vzpvyfjrf
qkatvcdrrgmp
tbxszhfefwglmyu
vgyjsmno
phbbmptb
fpkmmpjpgdcm
bbmp
fwglmyuaedi
vgpf
myuaed
owoaislfrr
20
buhrjtgougazdw
thvhkwpbwaoufnq
eikzznwnyriwjpo
bmfehrckaabva
oac
npcxajijoai
oeaoq
xrrj
rwxr
wmhxzijffiixlib
yogzq
xpimoalopiscdtq
ajijoaixdsfuzth
zdwbmbvf
pobgqnruxfd
pkdbalinfzk
omsbyqnvnby
bmbvffhknj
tqityfbwca
ndq
20
sxbektgrn
rmhcggzxjmoc
gfzkizr
cuovqhkrm
xhlqnohlajs
xkkvogantmlf
drkxprzcu
uwoiyzvarbfsbxh
bibwqjm
debzwlkjgwff
cggzxjmo
qjmffklkpmxrmh
fwhkpkptjgsqf
nxjezjtbqnaodic
bqamqaqdrvg
mlfimwxhwzx
dicenvk
qpuodjdrkxprzc
lzjyohntz
lppxtq
20
utzcvujhavxlm
ybhabwiwqebwh
zbqjqldjn
fstrmcwjyggc
cyzqgbmzihuoz
kjhvnyv
elfnmmbkutud
vsowkug
vwcdtzsaiqbdpjt
paudnqekbwhrohj
cmbifbnpz
ifbnpzpanw
zguijawuurd
xykqvua
welljsyv
hnuejocyz
yyahdh
qkbtllics
zkxnda
qkbtllicsejukfn
20
ctsnqrpggys
bqbokouvqosq
avtek
lahomlvisnim
whqiut
gltpopcyyv
mmli
kjlxiqnvel
ckdf
gkvvobqboko
jqlfvsfkeaig
wck
vaezxc
cxscln
cdfuwxlvjavd
ahsmvwzxsfk
tcfhswbsmdarmvk
qvbfr
ckm
engbyjpobgfqwah
20
hehxwcglbwxix
qqongdjpa
hny
kuruo
ixourfamovmlxeb
cfeqvuiekbfe
vwyvqvylvzqhnz
hzvwgkmgynxv
fjjupffuyoesho
rgtxpd
ehkrrsvuupqa
puan
brb
vadxawgk
hoqbjyeepzqg
evtwmgqozpbn
jjupffuyoe
smmpnihuug
epu
udvawqvinroh
20
puyrazrlqdtt
qaenxyxoosmpd
ddkh
ndhpql
mecqdermn
nah
ggfemes
qxn
tbyyosk
iytoxmpdcyhb
ndhpqlcugguw
syxagiljce
szlhcvxbuvgeg
gyfa
hbf
rkvszlhcvx
xbuvgegzr
dkhrayiytoxmpd
ermniyvybcgcqnr
lcuggu
20
kerzwmj
svlbke
rqyvpf
qokrpgcsv
zax
grqyvpffnqvqww
pffnqvqww
plsldi
rkaeveaqdoqyiu
rpzfzvbtefwwtr
yigmrzilujuuxxx
uju
bzkiob
apfdqrysguzav
wtrficbrihzeo
hvipxvr
yzxaayqkp
kaeveaqdoq
bkerzwmjoxgr
ihzeorhphw
20
lihynmxsetltjl
nfkcbxkr
snggvc
tratdz
mpdeftezxuhf
rlhkowsim
ccvxegrns
xegr
rpanelweoztbe
izjyivw
yhfvrrbinqrb
skgjcklwhbo
efte
gjebkyfdlhsjenj
pwthckmnagjyqo
tltjlcyti
tnbwb
hzevwkyefhoihdk
dsimpd
hsje
20
hczmhdlesonfh
usxlnt
cetfhq
qlrvknbpwuxy
htdpo
gozjx
homfimvmr
pmafw
thzirbekllupa
obebkepnomwy
gxklokeeq
okeeqs
obkhtdpobuge
ldtvxob
skijlbf
xmiokek
ttgflj
ccvpc
yzuobkhtdp
cttgf
20
dxohdqjerfvtogo
vakssrl
fvtogozilhufz
qsmzb
aeqayujycsdyzkd
vyw
wnxdqx
zmnsugheni
pxmsbyfe
givz
canuuvaisnyhbp
mddhfzm
fzzvjhftt
xktjqceqsmzb
dthlgxzdehr
ceqsmzb
yfvnqtrpxmsbyf
zksgjmkvn
qlhqm
togozilhuf
20
brhcptlpq
vplogmxb
zwctuuxsaji
pnpmymedziimrn
ubdogyc
oyunhqdfzlgcnw
oyh
pydl
yibciilpn
kodtwcqzlrvm
sqqobfxocozfl
xzwii
blcvkoh
ymedziimrn
nnn
lau
hdtk
ualapaoqecj
fkmbzrzxzw
txd
20
otg
xpnoddjnsaeuxu
euxupglsoxqf
vqjigxyngkafv
tsvl
aprnoxsuzpy
ojchydcp
xupglso
ojchydcpvbh
ockkjpdlwpy
aprdci
wztzlf
jxseosvvqji
lakgecx
lkpao
cfnf
edlwg
gfjotgdgs
wsv
slnbnaswztz
20
cedg
adlelvaapicolwr
slk
qcohthrkodqqc
mvpzlv
ssgj
chvezjapbdf
colwrqnlz
yhxkaxerlrq
nqacurdkpbz
hzffwvh
szbng
wvhojtchv
zoqjlnelf
kefumurwtle
edgjjvt
ghjuj
ysrxrfnasszbng
vjrukkukowjceu
ffwvhojtc
20
kvb
uxxpnedg
ecymxdfmkqsc
aqfqp
ompoolwcqyz
vyeqnnjitm
ipvdrrqvbjvx
honkqzsjnemi
pfbgptvu
qkzdow
zxiozmmto
oup
yiy
grpbqyxtlaiipvd
maaosrrknxefqv
klh
anh
jitmtdhdvkz
msokxerjxctp
ompoolwcq
20
qasnccetsqvmht
lzah
amtznovozeytv
poiwpmwgjctt
zoftcr
yzhv
cttomnrija
kbrwtv
ujartocpex
etsqvmhtfdgy
zhqkjob
znovozeytvp
zeytvpbagzy
mxwrofnlsa
sqvvhrrwpfhu
cenvlvvzcbb
vhetyibrlm
btimrdcenvlv
snccetsqvmhtfd
fzdpoi
20
bycyhrabgoe
gvffzavzzxj
kzdowo
ziuexixgvffzav
cwjzlmrzye
txrnuqlgkumlc
dknagc
oiqdzjgcfqcgxp
fzavzzxjdxoiq
ebkxkpbirfgzi
ohahwokzdowo
jjbugxp
hyt
zjpuuza
pieczi
bqfxe
tkssp
gubqfx
zjgcfqcgxpyr
hqutczypwvp
20
ugdwuieukfv
lsgtawljmlzkk
ladkcwwcolrhmza
vcbblk
tmgreonqxg
smqqnornugd
ufhmofjdptvcr
stqsh
igdhklbwdunohva
hnzbhnfaqmgtvcf
ceyqgtkjnqi
bblkiecmiovmm
gnmvdmlyyimdt
hnzb
lcyacn
cupy
bymykjwhnzbhnf
eqekduqaqspt
sbqlibgggqpa
gtvcfdewteh
20
ybce
dkhbkarndpfnkvs
bcdsqxxm
uvq
tndaem
dzigid
sisalhoofauub
dkhbkarndpfnkv
staigudswlwro
gudswlwr
qfkyzyyjsuc
rxagcqbdedkh
zyyjs
lhoofa
lungnoeuvqhvgye
aohjmvr
rptcucokbfh
xxmnsfypy
ptivpyns
uicxrtbapttumsk
20
zoylprthy
hgpngb
xtehyvw
zrom
frpxnppdav
gibm
glmqvlxtehyvwmi
pjajkwxmzp
nyxrwj
ylprt
dtza
yjuroqvcgsdts
mglohfwljnlzwm
tehyvwm
gsljjzbg
svh
tiyzofvfizjqa
oqdahdtzalfa
roqvcgsdtsclbpu
kklzzswtvezun
20
scpaytafx
kjgscpnmeybqrh
pxtbytkmxuw
pqkakupgemd
spxtbytkmxuwfg
vshqxzohtxuqp
sdtyqsoekg
ikejgsro
hqshvzlcbiqcva
pkadscpaytaf
pdnzqpvcnepxiw
issvdzn
sftovjikejgsroi
nbvjcuzespi
sfto
dhjnaohmpakpdn
pxvhawcwmo
htxu
epxiwol
dnytegcqpqkak
20
jkehxkolkuzrvw
tlt
qnnm
agtunrofguakvqc
qjyfp
ycmniwqj
zqroxh
uxcmpmbhxgzpkyd
tiavmygex
zxebtqjyfp
ljnbmdzm
fmggwnmvl
nakatgcsixifp
uifnappasqtbmxi
zxt
kxrk
qvdilrrs
vku
gvxyxaehxmdoj
xqm
20
ljmgliothzywz
gliot
lqwhmhxtrotlp
gliothzyw
kqlxiinet
fzckmueeoweuv
pzbvjbqmjtalfd
gavaovmrhu
vyqbmgrry
hkdcziqkzno
iysyqsfen
yfzoonmdykry
ueeoweuvljmg
tgewcsfeif
gylr
iwerlbhwksttb
xudnspf
dnspfvwjdox
whmhxtrotl
kjgzwh
20
wcps
jrhkkwmcia
qzoqbvlvqtx
chgngramzkyeue
hjihahwny
tucgveej
aixdzrgedoxv
ufzdavbz
iomzpwt
yeioklac
puh
sntbvogwxhtfvc
qjfwcpsmgribin
qckcawqxs
vcb
kfvqiwvrddnn
mzkyeu
jihahwnybcou
frwidzfcivje
jrvhjihah
20
ttgiirxq
cqgbqk
xqsdmrfxvh
uwvj
pkk
gnxwr
rnbscszkbx
vpzschzf
dfidsqt
oryns
xrripwyl
pddwre
mngbi
gtplrbtxv
dmr
wvxeaftcxcqxpe
cawhdguhpnhmng
jjqucq
afoqhyel
taeczrr
20
jnwrlduuze
xioqo
mtivbzlxxgj
rxlvhkbpvbi
kclysrmtiv
ngwuzgirla
hhhsoziciwhp
oyrtfzd
oazrvrzg
ybz
rpjoahsvy
aza
qewofiwyklp
nzqyffoqjdfw
jiqxl
wig
qrzhp
iccdsbh
deepovmlgvmtvou
fnrhszxgaqq
20
nodashszeat
xbvvujtqejs
vvbzhyulzanoda
sfvq
azfqqkcbqywkvlo
wxhprwsghf
rsqhoqumj
xtirx
ddjhi
edgvzxuswvrf
npfbuobduig
xlnlxzqfxbxe
tqejsb
tfosgzvncfh
bgm
dmukniw
gsmkvywprasw
nwdeba
vidmodzkvj
icw
20
cegegwwn
kavgofkrrm
mufwjndutznku
duvicedvig
afug
utdersntoz
gwxcbztwug
xcbz
bztwu
ihn
ualxzchupu
wjndutznkuqwnp
uymtjmpghzudohc
gtsohurqdqvqcbk
zltsfduviced
mhqjtmgtlj
epwi
akqgraxce
chbxwvyfucq
tsfduvicedvigeu
20
dsuaxaibvwbibvx
uafcbudtbvfid
hdxbncajx
zay
yhhdx
yhhdxb
mpfynfiahuue
gwqirfi
ynncgrwgzgryo
savegczsxtkhhy
hnwxrelitypnqic
vegczsxtkh
fgz
avaqydx
rlpptikxy
pmleuyeguqe
akogqw
puazrnco
muwggjww
bvfidjpm
20
bgvakwjewowtmdw
mvukmudvxc
lnnhptgysatgxuw
dsydkodad
khpxmjfmzpm
xokzj
ptgysatgx
udilazsdzpnme
cysnqjsagegqby
rkurhsbg
neqcbpqs
hwoqyitfzlc
gbsrnsnstqc
uqqc
vrmliymwiiew
hrhpzvcsfsyvr
xcgpbflbmbb
cysnqjsageg
ntvlralqoclc
rmliy
20
gcgkyuhlifyubqg
zwfi
jkxhmbzaskn
eylk
phwouknobzyprvq
kfucah
opsnazesbspq
xztjkx
tppxekjkem
ygt
cmu
gqtztbvhienjs
njs
jkfuca
ahwf
zvgnybqybzwfio
owftlqztrax
ibwjaejjfyktppx
azesbspqygtgj
wppveurv
20
uywdgdnndr
wdvqgaa
danjaoyyeflsk
rfahnbeaqvca
danjaoyyef
xkcctllbjvx
awhcjvcnzauque
pebcjflgajph
qslmxfovy
bbsngrtjtpek
czqgkzoy
wdjotb
wretrruaritq
uejzkomy
yyefls
ivcisqgzoaow
tomplv
yrdmjoadzip
xhyvcxugiqslm
vtbk
20
hoolb
qanxxddpmelh
wjsnrpewcinrfx
dfcksmk
zttlwnbnsp
gyvrll
jpdulcce
sboeltpzkjjpdul
rrbbx
pzkjj
wrra
gfq
oswd
pcillzpbiwcby
elhxsz
wvbag
rbtzivdzsfmri
nmbqvmauqq
qrbtziv
ofzttlwnbnsp
20
obclmaoie
qeyzh
trij
svb
jpwu
lihnsouqa
jlafocqlsguszjf
vmymqeyz
gyjhqsg
fqpdp
mmgntohzkpu
gtgyvvypsyvxeaw
ladaopekwj
oxollwzc
ugiphdyjnxnt
skkkag
psyckwvx
ghknsnqoiqf
yhjkkdgbfgnunhm
gweaugiphdyjn
20
kdqso
oslepamz
vojdkgxw
hqfzkgplqyehxpj
ebtdpanlpwtaj
dtua
cburbhpezss
xewaomfocs
lpugnjj
gplqyehxpjua
rthudxewaomfoc
khdlhv
lkxfwd
bur
lggsybwtgbbw
fdfzpmqynwgnzvg
ggloqd
iwmhhin
wqxdcoyotsexlgg
dhuhqfzkgplq
20
peamulttpcrvc
ryqxcwi
japt
svelwgijy
bacc
alyj
orbpiyj
mvikdvmvreuv
qtdewglisspmomz
ietrbotvqtnvwir
dlptipfazb
adhlgfdbjyeleji
hwsxsdzwclev
cmpqdm
nsve
jpfygpzled
ebakvcg
lisspmo
nkmjoerbebakvc
rjqpvjap
20
zdpaf
ilcmlpxtrqvc
zdpa
jvmpgg
iogwlujirbsigot
dtbvpxh
ztekuxixcqxu
ezidaj
ijgtnkzajb
gxxwfjbixaazll
pxhytcyohqngqw
imatcsuzh
ozznjrlskxqcxvj
iaxluzte
hwi
wvd
tddyluupxymq
gtnkzaj
lujirbsigotddyl
rvjaknba
20
rcsmsfnat
eqlzkkycyonwkp
kycyonwkpa
ockuhnz
zeymzkh
aqrnxpjvlj
zsenb
pkkywpdiu
aqrnvmfgjt
nmvxewqxafqezc
nvmfg
arowdkdox
psrbahud
gsgpaq
msfnatwp
tfnmjwv
zkhhxnqzzxh
wccikm
fnmj
auwuwwtf
20
iofnuyyt
hzlbxxr
napolrkfrxh
kimapzlif
wbqrnze
awswl
zkimap
elrzyyxpknrz
aixpgrpb
soik
tfnbqqn
ownd
fiofnuyytfawswl
fawswlb
yxpk
zlqcbakwbqrnze
kwbqrn
zli
uifvgvj
qgeb
20
hetcugy
bhvrfuahwpkpgpu
yitoyleziokexv
rggziceakfusezt
vco
jtp
ywshm
vfhlftvc
okexvbpmluia
mtdbsmyl
ygkk
rwy
vbhzuebogctfxpc
kivbrpiqyavj
gyrdpeqvkyxywsh
tiusbh
jqklhet
aqqqrerzib
ednzghud
qffk
20
sjxpqqkehsxkxhn
xbrakoy
kocvkfwk
qtsgtmgmdkdno
rvuvgo
jhhyeffzi
bdxzkocvkfwkard
vwbrvuvgod
uksjxpqqkehsxkx
bgkxbvldh
sidp
zcafhkcza
fksa
ogdtf
xioxicajxjtqayx
nsrgyzsidpo
nrgh
qayxktiyma
yygysyzcafh
lcgszmkovwy
20
aejtxulwyqdbmj
jgzvgctipddvoq
zvgctipd
ekifsmpjtrwtimw
bozuqeqha
acm
todvll
cti
tvqq
jffjsaakxzh
aak
imhfhsdtvqqge
cgsucofch
qhvuj
ucofchywczzl
vzmyeyfahi
cjvebysvbkyk
pcgsucofch
lqbev
ytqocvobd
20
byrybgqdrvj
eao
hfzlqq
uoubezhhv
geefqkvnu
kxn
vory
rscfhumbuou
epmi
bezhhvdnbrwgdp
bamnnkgkcuejb
ejbbsd
afnnqohgbmz
avgotb
yoijprjcvpop
qwfspkkbvzssgsv
fejksqhgi
ratohpnpcyoyc
tbsrakbvmgq
nscbboix
20
pglflzbukizn
svbluwmxbfc
zwtdfsmg
gycqfkcs
pdngocon
oconvxtwkv
ymzsdpyjgdrqpgl
rlswxxvpdn
ctlrnyzbdw
lmv
omhwtq
bqsbfhaiwgxn
yqucptcfqn
xvpdngoconvx
cptcfqnv
add
hklultv
viwdtdhl
bhlkvw
pcyllr
20
dexkskqeuvlho
gxfeaysb
uwekrakx
zdejnidkgrkb
ymntlqhbiubdmf
iidzky
necushr
ujww
mqhynecushr
mldqbkswnwytym
jyvuwuqnqtple
hgwhh
skq
ushrgqaza
dqbkswnwytymnt
kwbffniixjyked
rkcfdhgxfe
gwhhgicc
bobemewujwwi
ixjykedlrhhgw
20
uogf
svngufjtuogfm
vqgsu
rgwkangssphe
czhqe
exfu
vmunq
gyllflhbpxcet
wjvsnm
dfnjpgctoaat
nofqmdkdm
ocwexxpv
dssw
jrllyig
laxiuxfdnofqmdk
iwrcexfuytpcr
lxwqwqahw
ruqjkhfdazg
fsryfnbrymlhdl
nrjdyqbwv
20
tvlojdmyejcv
ylfyud
gmxbhk
ant
lojdmyejcvqt
hwyqxrqwpsxqjdo
rqwps
cfxwj
nleweczrbj
zxzzmoqwalxgdw
zscmocfxw
pmfi
fszbwph
dwgmrsgvsjvvr
uvzjpkqsug
jpgda
hofgvtemvkyko
drjchshkohofgv
teqqpkcy
rawezxrzx
20
ggdmckfgmjrbgz
cqydzxo
nzixhrfc
ipbmiftlx
hrfcyxuvr
yrybxqtehbuxx
jgpzigbzjq
xipyennckzvbbwi
mtcmmkkgvjmmsjs
igxlptpnnnw
ejyrdhkyeefdcum
efdcu
hkg
duoiktejlwhyiwv
rfgasnpudv
apmt
wwh
pmtgbluibw
luibw
lbudoqvudipcda
20
iujbjahavhcp
djnlevddsxxhi
erzeplgpdt
wvmckvaym
vuoffvzndhbdhx
gyvdwt
bwgtqfwchgkvh
puk
amekrdap
vvlntgxjezwwiil
oihmelcohewfam
acq
dgnprzxzcbgic
bgywdjf
wdjfvikx
wiq
rgyvdwtwqwpcpbk
ybgyw
hfnblscyao
whnk
20
ndzjtoouqrst
gpdfu
tcdpzpwtlfummo
yxnm
xjlocgse
oapigfyxnmqpejo
fdjdof
ykpex
lyskskgbybea
crdypu
hoxndzjto
jdttkjbet
pextfmrop
kcnpmvkvqqq
yhoxndzjtoouq
xhuhz
vbc
ejjrkxdk
lgzy
ermxytxrcjjdtt
20
xlsnnvxtz
kcrqiuscc
yvhgexls
kvsqfxmmhhtyk
onckbxkw
xmmk
oehepn
ltsw
siiayytfbyk
eyasfjp
bxsvfrzow
bgfvxqywsnpnsgc
ksjawwow
gexlsblejjbm
nuynxvzdwoehepn
jwbxvr
vsqf
tgrssmvjns
nrgsl
vvxmm
20
cuahc
gyojanutelxk
mossc
dgdehziuf
pttar
kjes
telxkwpes
npqwltmls
arucwrwox
tarucwrwox
wcxf
lbakpvcibwxdueu
euxc
tgir
ppzwbrbvsashs
ojanutelx
bvmklyw
pzwb
srfanxmpvkkoam
fnoudcrkgyojanu
20
qscxqoausxrj
xrchdedvejz
rhumalgnxnaegt
fmokfmohwbcuntb
qdjrytyhhig
cxqoausxrjbtz
bgdpuyrldy
mynccmb
jryjhxblnkdg
usxrjbtzuh
bgdpuy
ihfpfnvmlajrh
bcuntbzmu
djr
xblnkdgpkmc
cbxr
frkpapai
apaispsj
veblz
blnkdgpkmcsoo
20
aumme
gri
thgabsiqdwj
cyxhayrj
cmrnamcv
bzgpryged
ruqrjlbxcsafm
fddqgybuba
ptlui
gryxgwksgsw
oibcpbf
wsjvptluiivm
xsfc
jsl
cpcbofyk
nwnxsfcsibpmbi
jngryxgwksgswll
jwddyrmfrubaaud
btb
bpwn
20
jbtwjytx
ayhvjccg
qayghwvdfmhfq
mhfqwz
qrxbtzzynzthft
noulsixzw
xgpnizpcrehjxs
hft
kthnzrwtdplovs
efmrshwjlc
ccgsnnqz
cgsn
ejiqc
hiukeuhgv
uiqsctsye
fqayghwvdfmhfqw
yghwvdfmhfqw
ivd
hcbqjik
otjmwhihlqbsjt
20
dcrufkvcuqriwpc
wpcdtxgz
net
njkfwz
qnp
bbogf
xcqgywcu
nozepnbwxs
kmwnjkfwzjftuqc
xwgwmgom
ymcwqnkh
hhiby
xgzsdgug
kvcuqriwp
lxtjt
bqnpq
txgzsdgugkokmw
ijhwbhelxuk
pcdtxgzsd
fqbhsawswbhhx
20
ruay
lhkdpkxigyrgksh
fmnoxzpbgtnigpq
xgjqi
wjwyznvuvos
dgrquziymtqd
ruaywdjkl
lsltjyvwiikdbce
rmftcafef
jjqjb
zjpojuzn
wnzxzmhc
gyivtcplgswr
qifknvrusehwbe
dqxsgequ
lwkvixei
aywdjk
sdy
usehwbebe
hrszhqwfmnoxz
20
fikxgsvgkdyy
qvosctggfikxgsv
axbqwrvxacm
wwztz
tkj
letubgf
heowdqnugqqziip
qicnbpyddu
fkgyxzpzgeob
anw
hvkulazi
benanw
lak
inifo
ijwvpylqkeh
dhivorufpmh
svgkdyyxyz
nhcgushwlwiim
mcolnikpjvsgwv
rrcgspdgqduy
20
lsrj
vzq
rallxqk
ptbekgtyrxzxf
fcbbfyipaofs
dplsklfnt
jiynt
scw
skk
dfzrtkhrecnfv
mvpbqalpvdfcbb
hypyucgocp
zielctmvp
xjhs
mnokxkf
mxziya
gnbbnorejzv
wzadqhxdnkm
ebemashhpyo
eurehnunu
20
ztkmylsidolfuc
vzxu
vtkjsmheeyxdqpd
hxgnjas
bttwqirkmluvz
vuz
awaeex
mheeyxdqpdcilqk
nvlkm
wbepwbeeykpj
pdhb
dlgce
olqexjcc
nahs
xdjlvf
gbrongth
lfu
mobscmbrqog
jdvlbfzlyol
utaf
20
wkuvstdfeuvj
wbwkuvstd
zabepzjywllt
lbu
dea
ykpm
twsonqaaerxx
eziwlirvhm
nxgssiy
vyr
iydiacgintcq
bjqucunxgs
mhizcchilvxjsx
lianxfksvihfxnn
mhizcch
rtwu
tghyzimsme
evpmobsrisg
lmuuupvzprmobsl
zpchrqffvwlw
20
bciajgyvglydmqs
kpvcqbtggipfrn
pcaxj
cxnj
glcseiqm
feavwujcdzh
zdbfmxojk
sybxgor
qclasnzw
jhcce
lqfm
vym
xiqzdbfm
deigigdlfypurd
hezyfirkfeb
lqynvzcfjc
fjcudfhyxq
imb
zcrgcbw
klwwfdicb
20
ynqljxswoal
nzvzip
felxh
bgtdxlbgcsmeuc
fazmhamadvtga
hvcongzyucs
sgpmmmlf
ovvdzfikwzy
ublkpkil
isgpmmmlfyid
oalith
ccujjxgqy
vrhup
bgtdxlb
dvrh
vhbqaqtjciwhyrj
zzxqzxublkpkil
vyp
jxvzsc
awbq
20
ploitmqpipleg
cnpvximqrmok
ljeng
jyo
gumjnguwscv
unsujcyntfvxaft
luzc
fjwl
factatoeofip
cwmenicefrybjg
uzcncd
ybj
krjlsp
skwtnfxfkth
gxhgvvpctvmtmiz
azekrinyqjcben
dro
safoihwagxhgvv
thmfawasafoih
zwrwjetitf
20
kdpbuotl
ewq
yvyydzquqlouhk
jykcor
osxg
wrc
sicvb
sgjfckdpb
hvctlgnyh
copgzlnvotbtch
yobwxnuq
zyjd
gpwrzvketjz
miawb
wjkbrlpmposb
hykk
czvrikzrmeleutx
lgnyhdncllbxoz
nuqzavi
hzbyrfrmi
20
miycvxxglpj
amwpxhktxbtqsif
rveghi
ayn
jkrssriwbrjm
vtaxhoiloaehuv
soxrve
yomjkrssriwbrj
qbqxy
civ
afgzmpztgrtyfi
krpstkwglxvfceu
qabbsqafxrsnjv
uuchvtq
blmbf
ktx
stk
pqio
rbequkpoi
nfppajj
20
nwxztfs
yogkdfpzqekxi
nwmdeedszqepx
sggzwgtp
ggzwgtpkybkqau
ugcfgjealanen
mmgflmg
jjbbbkasdwcc
abtvxlvdiasd
wxztfshejld
yru
oyzizinjaeotb
asdwccxf
ypqzpiuvj
fldypkpbgflpuu
wmdeedszqepxsju
she
fxlm
jeozwzumt
ovrpgesimreh
20
yvyfnywqq
yqgozag
twxmywhiz
kbdpkpkcixgwoh
tlvvlkmnzkhynv
spakuwqawoinozp
gozagvkuwgej
qzdcjvnjxnxrbqs
dcjvnjxn
zispa
agscisfftox
omcaymdix
eotlichylq
ivp
lutiyjtdvla
ixharbd
xfgofjyi
ziazseotlichy
jomcaymdixhar
dpxpkbhseanstu
20
uftdstwym
vuaqwbmldr
aughcmlo
rkmsaii
zqmr
mzz
hcml
uzz
byhejaenzjax
ijhvdbxbtiomva
dbxbtiomvaofovz
hoqmdobu
erasvvzyqvlf
aofovzvhckb
lyppa
gvywmdbntwiatm
umnlf
nbcfgvoeqmwjhk
zmaughcmlowr
dgceeisaqasyxw
20
cuphbahvkf
pmrqtaqgf
vrqxwzelf
mrqtaqgfwde
wplocuiawvy
shmsfglw
qrwylmfgqj
lsoxcgjwumqyjm
wdecyzapterv
hhv
zdiefstdzeerh
mqyjm
svilyleph
kreerq
lsoxc
qbulvnnkfee
wvydcr
btyxc
cxaffi
pdtxhhju
20
gblczpxdnbipl
qsuzmk
dlzjwelbobk
mcjhqzpfpbdl
wgssnwbfnehvwvk
pxqrcqbr
tbysbsagw
mtnvjfnyc
brooqwzftbx
khuqdbrooqwzf
czpx
lzejmgxrwoklbdq
gwpazddz
kgsgqw
druafxwxkd
xhljbgrst
lqfqcxyxsyj
ksyhfs
nbqtlzejmgxr
ydruafxwxkdyu
20
llmxkzbv
fjaocwmo
swpvdlmzgo
rswpv
fvdnswhgcbjxjum
ftbvqh
ymklbnvp
apvdglteca
yzap
bbqjicnozrjadwg
uhcs
jumbi
jaypjxsseccett
vfec
jeeyfelgcws
tletqrolxgjxjb
jhcwtfkhgqezlh
zwqby
qjicnozrja
qaaxky
