1: 0
2: 11
3: 8
4: 2
5: 0
6: 0
7: 6
8: 0
9: 2
10: 2
11: 0
12: 3
13: 7
14: 3
15: 5
16: 0
17: 0
18: 9
19: 8
20: 7
21: 7
22: 5
23: 0
24: 0
25: 2
26: 12
27: 0
28: 7
29: 0
30: 0
31: 0
32: 8
33: 7
34: 0
35: 9
36: 9
37: 3
38: 0
39: 0
40: 0
41: 7
42: 2
43: 3
44: 3
45: 0
46: 2
47: 8
48: 8
49: 0
50: 0
51: 2
52: 0
53: 0
54: 4
55: 0
56: 6
57: 0
58: 11
59: 6
60: 4
61: 9
62: 10
63: 2
64: 2
65: 8
66: 2
67: 0
68: 0
69: 0
70: 4
71: 0
72: 6
73: 9
74: 0
75: 6
76: 7
77: 6
78: 12
79: 5
80: 0
81: 0
82: 4
83: 11
84: 0
85: 0
86: 5
87: 7
