1: 7
2: 7
3: 7
4: 10
5: 3
6: 13
7: 2
8: 10
9: 4
10: 10
11: 7
12: 10
13: 14
14: 7
15: 12
16: 9
17: 13
18: 9
19: 8
20: 12
21: 4
22: 10
23: 7
24: 9
25: 10
26: 6
27: 12
28: 4
29: 11
30: 15
31: 6
32: 8
33: 5
34: 8
35: 6
36: 8
37: 9
38: 9
39: 6
40: 5
41: 15
42: 8
43: 8
44: 10
45: 6
46: 13
47: 4
48: 6
49: 9
50: 2
51: 8
52: 3
53: 8
54: 10
55: 4
56: 4
57: 12
58: 13
59: 11
60: 10
61: 10
62: 3
63: 9
64: 13
65: 10
66: 8
67: 8
68: 7
69: 8
70: 9
71: 7
72: 7
73: 12
74: 2
75: 11
76: 9
77: 3
78: 9
79: 7
80: 9
81: 4
82: 13
83: 9
84: 3
85: 3
86: 8
87: 5
88: 9
89: 5
90: 11
91: 5
92: 11
93: 7
94: 8
95: 6
96: 2
97: 8
98: 5
99: 5
100: 7
