1: 8
2: 15
3: 10
4: 6
5: 7
6: 9
7: 11
8: 12
9: 5
10: 7
11: 12
12: 11
13: 8
14: 7
15: 5
16: 6
17: 7
18: 7
19: 7
20: 6
21: 14
22: 10
23: 9
24: 5
25: 8
26: 9
27: 6
28: 11
29: 8
30: 10
31: 6
32: 9
33: 0
34: 9
35: 9
36: 15
37: 10
38: 6
39: 9
40: 11
41: 6
42: 6
43: 4
44: 6
45: 2
46: 13
47: 10
48: 6
49: 20
50: 3
51: 7
52: 8
53: 6
54: 12
55: 9
56: 6
57: 4
58: 7
59: 7
60: 11
61: 7
62: 6
63: 6
64: 11
65: 13
66: 8
67: 5
68: 8
69: 10
70: 10
71: 10
72: 12
73: 11
74: 8
75: 9
76: 0
77: 7
78: 10
79: 12
80: 6
81: 6
82: 12
83: 8
84: 10
85: 11
86: 12
87: 5
88: 8
89: 6
90: 9
91: 9
92: 9
93: 10
94: 9
95: 8
96: 17
97: 7
98: 6
99: 11
100: 10
