1: 35
2: 24
3: 20
4: 23
5: 15
6: 28
7: 34
8: 22
9: 63
10: 13
11: 23
12: 15
13: 42
14: 25
15: 47
16: 21
17: 20
18: 22
19: 18
20: 25
21: 15
22: 22
23: 35
24: 22
25: 33
26: 13
27: 22
28: 13
29: 17
30: 39
31: 57
32: 15
33: 22
34: 29
35: 46
36: 33
37: 27
38: 22
39: 19
40: 34
41: 28
42: 17
43: 21
44: 23
45: 23
46: 37
47: 29
48: 27
49: 16
50: 20
51: 38
52: 13
53: 29
54: 15
55: 18
56: 30
57: 30
58: 15
59: 20
60: 38
61: 43
62: 49
63: 36
64: 19
65: 16
66: 28
67: 23
68: 24
69: 21
70: 17
71: 22
72: 33
73: 53
74: 23
75: 33
76: 33
77: 15
78: 37
79: 13
80: 30
81: 30
82: 20
83: 22
84: 20
85: 47
86: 15
87: 30
88: 22
89: 38
90: 20
91: 33
92: 20
93: 20
94: 23
95: 29
96: 77
97: 21
98: 23
99: 30
100: 38
