1: 23
2: 24
3: 28
4: 17
5: 27
6: 36
7: 16
8: 22
9: 21
10: 24
11: 27
12: 25
13: 53
14: 17
15: 23
16: 23
17: 13
18: 22
19: 37
20: 25
21: 33
22: 25
23: 20
24: 26
25: 27
26: 26
27: 39
28: 26
29: 34
30: 15
31: 29
32: 64
33: 41
34: 23
35: 21
36: 14
37: 29
38: 34
39: 26
40: 41
41: 13
42: 32
43: 21
44: 20
45: 15
46: 27
47: 24
48: 22
49: 41
50: 18
51: 20
52: 22
53: 24
54: 25
55: 17
56: 35
57: 14
58: 27
59: 23
60: 15
61: 22
62: 34
63: 23
64: 14
65: 31
66: 26
67: 28
68: 18
69: 14
70: 32
71: 37
72: 23
73: 29
74: 27
75: 30
76: 16
77: 26
78: 32
79: 36
80: 29
81: 15
82: 14
83: 15
84: 29
85: 25
86: 35
87: 15
88: 18
89: 30
90: 23
91: 25
92: 18
93: 37
94: 21
95: 31
96: 28
97: 26
98: 36
99: 15
100: 16
