1: 24
2: 30
3: 28
4: 31
5: 22
6: 29
7: 19
8: 61
9: 23
10: 39
11: 24
12: 38
13: 46
14: 25
15: 19
16: 24
17: 34
18: 13
19: 28
20: 26
21: 34
22: 32
23: 34
24: 23
25: 28
26: 13
27: 20
28: 21
29: 21
30: 17
31: 31
32: 35
33: 31
34: 67
35: 21
36: 15
37: 13
38: 26
39: 22
40: 26
41: 21
42: 41
43: 35
44: 40
45: 19
46: 34
47: 44
48: 14
49: 15
50: 25
51: 13
52: 22
53: 18
54: 26
55: 35
56: 35
57: 26
58: 33
59: 25
60: 63
61: 20
62: 14
63: 22
64: 26
65: 21
66: 51
67: 28
68: 23
69: 34
70: 25
71: 26
72: 27
73: 38
74: 32
75: 33
76: 17
77: 43
78: 20
79: 21
80: 24
81: 27
82: 23
83: 20
84: 32
85: 30
86: 20
87: 22
88: 33
89: 14
90: 27
91: 18
92: 32
93: 20
94: 29
95: 30
96: 24
97: 16
98: 15
99: 15
100: 31
