1: 22
2: 58
3: 21
4: 29
5: 15
6: 26
7: 34
8: 32
9: 13
10: 21
11: 35
12: 18
13: 39
14: 42
15: 54
16: 28
17: 30
18: 21
19: 28
20: 13
21: 17
22: 23
23: 32
24: 13
25: 25
26: 23
27: 30
28: 37
29: 58
30: 23
31: 13
32: 32
33: 14
34: 30
35: 34
36: 33
37: 29
38: 10
39: 13
40: 34
41: 17
42: 13
43: 46
44: 26
45: 23
46: 14
47: 17
48: 24
49: 28
50: 25
51: 16
52: 22
53: 12
54: 32
55: 13
56: 25
57: 33
58: 27
59: 27
60: 15
61: 20
62: 39
63: 30
64: 13
65: 15
66: 22
67: 17
68: 14
69: 29
70: 24
71: 24
72: 18
73: 28
74: 18
75: 14
76: 40
77: 23
78: 14
79: 30
80: 17
81: 35
82: 36
83: 36
84: 45
85: 15
86: 30
87: 13
88: 24
89: 31
90: 22
91: 14
92: 24
93: 25
94: 24
95: 28
96: 13
97: 26
98: 15
99: 14
100: 27
