1: 36
2: 17
3: 34
4: 21
5: 21
6: 12
7: 15
8: 14
9: 34
10: 13
11: 17
12: 35
13: 40
14: 22
15: 25
16: 20
17: 33
18: 13
19: 15
20: 35
21: 13
22: 32
23: 37
24: 21
25: 18
26: 14
27: 34
28: 26
29: 15
30: 21
31: 35
32: 21
33: 16
34: 24
35: 21
36: 24
37: 22
38: 12
39: 18
40: 12
41: 21
42: 23
43: 48
44: 26
45: 24
46: 23
47: 25
48: 15
49: 23
50: 27
51: 26
52: 15
53: 24
54: 36
55: 27
56: 21
57: 15
58: 15
59: 15
60: 18
61: 23
62: 49
63: 35
64: 35
65: 16
66: 18
67: 18
68: 46
69: 36
70: 25
71: 28
72: 29
73: 32
74: 13
75: 30
76: 25
77: 15
78: 37
79: 36
80: 36
81: 24
82: 18
83: 34
84: 20
85: 15
86: 50
87: 14
88: 21
89: 25
90: 41
91: 14
92: 23
93: 20
94: 26
95: 26
96: 25
97: 16
98: 36
99: 20
100: 21
