1: 1400
2: 1370
3: 730
4: 1098
5: 1222
6: 1012
7: 962
8: 782
9: 404
10: 476
11: 654
12: 1278
13: 284
14: 1036
15: 552
16: 736
17: 518
18: 1258
19: 964
20: 652
21: 1166
22: 1028
23: 1016
24: 262
25: 922
26: 144
27: 1256
28: 1430
29: 1024
30: 504
31: 752
32: 386
33: 1256
34: 718
35: 782
36: 1116
37: 600
38: 762
39: 544
40: 1466
41: 1260
42: 1488
43: 998
44: 1000
45: 946
46: 1242
47: 752
48: 1202
49: 1234
50: 1486
51: 1320
52: 590
53: 722
54: 514
55: 1246
56: 1310
57: 492
58: 690
59: 298
60: 1272
61: 738
62: 1482
63: 956
64: 1298
65: 1216
66: 810
67: 920
68: 1412
69: 1366
70: 608
71: 206
72: 1010
73: 664
74: 690
75: 1144
76: 226
77: 1142
78: 1478
79: 486
80: 428
81: 438
82: 672
83: 704
84: 808
85: 746
86: 1486
87: 710
88: 982
89: 162
90: 1010
91: 930
92: 1014
93: 956
94: 864
95: 1180
96: 692
97: 970
98: 602
99: 1090
100: 346
